                :-) GROMACS - gmx mdrun, 2026.0-conda_forge (-:

Copyright 1991-2026 The GROMACS Authors.
GROMACS is free software; you can redistribute it and/or modify it
under the terms of the GNU Lesser General Public License
as published by the Free Software Foundation; either version 2.1
of the License, or (at your option) any later version.

                         Current GROMACS contributors:
       Mark Abraham           Andrey Alekseenko           Brian Andrews       
        Paul Bauer              Cathrine Bergh              Hugh Bird         
      Eliane Briand               Ania Brown                Yiqi Chen         
      Mahesh Doijade            Giacomo Fiorin          Stefan Fleischmann    
      Sergey Gorelov         Gilles Gouaillardet            Alan Gray         
   Farzaneh Jalalypour         Petter Johansson          Carsten Kutzner      
    Grzegorz Łazarski         Justin A. Lemkul          Magnus Lundborg      
        Julio Maia               Pascal Merz             Vedran Miletić      
      Dmitry Morozov           Lukas Müllender           Szilárd Páll      
 Andrea Pasquadibisceglie     Michele Pellegrino         Nicola Piasentin     
     Daniele Rapetti         Muhammad Umair Sadiq         Hubert Santuz       
      Michael Shirts           Tatiana Shugaeva          Alexey Shvetsov      
     Bálint Soproni            Philip Turner            Alessandra Villa     
        Yang Zhang        

                         Previous GROMACS contributors:
        Emile Apol             Rossen Apostolov           James Barnett       
      Vladimir Basov        Herman J.C. Berendsen          Par Bjelkmar       
      Christian Blau          Viacheslav Bolnykh            Kevin Boyd        
    Aldert van Buuren          Carlo Camilloni           Rudi van Drunen      
      Anton Feenstra           Oliver Fleetwood            Vytas Gapsys       
       Gaurav Garg             Gerrit Groenhof            Bert de Groot       
      Anca Hamuraru           Vincent Hindriksen          Victor Holanda      
     M. Eric Irrgang           Aleksei Iupinov              Joe Jordan        
    Christoph Junghans        Prashanth Kanduri        Dimitrios Karkoulis    
       Peter Kasson             Sebastian Kehl           Sebastian Keller     
        Jiri Kraus               Per Larsson              Viveca Lindahl      
      Erik Marklund           Pieter Meulenhoff           Teemu Murtola       
       Julien Nabet              Sander Pronk             Roland Schulz       
      Alfons Sijbers         David van der Spoel          Peter Tieleman      
      Carsten Uphoff             Jon Vincent             Teemu Virolainen     
    Christian Wennberg     Sebastian Wingbermühle         Maarten Wolf       
      Artem Zhmurov       

                  Coordinated by the GROMACS project leaders:
                           Berk Hess and Erik Lindahl

GROMACS:      gmx mdrun, version 2026.0-conda_forge
Executable:   /home/apxpulido/miniconda3/envs/md_core/bin.AVX2_256/gmx
Data prefix:  /home/apxpulido/miniconda3/envs/md_core
Working dir:  /mnt/c/Users/apxpu/OneDrive/Desktop/MD2
Process ID:   2648
Command line:
  gmx mdrun -deffnm md

GROMACS version:     2026.0-conda_forge
Precision:           mixed
Memory model:        64 bit
MPI library:         thread_mpi
MPI version:         built in
OpenMP support:      enabled (GMX_OPENMP_MAX_THREADS = 128)
GPU support:         OpenCL
NBNxM GPU setup:     super-cluster 2x2x2 / cluster 8 (cluster-pair splitting on)
SIMD instructions:   AVX2_256
CPU FFT library:     fftw-3.3.10-sse2-avx
GPU FFT library:     clFFT
Multi-GPU FFT:       none
RDTSCP:              disabled
TNG support:         enabled
Hwloc support:       disabled
Tracing support:     disabled
Colvars support:     enabled (version 2025-10-13)
CP2K support:        disabled
Torch support:       disabled
Plumed support:      enabled
C compiler:          /home/conda/feedstock_root/build_artifacts/gromacs_1770909732141/_build_env/bin/x86_64-conda-linux-gnu-cc GNU 14.3.0
C compiler flags:    -fexcess-precision=fast -funroll-all-loops -mavx2 -mfma -Wno-missing-field-initializers -O3 -DNDEBUG
C++ compiler:        /home/conda/feedstock_root/build_artifacts/gromacs_1770909732141/_build_env/bin/x86_64-conda-linux-gnu-c++ GNU 14.3.0
C++ compiler flags:  -fexcess-precision=fast -funroll-all-loops -mavx2 -mfma -Wno-missing-field-initializers -Wno-stringop-truncation -Wno-cast-function-type-strict SHELL:-fopenmp -O3 -DNDEBUG
BLAS library:        Internal
LAPACK library:      Internal
OpenCL include dir:  /home/apxpulido/miniconda3/envs/md_core/include
OpenCL library:      /home/apxpulido/miniconda3/envs/md_core/lib/libOpenCL.so
OpenCL version:      3.0


Running on 1 node with total 6 cores, 12 processing units (GPU detection failed: No valid OpenCL driver found)
Hardware detected on host DESKTOP-PDNJ7VN:
  CPU info:
    Vendor: AMD
    Brand:  AMD Ryzen AI 5 340 w/ Radeon 840M              
    Family: 26   Model: 96   Stepping: 0
    Features: aes amd apic avx avx2 avx512f avx512cd avx512bw avx512vl avx512bf16 avx512secondFMA clfsh cmov cx8 cx16 f16c fma htt lahf misalignsse mmx msr nonstop_tsc pclmuldq pdpe1gb popcnt pse rdrnd rdtscp sha sse2 sse3 sse4a sse4.1 sse4.2 ssse3
  Hardware topology: Basic
    Packages, cores, and logical processors:
    [indices refer to OS logical processors]
      Package  0: [   0   1] [   2   3] [   4   5] [   6   7] [   8   9] [  10  11]
    CPU limit set by OS: -1   Recommended max number of threads: 12

Likely fastest SIMD instructions supported by all nodes: AVX_512
SIMD instructions selected at compile time:              AVX2_256
On non-Intel hardware supporting AVX-512, you might gain a few percent
performance by recompiling to use it, at least for CPU-only runs.

The current CPU can measure timings more accurately than the code in
gmx mdrun was configured to use. This might affect your simulation
speed as accurate timings are needed for load-balancing.
Please consider rebuilding gmx mdrun with the GMX_USE_RDTSCP=ON CMake option.

++++ PLEASE READ AND CITE THE FOLLOWING REFERENCE ++++
M. J. Abraham, T. Murtola, R. Schulz, S. Páll, J. C. Smith, B. Hess, E.
Lindahl
GROMACS: High performance molecular simulations through multi-level
parallelism from laptops to supercomputers
SoftwareX (2015)
https://doi.org/10.1016/j.softx.2015.06.001
-------- -------- --- Thank You --- -------- --------


++++ PLEASE READ AND CITE THE FOLLOWING REFERENCE ++++
S. Páll, M. J. Abraham, C. Kutzner, B. Hess, E. Lindahl
Tackling Exascale Software Challenges in Molecular Dynamics Simulations with
GROMACS
In S. Markidis & E. Laure (Eds.), Solving Software Challenges for Exascale (2015)
https://doi.org/10.1007/978-3-319-15976-8_1
-------- -------- --- Thank You --- -------- --------


++++ PLEASE READ AND CITE THE FOLLOWING REFERENCE ++++
S. Pronk, S. Páll, R. Schulz, P. Larsson, P. Bjelkmar, R. Apostolov, M. R.
Shirts, J. C. Smith, P. M. Kasson, D. van der Spoel, B. Hess, E. Lindahl
GROMACS 4.5: a high-throughput and highly parallel open source molecular
simulation toolkit
Bioinformatics (2013)
https://doi.org/10.1093/bioinformatics/btt055
-------- -------- --- Thank You --- -------- --------


++++ PLEASE READ AND CITE THE FOLLOWING REFERENCE ++++
B. Hess, C. Kutzner, D. van der Spoel, E. Lindahl
GROMACS 4: Algorithms for highly efficient, load-balanced, and scalable
molecular simulation
J. Chem. Theory Comput. (2008)
https://doi.org/10.1021/ct700301q
-------- -------- --- Thank You --- -------- --------


++++ PLEASE READ AND CITE THE FOLLOWING REFERENCE ++++
D. van der Spoel, E. Lindahl, B. Hess, G. Groenhof, A. E. Mark, H. J. C.
Berendsen
GROMACS: Fast, Flexible and Free
J. Comp. Chem. (2005)
https://doi.org/10.1002/jcc.20291
-------- -------- --- Thank You --- -------- --------


++++ PLEASE READ AND CITE THE FOLLOWING REFERENCE ++++
E. Lindahl, B. Hess, D. van der Spoel
GROMACS 3.0: A package for molecular simulation and trajectory analysis
J. Mol. Mod. (2001)
https://doi.org/10.1007/s008940100045
-------- -------- --- Thank You --- -------- --------


++++ PLEASE READ AND CITE THE FOLLOWING REFERENCE ++++
H. J. C. Berendsen, D. van der Spoel and R. van Drunen
GROMACS: A message-passing parallel molecular dynamics implementation
Comp. Phys. Comm. (1995)
https://doi.org/10.1016/0010-4655(95)00042-E
-------- -------- --- Thank You --- -------- --------

Input Parameters:
   integrator                     = md
   tinit                          = 0
   dt                             = 0.002
   nsteps                         = 500000
   init-step                      = 0
   simulation-part                = 1
   mts                            = false
   mass-repartition-factor        = 1
   comm-mode                      = Linear
   nstcomm                        = 100
   bd-fric                        = 0
   ld-seed                        = 1342164473
   emtol                          = 10
   emstep                         = 0.01
   niter                          = 20
   fcstep                         = 0
   nstcgsteep                     = 1000
   nbfgscorr                      = 10
   rtpi                           = 0.05
   nstxout                        = 0
   nstvout                        = 0
   nstfout                        = 0
   nstlog                         = 5000
   nstcalcenergy                  = 100
   nstenergy                      = 5000
   nstxout-compressed             = 5000
   compressed-x-precision         = 1000
   cutoff-scheme                  = Verlet
   nstlist                        = 10
   pbc                            = xyz
   periodic-molecules             = false
   verlet-buffer-tolerance        = 0.005
   verlet-buffer-pressure-tolerance = 0.5
   rlist                          = 1.2
   coulombtype                    = PME
   coulomb-modifier               = Potential-shift
   rcoulomb-switch                = 0
   rcoulomb                       = 1.2
   epsilon-r                      = 1
   epsilon-rf                     = inf
   vdw-type                       = Cut-off
   vdw-modifier                   = Force-switch
   rvdw-switch                    = 1
   rvdw                           = 1.2
   DispCorr                       = No
   table-extension                = 1
   fourierspacing                 = 0.16
   fourier-nx                     = 60
   fourier-ny                     = 60
   fourier-nz                     = 60
   pme-order                      = 4
   ewald-rtol                     = 1e-05
   ewald-rtol-lj                  = 0.001
   lj-pme-comb-rule               = Geometric
   ewald-geometry                 = 3d
   epsilon-surface                = 0
   ensemble-temperature-setting   = constant
   ensemble-temperature           = 310
   tcoupl                         = V-rescale
   nsttcouple                     = 100
   nh-chain-length                = 0
   print-nose-hoover-chain-variables = false
   pcoupl                         = C-rescale
   pcoupltype                     = Isotropic
   nstpcouple                     = 100
   tau-p                          = 5
   compressibility (3x3):
      compressibility[    0]={ 4.50000e-05,  0.00000e+00,  0.00000e+00}
      compressibility[    1]={ 0.00000e+00,  4.50000e-05,  0.00000e+00}
      compressibility[    2]={ 0.00000e+00,  0.00000e+00,  4.50000e-05}
   ref-p (3x3):
      ref-p[    0]={ 1.00000e+00,  0.00000e+00,  0.00000e+00}
      ref-p[    1]={ 0.00000e+00,  1.00000e+00,  0.00000e+00}
      ref-p[    2]={ 0.00000e+00,  0.00000e+00,  1.00000e+00}
   refcoord-scaling               = No
   posres-com: not available
   posres-comB: not available
   QMMM                           = false
qm-opts:
   ngQM                           = 0
   constraint-algorithm           = Lincs
   continuation                   = true
   Shake-SOR                      = false
   shake-tol                      = 0.0001
   lincs-order                    = 4
   lincs-iter                     = 1
   lincs-warnangle                = 30
   nwall                          = 0
   wall-type                      = 9-3
   wall-r-linpot                  = -1
   wall-atomtype[0]               = -1
   wall-atomtype[1]               = -1
   wall-density[0]                = 0
   wall-density[1]                = 0
   wall-ewald-zfac                = 3
   pull                           = false
   awh                            = false
   rotation                       = false
   interactiveMD                  = false
   disre                          = No
   disre-weighting                = Conservative
   disre-mixed                    = false
   dr-fc                          = 1000
   dr-tau                         = 0
   nstdisreout                    = 100
   orire-fc                       = 0
   orire-tau                      = 0
   nstorireout                    = 100
   free-energy                    = no
   cos-acceleration               = 0
   deform (3x3):
      deform[    0]={ 0.00000e+00,  0.00000e+00,  0.00000e+00}
      deform[    1]={ 0.00000e+00,  0.00000e+00,  0.00000e+00}
      deform[    2]={ 0.00000e+00,  0.00000e+00,  0.00000e+00}
   simulated-tempering            = false
   swapcoords                     = no
   userint1                       = 0
   userint2                       = 0
   userint3                       = 0
   userint4                       = 0
   userreal1                      = 0
   userreal2                      = 0
   userreal3                      = 0
   userreal4                      = 0
   applied-forces:
     electric-field:
       x:
         E0                       = 0
         omega                    = 0
         t0                       = 0
         sigma                    = 0
       y:
         E0                       = 0
         omega                    = 0
         t0                       = 0
         sigma                    = 0
       z:
         E0                       = 0
         omega                    = 0
         t0                       = 0
         sigma                    = 0
     density-guided-simulation:
       active                     = false
       group                      = protein
       similarity-measure         = inner-product
       atom-spreading-weight      = unity
       force-constant             = 1e+09
       gaussian-transform-spreading-width = 0.2
       gaussian-transform-spreading-range-in-multiples-of-width = 4
       reference-density-filename = reference.mrc
       nst                        = 1
       normalize-densities        = true
       adaptive-force-scaling     = false
       adaptive-force-scaling-time-constant = 4
       shift-vector               = 
       transformation-matrix      = 
     qmmm-cp2k:
       active                     = false
       qmgroup                    = System
       qmmethod                   = PBE
       qmfilenames                = 
       qmcharge                   = 0
       qmmultiplicity             = 1
     colvars:
       active                     = false
       configfile                 = 
       seed                       = -1
     nnpot:
       active                     = false
       modelfile                  = model.pt
       input-group                = System
       link-type                  = H
       link-distance              = 0.1
       pair-cutoff                = 0
       embedding                  = mechanical
       nnp-charge                 = 0
       model-input1               = 
       model-input2               = 
       model-input3               = 
       model-input4               = 
       model-input5               = 
       model-input6               = 
       model-input7               = 
       model-input8               = 
       model-input9               = 
   fast-multipole-method:
     fmm:
       backend                    = inactive
       exafmm-order               = 6
       exafmm-direct-range        = 2
       exafmm-direct-provider     = GROMACS
       exafmm-tree-type           = uniform
       exafmm-tree-depth          = 0
       exafmm-max-particles-per-cell = 0
       fmsolvr-order              = 8
       fmsolvr-direct-range       = 1
       fmsolvr-direct-provider    = FMM
       fmsolvr-dipole-compensation = true
       fmsolvr-tree-depth         = 3
       fmsolvr-sparse             = false
grpopts:
   nrdf:      150570
   ref-t:         310
   tau-t:           1
annealing:          No
annealing-npoints:           0
   acc:	           0           0           0
   nfreeze:           N           N           N
   energygrp-flags[  0]: 0

Changing nstlist from 10 to 80, rlist from 1.2 to 1.324


Update groups can not be used for this system because atoms that are (in)directly constrained together are interdispersed with other atoms

Initializing Domain Decomposition on 1 ranks
Dynamic load balancing: auto
Minimum cell size due to atom displacement: 0.645 nm
Initial maximum distances in bonded interactions:
    two-body bonded interactions: 0.431 nm, LJ-14, atoms 1248 1256
  multi-body bonded interactions: 0.501 nm, CMAP Dih., atoms 3139 3148
Minimum cell size due to bonded interactions: 0.552 nm
Maximum distance for 5 constraints, at 120 deg. angles, all-trans: 0.222 nm
Estimated maximum distance required for P-LINCS: 0.222 nm
Using 0 separate PME ranks because: there are too few total ranks for efficient splitting
Optimizing the DD grid for 1 cells with a minimum initial size of 0.645 nm
The maximum allowed number of cells is: X 13 Y 13 Z 13
Domain decomposition grid 1 x 1 x 1, separate PME ranks 0
PME domain decomposition: 1 x 1 x 1

The initial number of communication pulses is:
The initial domain decomposition cell size is:

The maximum allowed distance for atoms involved in interactions is:
                 non-bonded interactions           1.324 nm
(the following are initial values, they could change due to box deformation)
            two-body bonded interactions  (-rdd)   1.324 nm
          multi-body bonded interactions  (-rdd)   1.324 nm
  atoms separated by up to 5 constraints  (-rcon)  9.022 nm

When dynamic load balancing gets turned on, these settings will change to:
The maximum number of communication pulses is:
The minimum size for domain decomposition cells is 1.324 nm
The requested allowed shrink of DD cells (option -dds) is: 0.80
The allowed shrink of domain decomposition cells is:
The maximum allowed distance for atoms involved in interactions is:
                 non-bonded interactions           1.324 nm
            two-body bonded interactions  (-rdd)   1.324 nm
          multi-body bonded interactions  (-rdd)   1.324 nm
  atoms separated by up to 5 constraints  (-rcon)  1.324 nm

Local state does not use filler particles

Using 1 MPI thread
Using 12 OpenMP threads 

System total charge: -0.050
Will do PME sum in reciprocal space for electrostatic interactions.

++++ PLEASE READ AND CITE THE FOLLOWING REFERENCE ++++
U. Essmann, L. Perera, M. L. Berkowitz, T. Darden, H. Lee, L. G. Pedersen 
A smooth particle mesh Ewald method
J. Chem. Phys. (1995)
https://doi.org/10.1063/1.470117
-------- -------- --- Thank You --- -------- --------

Using a Gaussian width (1/beta) of 0.384195 nm for Ewald
Potential shift: LJ r^-12: -2.648e-01 r^-6: -5.349e-01, Ewald -8.333e-06
Initialized non-bonded Coulomb Ewald tables, spacing: 1.02e-03 size: 1176

Generated table with 1162 data points for 1-4 COUL.
Tabscale = 500 points/nm
Generated table with 1162 data points for 1-4 LJ6.
Tabscale = 500 points/nm
Generated table with 1162 data points for 1-4 LJ12.
Tabscale = 500 points/nm


Using SIMD4xM 4x8 nonbonded short-range kernels

Using a dual 4x8 pair-list setup updated with dynamic pruning:
  outer list: updated every 80 steps, buffer 0.124 nm, rlist 1.324 nm
  inner list: updated every 12 steps, buffer 0.000 nm, rlist 1.200 nm
At tolerance 0.005 kJ/mol/ps per atom, equivalent classical 1x1 list would be:
  outer list: updated every 80 steps, buffer 0.268 nm, rlist 1.468 nm
  inner list: updated every 12 steps, buffer 0.047 nm, rlist 1.247 nm

The average pressure is off by at most 0.19 bar due to missing LJ interactions

Linking all bonded interactions to atoms


Pinning threads with an auto-selected logical cpu stride of 1

Initializing Parallel LINear Constraint Solver

++++ PLEASE READ AND CITE THE FOLLOWING REFERENCE ++++
B. Hess
P-LINCS: A Parallel Linear Constraint Solver for molecular simulation
J. Chem. Theory Comput. (2008)
https://doi.org/10.1021/ct700200b
-------- -------- --- Thank You --- -------- --------

The number of constraints is 2280
There are constraints between atoms in different decomposition domains,
will communicate selected coordinates each lincs iteration

++++ PLEASE READ AND CITE THE FOLLOWING REFERENCE ++++
S. Miyamoto, P. A. Kollman
SETTLE: An Analytical Version of the SHAKE and RATTLE Algorithms for Rigid
Water Models
J. Comp. Chem. (1992)
https://doi.org/10.1002/jcc.540130805
-------- -------- --- Thank You --- -------- --------


++++ PLEASE READ AND CITE THE FOLLOWING REFERENCE ++++
G. Bussi, D. Donadio, M. Parrinello
Canonical sampling through velocity rescaling
J. Chem. Phys. (2007)
https://doi.org/10.1063/1.2408420
-------- -------- --- Thank You --- -------- --------


++++ PLEASE READ AND CITE THE FOLLOWING REFERENCE ++++
M. Bernetti, G. Bussi
Pressure control using stochastic cell rescaling
J. Chem. Phys. (2020)
https://doi.org/10.1063/5.0020514
-------- -------- --- Thank You --- -------- --------

There are: 74137 Atoms
Atom distribution over 1 domains: av 74137 stddev 0 min 74137 max 74137
Center of mass motion removal mode is Linear
We have the following groups for center of mass motion removal:
  0:  rest

Started mdrun on rank 0 Fri Apr 24 20:31:45 2026

           Step           Time
              0        0.00000

   Energies (kJ/mol)
           Bond            U-B    Proper Dih.  Improper Dih.      CMAP Dih.
    3.75792e+03    1.07240e+04    1.14020e+04    7.59132e+02   -6.32008e+02
          LJ-14     Coulomb-14        LJ (SR)   Coulomb (SR)   Coul. recip.
    3.10361e+03    6.11596e+04    9.31197e+04   -1.15701e+06    3.75659e+03
      Potential    Kinetic En.   Total Energy  Conserved En.    Temperature
   -9.69859e+05    1.94186e+05   -7.75672e+05   -7.75729e+05    3.10224e+02
 Pressure (bar)   Constr. rmsd
    1.15477e+02    3.21172e-06

           Step           Time
           5000       10.00000

   Energies (kJ/mol)
           Bond            U-B    Proper Dih.  Improper Dih.      CMAP Dih.
    3.77349e+03    1.09451e+04    1.14596e+04    7.11486e+02   -7.43970e+02
          LJ-14     Coulomb-14        LJ (SR)   Coulomb (SR)   Coul. recip.
    3.10332e+03    6.06739e+04    9.29057e+04   -1.15495e+06    3.55102e+03
      Potential    Kinetic En.   Total Energy  Conserved En.    Temperature
   -9.68568e+05    1.93621e+05   -7.74947e+05   -7.75899e+05    3.09322e+02
 Pressure (bar)   Constr. rmsd
    4.11775e+01    3.35612e-06

           Step           Time
          10000       20.00000

   Energies (kJ/mol)
           Bond            U-B    Proper Dih.  Improper Dih.      CMAP Dih.
    3.98062e+03    1.05026e+04    1.13467e+04    7.41448e+02   -7.28159e+02
          LJ-14     Coulomb-14        LJ (SR)   Coulomb (SR)   Coul. recip.
    3.05686e+03    6.09960e+04    9.19525e+04   -1.15318e+06    3.62330e+03
      Potential    Kinetic En.   Total Energy  Conserved En.    Temperature
   -9.67703e+05    1.94470e+05   -7.73233e+05   -7.75977e+05    3.10677e+02
 Pressure (bar)   Constr. rmsd
   -2.24126e+01    3.25566e-06

           Step           Time
          15000       30.00000

   Energies (kJ/mol)
           Bond            U-B    Proper Dih.  Improper Dih.      CMAP Dih.
    3.60873e+03    1.10183e+04    1.13718e+04    7.19488e+02   -6.16555e+02
          LJ-14     Coulomb-14        LJ (SR)   Coulomb (SR)   Coul. recip.
    3.01869e+03    6.08298e+04    9.27864e+04   -1.15442e+06    3.54885e+03
      Potential    Kinetic En.   Total Energy  Conserved En.    Temperature
   -9.68136e+05    1.94448e+05   -7.73688e+05   -7.75995e+05    3.10643e+02
 Pressure (bar)   Constr. rmsd
   -5.86849e+01    3.25763e-06

           Step           Time
          20000       40.00000

   Energies (kJ/mol)
           Bond            U-B    Proper Dih.  Improper Dih.      CMAP Dih.
    3.93595e+03    1.09051e+04    1.12593e+04    6.93630e+02   -6.82042e+02
          LJ-14     Coulomb-14        LJ (SR)   Coulomb (SR)   Coul. recip.
    2.98884e+03    6.06936e+04    9.07958e+04   -1.15207e+06    3.48014e+03
      Potential    Kinetic En.   Total Energy  Conserved En.    Temperature
   -9.68002e+05    1.94073e+05   -7.73929e+05   -7.75468e+05    3.10044e+02
 Pressure (bar)   Constr. rmsd
   -2.23737e+02    3.16347e-06

           Step           Time
          25000       50.00000

   Energies (kJ/mol)
           Bond            U-B    Proper Dih.  Improper Dih.      CMAP Dih.
    3.82780e+03    1.10536e+04    1.12885e+04    6.89972e+02   -7.37473e+02
          LJ-14     Coulomb-14        LJ (SR)   Coulomb (SR)   Coul. recip.
    2.97528e+03    6.08053e+04    9.12792e+04   -1.15392e+06    3.64687e+03
      Potential    Kinetic En.   Total Energy  Conserved En.    Temperature
   -9.69096e+05    1.94039e+05   -7.75057e+05   -7.75242e+05    3.09989e+02
 Pressure (bar)   Constr. rmsd
   -2.51293e+02    3.13540e-06

           Step           Time
          30000       60.00000

   Energies (kJ/mol)
           Bond            U-B    Proper Dih.  Improper Dih.      CMAP Dih.
    3.67921e+03    1.10013e+04    1.12963e+04    7.27901e+02   -6.92001e+02
          LJ-14     Coulomb-14        LJ (SR)   Coulomb (SR)   Coul. recip.
    2.99148e+03    6.09843e+04    9.27736e+04   -1.15527e+06    3.52411e+03
      Potential    Kinetic En.   Total Energy  Conserved En.    Temperature
   -9.68982e+05    1.94348e+05   -7.74634e+05   -7.75045e+05    3.10483e+02
 Pressure (bar)   Constr. rmsd
   -4.65491e+01    3.29416e-06

           Step           Time
          35000       70.00000

   Energies (kJ/mol)
           Bond            U-B    Proper Dih.  Improper Dih.      CMAP Dih.
    3.75218e+03    1.10652e+04    1.13547e+04    7.47217e+02   -7.66455e+02
          LJ-14     Coulomb-14        LJ (SR)   Coulomb (SR)   Coul. recip.
    3.01408e+03    6.08954e+04    9.30838e+04   -1.15579e+06    3.51366e+03
      Potential    Kinetic En.   Total Energy  Conserved En.    Temperature
   -9.69127e+05    1.93616e+05   -7.75511e+05   -7.74680e+05    3.09314e+02
 Pressure (bar)   Constr. rmsd
   -2.89468e+00    3.05511e-06

           Step           Time
          40000       80.00000

   Energies (kJ/mol)
           Bond            U-B    Proper Dih.  Improper Dih.      CMAP Dih.
    3.76081e+03    1.07048e+04    1.13289e+04    7.12698e+02   -6.94154e+02
          LJ-14     Coulomb-14        LJ (SR)   Coulomb (SR)   Coul. recip.
    3.09831e+03    6.10795e+04    9.18742e+04   -1.15399e+06    3.46378e+03
      Potential    Kinetic En.   Total Energy  Conserved En.    Temperature
   -9.68662e+05    1.92235e+05   -7.76427e+05   -7.74508e+05    3.07107e+02
 Pressure (bar)   Constr. rmsd
   -1.28574e+02    3.32571e-06

           Step           Time
          45000       90.00000

   Energies (kJ/mol)
           Bond            U-B    Proper Dih.  Improper Dih.      CMAP Dih.
    3.75601e+03    1.10330e+04    1.11841e+04    7.44861e+02   -7.48522e+02
          LJ-14     Coulomb-14        LJ (SR)   Coulomb (SR)   Coul. recip.
    3.06833e+03    6.05930e+04    9.22947e+04   -1.15365e+06    3.54907e+03
      Potential    Kinetic En.   Total Energy  Conserved En.    Temperature
   -9.68175e+05    1.93154e+05   -7.75021e+05   -7.74682e+05    3.08576e+02
 Pressure (bar)   Constr. rmsd
    2.10899e+01    3.26811e-06

           Step           Time
          50000      100.00000

   Energies (kJ/mol)
           Bond            U-B    Proper Dih.  Improper Dih.      CMAP Dih.
    3.63277e+03    1.11419e+04    1.13110e+04    7.12157e+02   -6.18494e+02
          LJ-14     Coulomb-14        LJ (SR)   Coulomb (SR)   Coul. recip.
    3.07706e+03    6.07148e+04    9.30851e+04   -1.15724e+06    3.52031e+03
      Potential    Kinetic En.   Total Energy  Conserved En.    Temperature
   -9.70663e+05    1.95141e+05   -7.75522e+05   -7.74101e+05    3.11750e+02
 Pressure (bar)   Constr. rmsd
    7.19624e+01    3.17511e-06

Writing checkpoint, step 53440 at Fri Apr 24 20:46:47 2026


           Step           Time
          55000      110.00000

   Energies (kJ/mol)
           Bond            U-B    Proper Dih.  Improper Dih.      CMAP Dih.
    3.84324e+03    1.10369e+04    1.13865e+04    7.69134e+02   -7.46768e+02
          LJ-14     Coulomb-14        LJ (SR)   Coulomb (SR)   Coul. recip.
    3.02680e+03    6.07405e+04    9.30834e+04   -1.15610e+06    3.64638e+03
      Potential    Kinetic En.   Total Energy  Conserved En.    Temperature
   -9.69317e+05    1.94542e+05   -7.74775e+05   -7.74238e+05    3.10793e+02
 Pressure (bar)   Constr. rmsd
   -4.97799e+00    3.28738e-06

           Step           Time
          60000      120.00000

   Energies (kJ/mol)
           Bond            U-B    Proper Dih.  Improper Dih.      CMAP Dih.
    3.65345e+03    1.11164e+04    1.12718e+04    7.87602e+02   -7.54861e+02
          LJ-14     Coulomb-14        LJ (SR)   Coulomb (SR)   Coul. recip.
    2.97788e+03    6.07428e+04    9.34580e+04   -1.15670e+06    3.49688e+03
      Potential    Kinetic En.   Total Energy  Conserved En.    Temperature
   -9.69954e+05    1.95294e+05   -7.74660e+05   -7.74227e+05    3.11995e+02
 Pressure (bar)   Constr. rmsd
   -1.47446e+01    3.41469e-06

           Step           Time
          65000      130.00000

   Energies (kJ/mol)
           Bond            U-B    Proper Dih.  Improper Dih.      CMAP Dih.
    3.89950e+03    1.09365e+04    1.12978e+04    7.07106e+02   -6.54276e+02
          LJ-14     Coulomb-14        LJ (SR)   Coulomb (SR)   Coul. recip.
    3.02019e+03    6.04761e+04    9.24433e+04   -1.15652e+06    3.44428e+03
      Potential    Kinetic En.   Total Energy  Conserved En.    Temperature
   -9.70950e+05    1.93933e+05   -7.77017e+05   -7.73416e+05    3.09819e+02
 Pressure (bar)   Constr. rmsd
   -1.06224e+02    3.37011e-06

           Step           Time
          70000      140.00000

   Energies (kJ/mol)
           Bond            U-B    Proper Dih.  Improper Dih.      CMAP Dih.
    3.66362e+03    1.13052e+04    1.12925e+04    7.02852e+02   -7.63116e+02
          LJ-14     Coulomb-14        LJ (SR)   Coulomb (SR)   Coul. recip.
    3.15961e+03    6.06409e+04    9.36234e+04   -1.15673e+06    3.50598e+03
      Potential    Kinetic En.   Total Energy  Conserved En.    Temperature
   -9.69602e+05    1.92803e+05   -7.76799e+05   -7.73343e+05    3.08014e+02
 Pressure (bar)   Constr. rmsd
    6.99674e+01    3.25267e-06

           Step           Time
          75000      150.00000

   Energies (kJ/mol)
           Bond            U-B    Proper Dih.  Improper Dih.      CMAP Dih.
    3.79415e+03    1.07625e+04    1.13270e+04    7.73978e+02   -7.53289e+02
          LJ-14     Coulomb-14        LJ (SR)   Coulomb (SR)   Coul. recip.
    2.93132e+03    6.05654e+04    9.49017e+04   -1.15852e+06    3.53120e+03
      Potential    Kinetic En.   Total Energy  Conserved En.    Temperature
   -9.70685e+05    1.94085e+05   -7.76599e+05   -7.72959e+05    3.10063e+02
 Pressure (bar)   Constr. rmsd
    8.60448e+01    3.43633e-06

           Step           Time
          80000      160.00000

   Energies (kJ/mol)
           Bond            U-B    Proper Dih.  Improper Dih.      CMAP Dih.
    3.84159e+03    1.08301e+04    1.12237e+04    6.61253e+02   -6.88334e+02
          LJ-14     Coulomb-14        LJ (SR)   Coulomb (SR)   Coul. recip.
    3.08806e+03    6.11001e+04    9.29436e+04   -1.15474e+06    3.49121e+03
      Potential    Kinetic En.   Total Energy  Conserved En.    Temperature
   -9.68245e+05    1.94332e+05   -7.73913e+05   -7.73018e+05    3.10458e+02
 Pressure (bar)   Constr. rmsd
    5.25862e+01    3.52820e-06

           Step           Time
          85000      170.00000

   Energies (kJ/mol)
           Bond            U-B    Proper Dih.  Improper Dih.      CMAP Dih.
    3.81594e+03    1.08116e+04    1.13370e+04    6.92005e+02   -6.95034e+02
          LJ-14     Coulomb-14        LJ (SR)   Coulomb (SR)   Coul. recip.
    2.99551e+03    6.08322e+04    9.47406e+04   -1.15860e+06    3.53318e+03
      Potential    Kinetic En.   Total Energy  Conserved En.    Temperature
   -9.70542e+05    1.93880e+05   -7.76662e+05   -7.72515e+05    3.09734e+02
 Pressure (bar)   Constr. rmsd
    1.82584e+02    3.40265e-06

           Step           Time
          90000      180.00000

   Energies (kJ/mol)
           Bond            U-B    Proper Dih.  Improper Dih.      CMAP Dih.
    3.74292e+03    1.09067e+04    1.12856e+04    6.88941e+02   -7.06964e+02
          LJ-14     Coulomb-14        LJ (SR)   Coulomb (SR)   Coul. recip.
    3.10467e+03    6.10779e+04    9.37896e+04   -1.15625e+06    3.52896e+03
      Potential    Kinetic En.   Total Energy  Conserved En.    Temperature
   -9.68836e+05    1.94470e+05   -7.74366e+05   -7.72819e+05    3.10677e+02
 Pressure (bar)   Constr. rmsd
    8.06571e+01    3.23960e-06

           Step           Time
          95000      190.00000

   Energies (kJ/mol)
           Bond            U-B    Proper Dih.  Improper Dih.      CMAP Dih.
    3.96698e+03    1.12800e+04    1.12636e+04    7.49241e+02   -6.80528e+02
          LJ-14     Coulomb-14        LJ (SR)   Coulomb (SR)   Coul. recip.
    2.96510e+03    6.04825e+04    9.25262e+04   -1.15531e+06    3.62110e+03
      Potential    Kinetic En.   Total Energy  Conserved En.    Temperature
   -9.69132e+05    1.93517e+05   -7.75615e+05   -7.72737e+05    3.09156e+02
 Pressure (bar)   Constr. rmsd
   -1.10806e+02    3.47094e-06

           Step           Time
         100000      200.00000

   Energies (kJ/mol)
           Bond            U-B    Proper Dih.  Improper Dih.      CMAP Dih.
    3.92236e+03    1.10790e+04    1.11350e+04    7.23433e+02   -6.38481e+02
          LJ-14     Coulomb-14        LJ (SR)   Coulomb (SR)   Coul. recip.
    2.98803e+03    6.06746e+04    9.29498e+04   -1.15452e+06    3.59874e+03
      Potential    Kinetic En.   Total Energy  Conserved En.    Temperature
   -9.68090e+05    1.93183e+05   -7.74907e+05   -7.72543e+05    3.08621e+02
 Pressure (bar)   Constr. rmsd
    8.31783e+00    3.11999e-06

Writing checkpoint, step 102560 at Fri Apr 24 21:01:47 2026


           Step           Time
         105000      210.00000

   Energies (kJ/mol)
           Bond            U-B    Proper Dih.  Improper Dih.      CMAP Dih.
    3.98371e+03    1.10612e+04    1.12523e+04    6.71452e+02   -6.30202e+02
          LJ-14     Coulomb-14        LJ (SR)   Coulomb (SR)   Coul. recip.
    3.00080e+03    6.11184e+04    9.25096e+04   -1.15490e+06    3.53736e+03
      Potential    Kinetic En.   Total Energy  Conserved En.    Temperature
   -9.68398e+05    1.93857e+05   -7.74541e+05   -7.72647e+05    3.09698e+02
 Pressure (bar)   Constr. rmsd
   -1.17909e+02    3.27142e-06

           Step           Time
         110000      220.00000

   Energies (kJ/mol)
           Bond            U-B    Proper Dih.  Improper Dih.      CMAP Dih.
    3.85496e+03    1.09260e+04    1.13881e+04    7.21524e+02   -7.79362e+02
          LJ-14     Coulomb-14        LJ (SR)   Coulomb (SR)   Coul. recip.
    3.04024e+03    6.09917e+04    9.38161e+04   -1.15688e+06    3.57609e+03
      Potential    Kinetic En.   Total Energy  Conserved En.    Temperature
   -9.69343e+05    1.93531e+05   -7.75812e+05   -7.72205e+05    3.09178e+02
 Pressure (bar)   Constr. rmsd
    5.30753e+00    3.24288e-06

           Step           Time
         115000      230.00000

   Energies (kJ/mol)
           Bond            U-B    Proper Dih.  Improper Dih.      CMAP Dih.
    3.75724e+03    1.08461e+04    1.12593e+04    6.87884e+02   -6.46211e+02
          LJ-14     Coulomb-14        LJ (SR)   Coulomb (SR)   Coul. recip.
    3.08993e+03    6.10722e+04    9.38239e+04   -1.15693e+06    3.55975e+03
      Potential    Kinetic En.   Total Energy  Conserved En.    Temperature
   -9.69478e+05    1.93787e+05   -7.75691e+05   -7.71957e+05    3.09586e+02
 Pressure (bar)   Constr. rmsd
    1.96820e+01    3.54007e-06

           Step           Time
         120000      240.00000

   Energies (kJ/mol)
           Bond            U-B    Proper Dih.  Improper Dih.      CMAP Dih.
    3.75983e+03    1.10187e+04    1.12110e+04    7.29545e+02   -7.04278e+02
          LJ-14     Coulomb-14        LJ (SR)   Coulomb (SR)   Coul. recip.
    3.06791e+03    6.09474e+04    9.32606e+04   -1.15722e+06    3.48576e+03
      Potential    Kinetic En.   Total Energy  Conserved En.    Temperature
   -9.70448e+05    1.93454e+05   -7.76994e+05   -7.71382e+05    3.09054e+02
 Pressure (bar)   Constr. rmsd
    5.46179e+01    3.16034e-06

           Step           Time
         125000      250.00000

   Energies (kJ/mol)
           Bond            U-B    Proper Dih.  Improper Dih.      CMAP Dih.
    3.70416e+03    1.07570e+04    1.11812e+04    7.46502e+02   -7.22648e+02
          LJ-14     Coulomb-14        LJ (SR)   Coulomb (SR)   Coul. recip.
    3.01006e+03    6.09789e+04    9.30489e+04   -1.15586e+06    3.61952e+03
      Potential    Kinetic En.   Total Energy  Conserved En.    Temperature
   -9.69537e+05    1.93422e+05   -7.76114e+05   -7.70988e+05    3.09004e+02
 Pressure (bar)   Constr. rmsd
    1.24211e+02    3.16119e-06

           Step           Time
         130000      260.00000

   Energies (kJ/mol)
           Bond            U-B    Proper Dih.  Improper Dih.      CMAP Dih.
    3.73501e+03    1.08970e+04    1.14299e+04    6.97209e+02   -7.56640e+02
          LJ-14     Coulomb-14        LJ (SR)   Coulomb (SR)   Coul. recip.
    2.89684e+03    6.11350e+04    9.10414e+04   -1.15437e+06    3.47588e+03
      Potential    Kinetic En.   Total Energy  Conserved En.    Temperature
   -9.69818e+05    1.94852e+05   -7.74966e+05   -7.71217e+05    3.11287e+02
 Pressure (bar)   Constr. rmsd
   -1.80214e+02    3.20012e-06

           Step           Time
         135000      270.00000

   Energies (kJ/mol)
           Bond            U-B    Proper Dih.  Improper Dih.      CMAP Dih.
    3.62431e+03    1.10271e+04    1.13491e+04    7.10270e+02   -7.17068e+02
          LJ-14     Coulomb-14        LJ (SR)   Coulomb (SR)   Coul. recip.
    2.93022e+03    6.10494e+04    9.22052e+04   -1.15493e+06    3.59652e+03
      Potential    Kinetic En.   Total Energy  Conserved En.    Temperature
   -9.69158e+05    1.92623e+05   -7.76535e+05   -7.71090e+05    3.07726e+02
 Pressure (bar)   Constr. rmsd
   -9.09461e+01    3.19951e-06

           Step           Time
         140000      280.00000

   Energies (kJ/mol)
           Bond            U-B    Proper Dih.  Improper Dih.      CMAP Dih.
    3.79437e+03    1.07360e+04    1.14040e+04    7.57136e+02   -8.08964e+02
          LJ-14     Coulomb-14        LJ (SR)   Coulomb (SR)   Coul. recip.
    3.08884e+03    6.11876e+04    9.25664e+04   -1.15489e+06    3.60339e+03
      Potential    Kinetic En.   Total Energy  Conserved En.    Temperature
   -9.68563e+05    1.93738e+05   -7.74825e+05   -7.70964e+05    3.09508e+02
 Pressure (bar)   Constr. rmsd
    2.22167e+01    3.28985e-06

           Step           Time
         145000      290.00000

   Energies (kJ/mol)
           Bond            U-B    Proper Dih.  Improper Dih.      CMAP Dih.
    3.86312e+03    1.08724e+04    1.13111e+04    7.53751e+02   -7.21166e+02
          LJ-14     Coulomb-14        LJ (SR)   Coulomb (SR)   Coul. recip.
    2.93917e+03    6.05497e+04    9.20210e+04   -1.15407e+06    3.59127e+03
      Potential    Kinetic En.   Total Energy  Conserved En.    Temperature
   -9.68888e+05    1.93406e+05   -7.75482e+05   -7.70790e+05    3.08977e+02
 Pressure (bar)   Constr. rmsd
   -1.37001e+02    3.20260e-06

           Step           Time
         150000      300.00000

   Energies (kJ/mol)
           Bond            U-B    Proper Dih.  Improper Dih.      CMAP Dih.
    3.68308e+03    1.11138e+04    1.12610e+04    6.85913e+02   -7.36931e+02
          LJ-14     Coulomb-14        LJ (SR)   Coulomb (SR)   Coul. recip.
    2.97045e+03    6.10436e+04    9.34576e+04   -1.15444e+06    3.53924e+03
      Potential    Kinetic En.   Total Energy  Conserved En.    Temperature
   -9.67423e+05    1.95076e+05   -7.72347e+05   -7.70630e+05    3.11646e+02
 Pressure (bar)   Constr. rmsd
    1.31615e+02    3.35316e-06

           Step           Time
         155000      310.00000

   Energies (kJ/mol)
           Bond            U-B    Proper Dih.  Improper Dih.      CMAP Dih.
    3.72676e+03    1.08807e+04    1.13184e+04    7.40804e+02   -7.03316e+02
          LJ-14     Coulomb-14        LJ (SR)   Coulomb (SR)   Coul. recip.
    3.03300e+03    6.12619e+04    9.12287e+04   -1.15522e+06    3.45669e+03
      Potential    Kinetic En.   Total Energy  Conserved En.    Temperature
   -9.70278e+05    1.94711e+05   -7.75568e+05   -7.70702e+05    3.11062e+02
 Pressure (bar)   Constr. rmsd
   -2.37532e+02    3.30081e-06

Writing checkpoint, step 155840 at Fri Apr 24 21:16:46 2026


           Step           Time
         160000      320.00000

   Energies (kJ/mol)
           Bond            U-B    Proper Dih.  Improper Dih.      CMAP Dih.
    3.73353e+03    1.09219e+04    1.13390e+04    6.85309e+02   -6.94496e+02
          LJ-14     Coulomb-14        LJ (SR)   Coulomb (SR)   Coul. recip.
    3.03442e+03    6.12461e+04    9.22561e+04   -1.15536e+06    3.62237e+03
      Potential    Kinetic En.   Total Energy  Conserved En.    Temperature
   -9.69215e+05    1.93832e+05   -7.75384e+05   -7.70357e+05    3.09658e+02
 Pressure (bar)   Constr. rmsd
   -9.97138e+00    3.34883e-06

           Step           Time
         165000      330.00000

   Energies (kJ/mol)
           Bond            U-B    Proper Dih.  Improper Dih.      CMAP Dih.
    3.92531e+03    1.09263e+04    1.12232e+04    6.95282e+02   -6.68806e+02
          LJ-14     Coulomb-14        LJ (SR)   Coulomb (SR)   Coul. recip.
    3.07371e+03    6.10428e+04    9.15007e+04   -1.15455e+06    3.44123e+03
      Potential    Kinetic En.   Total Energy  Conserved En.    Temperature
   -9.69390e+05    1.93692e+05   -7.75699e+05   -7.69799e+05    3.09434e+02
 Pressure (bar)   Constr. rmsd
   -1.58433e+02    3.21131e-06

           Step           Time
         170000      340.00000

   Energies (kJ/mol)
           Bond            U-B    Proper Dih.  Improper Dih.      CMAP Dih.
    3.84332e+03    1.10232e+04    1.12054e+04    7.41589e+02   -7.28047e+02
          LJ-14     Coulomb-14        LJ (SR)   Coulomb (SR)   Coul. recip.
    3.05435e+03    6.10917e+04    9.44276e+04   -1.15951e+06    3.46094e+03
      Potential    Kinetic En.   Total Energy  Conserved En.    Temperature
   -9.71390e+05    1.95499e+05   -7.75892e+05   -7.69863e+05    3.12321e+02
 Pressure (bar)   Constr. rmsd
    1.18524e+02    3.25808e-06

           Step           Time
         175000      350.00000

   Energies (kJ/mol)
           Bond            U-B    Proper Dih.  Improper Dih.      CMAP Dih.
    3.84129e+03    1.07379e+04    1.12358e+04    8.08923e+02   -6.62270e+02
          LJ-14     Coulomb-14        LJ (SR)   Coulomb (SR)   Coul. recip.
    3.07684e+03    6.11537e+04    9.40752e+04   -1.15838e+06    3.52511e+03
      Potential    Kinetic En.   Total Energy  Conserved En.    Temperature
   -9.70586e+05    1.93419e+05   -7.77167e+05   -7.69441e+05    3.08998e+02
 Pressure (bar)   Constr. rmsd
    5.89091e+01    3.38617e-06

           Step           Time
         180000      360.00000

   Energies (kJ/mol)
           Bond            U-B    Proper Dih.  Improper Dih.      CMAP Dih.
    3.90467e+03    1.08611e+04    1.13829e+04    7.85282e+02   -7.53233e+02
          LJ-14     Coulomb-14        LJ (SR)   Coulomb (SR)   Coul. recip.
    3.02345e+03    6.15037e+04    9.17898e+04   -1.15394e+06    3.54585e+03
      Potential    Kinetic En.   Total Energy  Conserved En.    Temperature
   -9.67895e+05    1.94838e+05   -7.73057e+05   -7.69700e+05    3.11266e+02
 Pressure (bar)   Constr. rmsd
   -1.67095e+02    3.08127e-06

           Step           Time
         185000      370.00000

   Energies (kJ/mol)
           Bond            U-B    Proper Dih.  Improper Dih.      CMAP Dih.
    3.99896e+03    1.11349e+04    1.12182e+04    7.24461e+02   -7.73513e+02
          LJ-14     Coulomb-14        LJ (SR)   Coulomb (SR)   Coul. recip.
    3.01416e+03    6.11411e+04    9.22145e+04   -1.15430e+06    3.59506e+03
      Potential    Kinetic En.   Total Energy  Conserved En.    Temperature
   -9.68036e+05    1.93598e+05   -7.74438e+05   -7.69810e+05    3.09284e+02
 Pressure (bar)   Constr. rmsd
   -1.14121e+02    3.27416e-06

           Step           Time
         190000      380.00000

   Energies (kJ/mol)
           Bond            U-B    Proper Dih.  Improper Dih.      CMAP Dih.
    3.92329e+03    1.08517e+04    1.12247e+04    6.54223e+02   -6.34310e+02
          LJ-14     Coulomb-14        LJ (SR)   Coulomb (SR)   Coul. recip.
    3.04653e+03    6.13759e+04    9.26571e+04   -1.15470e+06    3.65463e+03
      Potential    Kinetic En.   Total Energy  Conserved En.    Temperature
   -9.67951e+05    1.94022e+05   -7.73929e+05   -7.69223e+05    3.09962e+02
 Pressure (bar)   Constr. rmsd
   -2.59370e+01    3.34582e-06

           Step           Time
         195000      390.00000

   Energies (kJ/mol)
           Bond            U-B    Proper Dih.  Improper Dih.      CMAP Dih.
    3.85383e+03    1.13363e+04    1.12902e+04    6.75335e+02   -6.93982e+02
          LJ-14     Coulomb-14        LJ (SR)   Coulomb (SR)   Coul. recip.
    3.08901e+03    6.09126e+04    9.33917e+04   -1.15530e+06    3.52366e+03
      Potential    Kinetic En.   Total Energy  Conserved En.    Temperature
   -9.67926e+05    1.93105e+05   -7.74821e+05   -7.69088e+05    3.08496e+02
 Pressure (bar)   Constr. rmsd
    2.17124e+01    3.44382e-06

           Step           Time
         200000      400.00000

   Energies (kJ/mol)
           Bond            U-B    Proper Dih.  Improper Dih.      CMAP Dih.
    4.01752e+03    1.08644e+04    1.12928e+04    6.63215e+02   -7.28865e+02
          LJ-14     Coulomb-14        LJ (SR)   Coulomb (SR)   Coul. recip.
    3.06094e+03    6.09251e+04    9.25492e+04   -1.15549e+06    3.67411e+03
      Potential    Kinetic En.   Total Energy  Conserved En.    Temperature
   -9.69175e+05    1.95187e+05   -7.73988e+05   -7.68685e+05    3.11822e+02
 Pressure (bar)   Constr. rmsd
   -1.12770e+02    3.17983e-06

           Step           Time
         205000      410.00000

   Energies (kJ/mol)
           Bond            U-B    Proper Dih.  Improper Dih.      CMAP Dih.
    3.77613e+03    1.11263e+04    1.11920e+04    7.81634e+02   -7.26412e+02
          LJ-14     Coulomb-14        LJ (SR)   Coulomb (SR)   Coul. recip.
    2.90635e+03    6.09713e+04    9.22472e+04   -1.15349e+06    3.66539e+03
      Potential    Kinetic En.   Total Energy  Conserved En.    Temperature
   -9.67548e+05    1.94500e+05   -7.73048e+05   -7.69055e+05    3.10725e+02
 Pressure (bar)   Constr. rmsd
   -9.97697e+01    3.44740e-06

           Step           Time
         210000      420.00000

   Energies (kJ/mol)
           Bond            U-B    Proper Dih.  Improper Dih.      CMAP Dih.
    3.75324e+03    1.08772e+04    1.12481e+04    6.82978e+02   -7.30062e+02
          LJ-14     Coulomb-14        LJ (SR)   Coulomb (SR)   Coul. recip.
    3.08003e+03    6.13496e+04    9.35488e+04   -1.15653e+06    3.57554e+03
      Potential    Kinetic En.   Total Energy  Conserved En.    Temperature
   -9.69141e+05    1.93671e+05   -7.75469e+05   -7.68855e+05    3.09402e+02
 Pressure (bar)   Constr. rmsd
   -2.35115e+01    3.20083e-06

Writing checkpoint, step 210720 at Fri Apr 24 21:31:46 2026


           Step           Time
         215000      430.00000

   Energies (kJ/mol)
           Bond            U-B    Proper Dih.  Improper Dih.      CMAP Dih.
    3.80264e+03    1.07691e+04    1.13127e+04    7.04011e+02   -7.25765e+02
          LJ-14     Coulomb-14        LJ (SR)   Coulomb (SR)   Coul. recip.
    2.98892e+03    6.09253e+04    9.32219e+04   -1.15453e+06    3.48792e+03
      Potential    Kinetic En.   Total Energy  Conserved En.    Temperature
   -9.68047e+05    1.93203e+05   -7.74844e+05   -7.68776e+05    3.08653e+02
 Pressure (bar)   Constr. rmsd
   -3.65755e+01    3.51772e-06

           Step           Time
         220000      440.00000

   Energies (kJ/mol)
           Bond            U-B    Proper Dih.  Improper Dih.      CMAP Dih.
    3.76445e+03    1.07909e+04    1.13308e+04    7.75762e+02   -7.57487e+02
          LJ-14     Coulomb-14        LJ (SR)   Coulomb (SR)   Coul. recip.
    3.00140e+03    6.10614e+04    9.38408e+04   -1.15627e+06    3.57051e+03
      Potential    Kinetic En.   Total Energy  Conserved En.    Temperature
   -9.68889e+05    1.94286e+05   -7.74602e+05   -7.68481e+05    3.10384e+02
 Pressure (bar)   Constr. rmsd
   -9.70218e+00    3.22520e-06

           Step           Time
         225000      450.00000

   Energies (kJ/mol)
           Bond            U-B    Proper Dih.  Improper Dih.      CMAP Dih.
    3.83971e+03    1.10713e+04    1.12421e+04    6.99483e+02   -7.14421e+02
          LJ-14     Coulomb-14        LJ (SR)   Coulomb (SR)   Coul. recip.
    2.87697e+03    6.11469e+04    9.36699e+04   -1.15755e+06    3.54575e+03
      Potential    Kinetic En.   Total Energy  Conserved En.    Temperature
   -9.70168e+05    1.94624e+05   -7.75544e+05   -7.67638e+05    3.10923e+02
 Pressure (bar)   Constr. rmsd
    7.69815e+01    3.32682e-06

           Step           Time
         230000      460.00000

   Energies (kJ/mol)
           Bond            U-B    Proper Dih.  Improper Dih.      CMAP Dih.
    3.82558e+03    1.07140e+04    1.12883e+04    7.53108e+02   -6.93791e+02
          LJ-14     Coulomb-14        LJ (SR)   Coulomb (SR)   Coul. recip.
    3.10114e+03    6.13396e+04    9.30239e+04   -1.15841e+06    3.48783e+03
      Potential    Kinetic En.   Total Energy  Conserved En.    Temperature
   -9.71569e+05    1.93263e+05   -7.78306e+05   -7.67614e+05    3.08750e+02
 Pressure (bar)   Constr. rmsd
   -6.13018e+01    3.21582e-06

           Step           Time
         235000      470.00000

   Energies (kJ/mol)
           Bond            U-B    Proper Dih.  Improper Dih.      CMAP Dih.
    3.69713e+03    1.09909e+04    1.12457e+04    7.43363e+02   -6.81984e+02
          LJ-14     Coulomb-14        LJ (SR)   Coulomb (SR)   Coul. recip.
    2.97615e+03    6.08134e+04    9.36241e+04   -1.15694e+06    3.43760e+03
      Potential    Kinetic En.   Total Energy  Conserved En.    Temperature
   -9.70093e+05    1.93656e+05   -7.76438e+05   -7.67372e+05    3.09377e+02
 Pressure (bar)   Constr. rmsd
    3.00697e+01    3.31234e-06

           Step           Time
         240000      480.00000

   Energies (kJ/mol)
           Bond            U-B    Proper Dih.  Improper Dih.      CMAP Dih.
    4.10261e+03    1.10289e+04    1.12439e+04    7.20611e+02   -6.40342e+02
          LJ-14     Coulomb-14        LJ (SR)   Coulomb (SR)   Coul. recip.
    2.93274e+03    6.12023e+04    9.33581e+04   -1.15575e+06    3.48951e+03
      Potential    Kinetic En.   Total Energy  Conserved En.    Temperature
   -9.68308e+05    1.93213e+05   -7.75095e+05   -7.66936e+05    3.08669e+02
 Pressure (bar)   Constr. rmsd
    2.99516e+01    3.41514e-06

           Step           Time
         245000      490.00000

   Energies (kJ/mol)
           Bond            U-B    Proper Dih.  Improper Dih.      CMAP Dih.
    3.72351e+03    1.09715e+04    1.13653e+04    7.48804e+02   -7.60304e+02
          LJ-14     Coulomb-14        LJ (SR)   Coulomb (SR)   Coul. recip.
    3.05712e+03    6.10214e+04    9.33423e+04   -1.15734e+06    3.43617e+03
      Potential    Kinetic En.   Total Energy  Conserved En.    Temperature
   -9.70431e+05    1.93609e+05   -7.76822e+05   -7.66703e+05    3.09303e+02
 Pressure (bar)   Constr. rmsd
    9.64143e+01    3.23708e-06

           Step           Time
         250000      500.00000

   Energies (kJ/mol)
           Bond            U-B    Proper Dih.  Improper Dih.      CMAP Dih.
    3.86045e+03    1.08202e+04    1.13287e+04    7.11502e+02   -7.52988e+02
          LJ-14     Coulomb-14        LJ (SR)   Coulomb (SR)   Coul. recip.
    2.97859e+03    6.08103e+04    9.52622e+04   -1.16032e+06    3.50397e+03
      Potential    Kinetic En.   Total Energy  Conserved En.    Temperature
   -9.71792e+05    1.93748e+05   -7.78044e+05   -7.66720e+05    3.09525e+02
 Pressure (bar)   Constr. rmsd
    1.37190e+02    3.54861e-06

           Step           Time
         255000      510.00000

   Energies (kJ/mol)
           Bond            U-B    Proper Dih.  Improper Dih.      CMAP Dih.
    3.70446e+03    1.09392e+04    1.13000e+04    6.82857e+02   -7.28031e+02
          LJ-14     Coulomb-14        LJ (SR)   Coulomb (SR)   Coul. recip.
    3.01462e+03    6.06350e+04    9.26416e+04   -1.15378e+06    3.67037e+03
      Potential    Kinetic En.   Total Energy  Conserved En.    Temperature
   -9.67918e+05    1.94417e+05   -7.73501e+05   -7.66716e+05    3.10593e+02
 Pressure (bar)   Constr. rmsd
    1.85699e+01    3.22461e-06

           Step           Time
         260000      520.00000

   Energies (kJ/mol)
           Bond            U-B    Proper Dih.  Improper Dih.      CMAP Dih.
    3.77589e+03    1.12913e+04    1.12348e+04    7.14968e+02   -6.77324e+02
          LJ-14     Coulomb-14        LJ (SR)   Coulomb (SR)   Coul. recip.
    2.97001e+03    6.06557e+04    9.29387e+04   -1.15717e+06    3.56630e+03
      Potential    Kinetic En.   Total Energy  Conserved En.    Temperature
   -9.70703e+05    1.93743e+05   -7.76959e+05   -7.66297e+05    3.09517e+02
 Pressure (bar)   Constr. rmsd
    3.88881e+01    3.12177e-06

           Step           Time
         265000      530.00000

   Energies (kJ/mol)
           Bond            U-B    Proper Dih.  Improper Dih.      CMAP Dih.
    3.88166e+03    1.10312e+04    1.11958e+04    7.32524e+02   -7.24222e+02
          LJ-14     Coulomb-14        LJ (SR)   Coulomb (SR)   Coul. recip.
    2.90304e+03    6.07935e+04    9.28838e+04   -1.15469e+06    3.66723e+03
      Potential    Kinetic En.   Total Energy  Conserved En.    Temperature
   -9.68326e+05    1.93825e+05   -7.74501e+05   -7.66303e+05    3.09648e+02
 Pressure (bar)   Constr. rmsd
   -4.64804e+01    3.38987e-06

Writing checkpoint, step 267040 at Fri Apr 24 21:46:46 2026


           Step           Time
         270000      540.00000

   Energies (kJ/mol)
           Bond            U-B    Proper Dih.  Improper Dih.      CMAP Dih.
    3.87274e+03    1.07541e+04    1.13173e+04    6.89240e+02   -7.86307e+02
          LJ-14     Coulomb-14        LJ (SR)   Coulomb (SR)   Coul. recip.
    3.03122e+03    6.10362e+04    9.30328e+04   -1.15691e+06    3.40782e+03
      Potential    Kinetic En.   Total Energy  Conserved En.    Temperature
   -9.70551e+05    1.95221e+05   -7.75330e+05   -7.66016e+05    3.11877e+02
 Pressure (bar)   Constr. rmsd
   -5.86740e+01    3.23294e-06

           Step           Time
         275000      550.00000

   Energies (kJ/mol)
           Bond            U-B    Proper Dih.  Improper Dih.      CMAP Dih.
    3.69176e+03    1.06858e+04    1.11302e+04    6.27615e+02   -7.18451e+02
          LJ-14     Coulomb-14        LJ (SR)   Coulomb (SR)   Coul. recip.
    3.01803e+03    6.08992e+04    9.37882e+04   -1.15795e+06    3.53749e+03
      Potential    Kinetic En.   Total Energy  Conserved En.    Temperature
   -9.71287e+05    1.94956e+05   -7.76331e+05   -7.65970e+05    3.11453e+02
 Pressure (bar)   Constr. rmsd
    5.30094e+01    3.42612e-06

           Step           Time
         280000      560.00000

   Energies (kJ/mol)
           Bond            U-B    Proper Dih.  Improper Dih.      CMAP Dih.
    3.76746e+03    1.07159e+04    1.12467e+04    6.81486e+02   -6.92453e+02
          LJ-14     Coulomb-14        LJ (SR)   Coulomb (SR)   Coul. recip.
    3.10454e+03    6.08473e+04    9.31940e+04   -1.15609e+06    3.46545e+03
      Potential    Kinetic En.   Total Energy  Conserved En.    Temperature
   -9.69764e+05    1.93857e+05   -7.75907e+05   -7.65633e+05    3.09698e+02
 Pressure (bar)   Constr. rmsd
    1.09843e+02    3.40258e-06

           Step           Time
         285000      570.00000

   Energies (kJ/mol)
           Bond            U-B    Proper Dih.  Improper Dih.      CMAP Dih.
    3.90125e+03    1.12929e+04    1.11640e+04    7.05358e+02   -7.53195e+02
          LJ-14     Coulomb-14        LJ (SR)   Coulomb (SR)   Coul. recip.
    3.01182e+03    6.10284e+04    9.32702e+04   -1.15628e+06    3.61188e+03
      Potential    Kinetic En.   Total Energy  Conserved En.    Temperature
   -9.69047e+05    1.93772e+05   -7.75275e+05   -7.65500e+05    3.09562e+02
 Pressure (bar)   Constr. rmsd
   -3.23658e+01    3.32169e-06

           Step           Time
         290000      580.00000

   Energies (kJ/mol)
           Bond            U-B    Proper Dih.  Improper Dih.      CMAP Dih.
    3.76104e+03    1.09397e+04    1.11393e+04    7.35806e+02   -7.22323e+02
          LJ-14     Coulomb-14        LJ (SR)   Coulomb (SR)   Coul. recip.
    3.09799e+03    6.10959e+04    9.43077e+04   -1.15834e+06    3.46011e+03
      Potential    Kinetic En.   Total Energy  Conserved En.    Temperature
   -9.70524e+05    1.94848e+05   -7.75676e+05   -7.65292e+05    3.11282e+02
 Pressure (bar)   Constr. rmsd
    4.78634e+01    3.35057e-06

           Step           Time
         295000      590.00000

   Energies (kJ/mol)
           Bond            U-B    Proper Dih.  Improper Dih.      CMAP Dih.
    3.76892e+03    1.10385e+04    1.13144e+04    7.21412e+02   -7.31411e+02
          LJ-14     Coulomb-14        LJ (SR)   Coulomb (SR)   Coul. recip.
    3.05679e+03    6.10898e+04    9.34499e+04   -1.15618e+06    3.45908e+03
      Potential    Kinetic En.   Total Energy  Conserved En.    Temperature
   -9.69014e+05    1.94001e+05   -7.75013e+05   -7.65262e+05    3.09928e+02
 Pressure (bar)   Constr. rmsd
    1.17243e+02    3.31469e-06

           Step           Time
         300000      600.00000

   Energies (kJ/mol)
           Bond            U-B    Proper Dih.  Improper Dih.      CMAP Dih.
    3.77908e+03    1.12363e+04    1.11329e+04    7.17759e+02   -6.77834e+02
          LJ-14     Coulomb-14        LJ (SR)   Coulomb (SR)   Coul. recip.
    3.07658e+03    6.09795e+04    9.32228e+04   -1.15526e+06    3.58363e+03
      Potential    Kinetic En.   Total Energy  Conserved En.    Temperature
   -9.68205e+05    1.94700e+05   -7.73505e+05   -7.65210e+05    3.11045e+02
 Pressure (bar)   Constr. rmsd
    2.14912e+02    3.46625e-06

           Step           Time
         305000      610.00000

   Energies (kJ/mol)
           Bond            U-B    Proper Dih.  Improper Dih.      CMAP Dih.
    3.70149e+03    1.08166e+04    1.13713e+04    6.88887e+02   -8.03741e+02
          LJ-14     Coulomb-14        LJ (SR)   Coulomb (SR)   Coul. recip.
    3.06843e+03    6.12244e+04    9.49332e+04   -1.15939e+06    3.50533e+03
      Potential    Kinetic En.   Total Energy  Conserved En.    Temperature
   -9.70881e+05    1.94071e+05   -7.76810e+05   -7.64889e+05    3.10041e+02
 Pressure (bar)   Constr. rmsd
    1.56890e+02    3.29233e-06

           Step           Time
         310000      620.00000

   Energies (kJ/mol)
           Bond            U-B    Proper Dih.  Improper Dih.      CMAP Dih.
    3.84084e+03    1.07649e+04    1.12631e+04    8.07473e+02   -7.12093e+02
          LJ-14     Coulomb-14        LJ (SR)   Coulomb (SR)   Coul. recip.
    3.00337e+03    6.08581e+04    9.24215e+04   -1.15531e+06    3.41467e+03
      Potential    Kinetic En.   Total Energy  Conserved En.    Temperature
   -9.69651e+05    1.94881e+05   -7.74770e+05   -7.64746e+05    3.11335e+02
 Pressure (bar)   Constr. rmsd
   -1.96913e+01    3.05932e-06

           Step           Time
         315000      630.00000

   Energies (kJ/mol)
           Bond            U-B    Proper Dih.  Improper Dih.      CMAP Dih.
    3.71393e+03    1.07380e+04    1.12538e+04    7.21129e+02   -7.39107e+02
          LJ-14     Coulomb-14        LJ (SR)   Coulomb (SR)   Coul. recip.
    3.02987e+03    6.08737e+04    9.22418e+04   -1.15498e+06    3.50375e+03
      Potential    Kinetic En.   Total Energy  Conserved En.    Temperature
   -9.69647e+05    1.94486e+05   -7.75162e+05   -7.64066e+05    3.10703e+02
 Pressure (bar)   Constr. rmsd
    4.12906e+01    3.17416e-06

           Step           Time
         320000      640.00000

   Energies (kJ/mol)
           Bond            U-B    Proper Dih.  Improper Dih.      CMAP Dih.
    3.68893e+03    1.13018e+04    1.12920e+04    7.38831e+02   -6.87711e+02
          LJ-14     Coulomb-14        LJ (SR)   Coulomb (SR)   Coul. recip.
    3.01818e+03    6.10309e+04    9.48118e+04   -1.15976e+06    3.54521e+03
      Potential    Kinetic En.   Total Energy  Conserved En.    Temperature
   -9.71018e+05    1.94326e+05   -7.76692e+05   -7.64279e+05    3.10448e+02
 Pressure (bar)   Constr. rmsd
    1.37221e+02    3.20583e-06

Writing checkpoint, step 322080 at Fri Apr 24 22:01:46 2026


           Step           Time
         325000      650.00000

   Energies (kJ/mol)
           Bond            U-B    Proper Dih.  Improper Dih.      CMAP Dih.
    3.68738e+03    1.08975e+04    1.11913e+04    7.10269e+02   -6.85621e+02
          LJ-14     Coulomb-14        LJ (SR)   Coulomb (SR)   Coul. recip.
    2.98732e+03    6.10410e+04    9.11103e+04   -1.15452e+06    3.57583e+03
      Potential    Kinetic En.   Total Energy  Conserved En.    Temperature
   -9.70003e+05    1.93417e+05   -7.76586e+05   -7.64229e+05    3.08996e+02
 Pressure (bar)   Constr. rmsd
   -1.43159e+02    3.38850e-06

           Step           Time
         330000      660.00000

   Energies (kJ/mol)
           Bond            U-B    Proper Dih.  Improper Dih.      CMAP Dih.
    3.78187e+03    1.08214e+04    1.11578e+04    6.18251e+02   -7.53496e+02
          LJ-14     Coulomb-14        LJ (SR)   Coulomb (SR)   Coul. recip.
    3.12208e+03    6.12974e+04    9.18372e+04   -1.15379e+06    3.50035e+03
      Potential    Kinetic En.   Total Energy  Conserved En.    Temperature
   -9.68412e+05    1.93487e+05   -7.74924e+05   -7.63974e+05    3.09108e+02
 Pressure (bar)   Constr. rmsd
   -2.47890e+01    3.39147e-06

           Step           Time
         335000      670.00000

   Energies (kJ/mol)
           Bond            U-B    Proper Dih.  Improper Dih.      CMAP Dih.
    3.75801e+03    1.09008e+04    1.12127e+04    7.49029e+02   -7.13025e+02
          LJ-14     Coulomb-14        LJ (SR)   Coulomb (SR)   Coul. recip.
    3.03261e+03    6.08664e+04    9.38342e+04   -1.15650e+06    3.64222e+03
      Potential    Kinetic En.   Total Energy  Conserved En.    Temperature
   -9.69216e+05    1.92384e+05   -7.76832e+05   -7.63753e+05    3.07345e+02
 Pressure (bar)   Constr. rmsd
    5.13253e+01    3.18119e-06

           Step           Time
         340000      680.00000

   Energies (kJ/mol)
           Bond            U-B    Proper Dih.  Improper Dih.      CMAP Dih.
    3.71754e+03    1.08811e+04    1.12826e+04    7.41751e+02   -7.42885e+02
          LJ-14     Coulomb-14        LJ (SR)   Coulomb (SR)   Coul. recip.
    3.07628e+03    6.11510e+04    9.31550e+04   -1.15480e+06    3.51654e+03
      Potential    Kinetic En.   Total Energy  Conserved En.    Temperature
   -9.68022e+05    1.93154e+05   -7.74868e+05   -7.64033e+05    3.08575e+02
 Pressure (bar)   Constr. rmsd
    1.74529e+01    3.23594e-06

           Step           Time
         345000      690.00000

   Energies (kJ/mol)
           Bond            U-B    Proper Dih.  Improper Dih.      CMAP Dih.
    3.72404e+03    1.10809e+04    1.13251e+04    7.14572e+02   -6.90202e+02
          LJ-14     Coulomb-14        LJ (SR)   Coulomb (SR)   Coul. recip.
    3.02433e+03    6.09132e+04    9.36261e+04   -1.15770e+06    3.58494e+03
      Potential    Kinetic En.   Total Energy  Conserved En.    Temperature
   -9.70394e+05    1.92818e+05   -7.77576e+05   -7.63442e+05    3.08039e+02
 Pressure (bar)   Constr. rmsd
    4.80962e+01    3.26470e-06

           Step           Time
         350000      700.00000

   Energies (kJ/mol)
           Bond            U-B    Proper Dih.  Improper Dih.      CMAP Dih.
    3.89267e+03    1.10108e+04    1.12183e+04    6.84046e+02   -6.98399e+02
          LJ-14     Coulomb-14        LJ (SR)   Coulomb (SR)   Coul. recip.
    2.99546e+03    6.10548e+04    9.42292e+04   -1.15827e+06    3.51626e+03
      Potential    Kinetic En.   Total Energy  Conserved En.    Temperature
   -9.70366e+05    1.93692e+05   -7.76674e+05   -7.63181e+05    3.09434e+02
 Pressure (bar)   Constr. rmsd
    1.37527e+02    3.02213e-06

           Step           Time
         355000      710.00000

   Energies (kJ/mol)
           Bond            U-B    Proper Dih.  Improper Dih.      CMAP Dih.
    3.59106e+03    1.08371e+04    1.12705e+04    6.81561e+02   -7.13722e+02
          LJ-14     Coulomb-14        LJ (SR)   Coulomb (SR)   Coul. recip.
    3.02958e+03    6.10123e+04    9.38532e+04   -1.15783e+06    3.53103e+03
      Potential    Kinetic En.   Total Energy  Conserved En.    Temperature
   -9.70740e+05    1.92690e+05   -7.78051e+05   -7.63160e+05    3.07833e+02
 Pressure (bar)   Constr. rmsd
    6.09548e+01    3.44768e-06

           Step           Time
         360000      720.00000

   Energies (kJ/mol)
           Bond            U-B    Proper Dih.  Improper Dih.      CMAP Dih.
    3.83669e+03    1.11569e+04    1.12691e+04    7.75750e+02   -7.61777e+02
          LJ-14     Coulomb-14        LJ (SR)   Coulomb (SR)   Coul. recip.
    3.00372e+03    6.08766e+04    9.30941e+04   -1.15645e+06    3.46274e+03
      Potential    Kinetic En.   Total Energy  Conserved En.    Temperature
   -9.69740e+05    1.93211e+05   -7.76530e+05   -7.62952e+05    3.08666e+02
 Pressure (bar)   Constr. rmsd
   -1.25489e+01    3.24074e-06

           Step           Time
         365000      730.00000

   Energies (kJ/mol)
           Bond            U-B    Proper Dih.  Improper Dih.      CMAP Dih.
    3.79097e+03    1.10641e+04    1.12433e+04    7.10089e+02   -7.57813e+02
          LJ-14     Coulomb-14        LJ (SR)   Coulomb (SR)   Coul. recip.
    2.99804e+03    6.07992e+04    9.17157e+04   -1.15358e+06    3.49229e+03
      Potential    Kinetic En.   Total Energy  Conserved En.    Temperature
   -9.68528e+05    1.94585e+05   -7.73943e+05   -7.62882e+05    3.10862e+02
 Pressure (bar)   Constr. rmsd
    1.09693e+01    3.29050e-06

           Step           Time
         370000      740.00000

   Energies (kJ/mol)
           Bond            U-B    Proper Dih.  Improper Dih.      CMAP Dih.
    3.76201e+03    1.08837e+04    1.12272e+04    7.12602e+02   -7.12675e+02
          LJ-14     Coulomb-14        LJ (SR)   Coulomb (SR)   Coul. recip.
    3.01183e+03    6.09597e+04    9.32434e+04   -1.15582e+06    3.50962e+03
      Potential    Kinetic En.   Total Energy  Conserved En.    Temperature
   -9.69220e+05    1.93588e+05   -7.75632e+05   -7.62763e+05    3.09268e+02
 Pressure (bar)   Constr. rmsd
   -1.31150e+02    3.22297e-06

           Step           Time
         375000      750.00000

   Energies (kJ/mol)
           Bond            U-B    Proper Dih.  Improper Dih.      CMAP Dih.
    3.86408e+03    1.07519e+04    1.11667e+04    6.87166e+02   -7.50813e+02
          LJ-14     Coulomb-14        LJ (SR)   Coulomb (SR)   Coul. recip.
    2.99869e+03    6.11224e+04    9.09658e+04   -1.15320e+06    3.68561e+03
      Potential    Kinetic En.   Total Energy  Conserved En.    Temperature
   -9.68713e+05    1.94007e+05   -7.74706e+05   -7.62494e+05    3.09938e+02
 Pressure (bar)   Constr. rmsd
   -1.19636e+02    3.44053e-06

Writing checkpoint, step 377520 at Fri Apr 24 22:16:45 2026


           Step           Time
         380000      760.00000

   Energies (kJ/mol)
           Bond            U-B    Proper Dih.  Improper Dih.      CMAP Dih.
    3.73731e+03    1.10798e+04    1.13065e+04    7.33639e+02   -7.71052e+02
          LJ-14     Coulomb-14        LJ (SR)   Coulomb (SR)   Coul. recip.
    2.98546e+03    6.07042e+04    9.22722e+04   -1.15437e+06    3.58504e+03
      Potential    Kinetic En.   Total Energy  Conserved En.    Temperature
   -9.68733e+05    1.93408e+05   -7.75325e+05   -7.61959e+05    3.08981e+02
 Pressure (bar)   Constr. rmsd
    2.68135e+01    3.29014e-06

           Step           Time
         385000      770.00000

   Energies (kJ/mol)
           Bond            U-B    Proper Dih.  Improper Dih.      CMAP Dih.
    3.91201e+03    1.05715e+04    1.12284e+04    7.22383e+02   -7.35231e+02
          LJ-14     Coulomb-14        LJ (SR)   Coulomb (SR)   Coul. recip.
    3.00678e+03    6.09235e+04    9.47288e+04   -1.15955e+06    3.47061e+03
      Potential    Kinetic En.   Total Energy  Conserved En.    Temperature
   -9.71724e+05    1.93501e+05   -7.78222e+05   -7.62098e+05    3.09130e+02
 Pressure (bar)   Constr. rmsd
    3.52034e+01    3.14164e-06

           Step           Time
         390000      780.00000

   Energies (kJ/mol)
           Bond            U-B    Proper Dih.  Improper Dih.      CMAP Dih.
    3.77464e+03    1.09108e+04    1.11591e+04    6.87163e+02   -7.33264e+02
          LJ-14     Coulomb-14        LJ (SR)   Coulomb (SR)   Coul. recip.
    2.95568e+03    6.08247e+04    9.30678e+04   -1.15713e+06    3.51359e+03
      Potential    Kinetic En.   Total Energy  Conserved En.    Temperature
   -9.70974e+05    1.92635e+05   -7.78339e+05   -7.61691e+05    3.07746e+02
 Pressure (bar)   Constr. rmsd
   -6.43525e+01    3.28041e-06

           Step           Time
         395000      790.00000

   Energies (kJ/mol)
           Bond            U-B    Proper Dih.  Improper Dih.      CMAP Dih.
    3.80090e+03    1.08044e+04    1.11774e+04    7.10649e+02   -7.11031e+02
          LJ-14     Coulomb-14        LJ (SR)   Coulomb (SR)   Coul. recip.
    3.04238e+03    6.09118e+04    9.37800e+04   -1.15601e+06    3.64565e+03
      Potential    Kinetic En.   Total Energy  Conserved En.    Temperature
   -9.68847e+05    1.94061e+05   -7.74786e+05   -7.61597e+05    3.10024e+02
 Pressure (bar)   Constr. rmsd
    8.37267e+01    3.31311e-06

           Step           Time
         400000      800.00000

   Energies (kJ/mol)
           Bond            U-B    Proper Dih.  Improper Dih.      CMAP Dih.
    3.77508e+03    1.09520e+04    1.12342e+04    7.27095e+02   -6.81425e+02
          LJ-14     Coulomb-14        LJ (SR)   Coulomb (SR)   Coul. recip.
    2.95205e+03    6.07914e+04    9.24455e+04   -1.15371e+06    3.53110e+03
      Potential    Kinetic En.   Total Energy  Conserved En.    Temperature
   -9.67982e+05    1.93155e+05   -7.74826e+05   -7.61526e+05    3.08577e+02
 Pressure (bar)   Constr. rmsd
   -2.16332e+01    3.43437e-06

           Step           Time
         405000      810.00000

   Energies (kJ/mol)
           Bond            U-B    Proper Dih.  Improper Dih.      CMAP Dih.
    3.87714e+03    1.09343e+04    1.12250e+04    7.09918e+02   -6.62650e+02
          LJ-14     Coulomb-14        LJ (SR)   Coulomb (SR)   Coul. recip.
    2.96282e+03    6.05512e+04    9.16889e+04   -1.15360e+06    3.44755e+03
      Potential    Kinetic En.   Total Energy  Conserved En.    Temperature
   -9.68861e+05    1.94131e+05   -7.74730e+05   -7.61691e+05    3.10136e+02
 Pressure (bar)   Constr. rmsd
   -1.40730e+02    3.29878e-06

           Step           Time
         410000      820.00000

   Energies (kJ/mol)
           Bond            U-B    Proper Dih.  Improper Dih.      CMAP Dih.
    3.80574e+03    1.06703e+04    1.11107e+04    7.02662e+02   -7.10606e+02
          LJ-14     Coulomb-14        LJ (SR)   Coulomb (SR)   Coul. recip.
    2.94906e+03    6.10101e+04    9.17085e+04   -1.15547e+06    3.60768e+03
      Potential    Kinetic En.   Total Energy  Conserved En.    Temperature
   -9.70614e+05    1.94077e+05   -7.76537e+05   -7.60882e+05    3.10051e+02
 Pressure (bar)   Constr. rmsd
   -6.39919e+01    3.28467e-06

           Step           Time
         415000      830.00000

   Energies (kJ/mol)
           Bond            U-B    Proper Dih.  Improper Dih.      CMAP Dih.
    3.67406e+03    1.07621e+04    1.11658e+04    6.83907e+02   -7.22507e+02
          LJ-14     Coulomb-14        LJ (SR)   Coulomb (SR)   Coul. recip.
    2.98996e+03    6.13305e+04    9.34480e+04   -1.15784e+06    3.65461e+03
      Potential    Kinetic En.   Total Energy  Conserved En.    Temperature
   -9.70848e+05    1.94324e+05   -7.76525e+05   -7.60972e+05    3.10444e+02
 Pressure (bar)   Constr. rmsd
    7.73055e+01    3.25578e-06

           Step           Time
         420000      840.00000

   Energies (kJ/mol)
           Bond            U-B    Proper Dih.  Improper Dih.      CMAP Dih.
    3.86649e+03    1.08824e+04    1.11862e+04    6.89798e+02   -7.95797e+02
          LJ-14     Coulomb-14        LJ (SR)   Coulomb (SR)   Coul. recip.
    3.01246e+03    6.07762e+04    9.37749e+04   -1.15664e+06    3.39029e+03
      Potential    Kinetic En.   Total Energy  Conserved En.    Temperature
   -9.69858e+05    1.94999e+05   -7.74859e+05   -7.60733e+05    3.11523e+02
 Pressure (bar)   Constr. rmsd
    7.72935e+01    3.35470e-06

           Step           Time
         425000      850.00000

   Energies (kJ/mol)
           Bond            U-B    Proper Dih.  Improper Dih.      CMAP Dih.
    3.81897e+03    1.10781e+04    1.11543e+04    6.75613e+02   -6.76653e+02
          LJ-14     Coulomb-14        LJ (SR)   Coulomb (SR)   Coul. recip.
    2.89519e+03    6.08863e+04    9.35854e+04   -1.15651e+06    3.57698e+03
      Potential    Kinetic En.   Total Energy  Conserved En.    Temperature
   -9.69513e+05    1.92753e+05   -7.76760e+05   -7.60548e+05    3.07935e+02
 Pressure (bar)   Constr. rmsd
    6.71864e+00    3.18830e-06

           Step           Time
         430000      860.00000

   Energies (kJ/mol)
           Bond            U-B    Proper Dih.  Improper Dih.      CMAP Dih.
    3.73655e+03    1.11323e+04    1.11915e+04    6.93329e+02   -6.89818e+02
          LJ-14     Coulomb-14        LJ (SR)   Coulomb (SR)   Coul. recip.
    2.98102e+03    6.10349e+04    9.38206e+04   -1.15638e+06    3.49832e+03
      Potential    Kinetic En.   Total Energy  Conserved En.    Temperature
   -9.68983e+05    1.94419e+05   -7.74564e+05   -7.60521e+05    3.10597e+02
 Pressure (bar)   Constr. rmsd
    1.26612e+02    3.50598e-06

Writing checkpoint, step 432560 at Fri Apr 24 22:31:46 2026


           Step           Time
         435000      870.00000

   Energies (kJ/mol)
           Bond            U-B    Proper Dih.  Improper Dih.      CMAP Dih.
    3.88003e+03    1.11332e+04    1.11095e+04    7.42744e+02   -7.92966e+02
          LJ-14     Coulomb-14        LJ (SR)   Coulomb (SR)   Coul. recip.
    2.95693e+03    6.11180e+04    9.40698e+04   -1.15690e+06    3.57217e+03
      Potential    Kinetic En.   Total Energy  Conserved En.    Temperature
   -9.69113e+05    1.93962e+05   -7.75152e+05   -7.60221e+05    3.09866e+02
 Pressure (bar)   Constr. rmsd
    1.13142e+02    3.32872e-06

Writing checkpoint, step 437120 at Sat Apr 25 05:01:55 2026


Writing checkpoint, step 437280 at Sat Apr 25 05:02:02 2026


Writing checkpoint, step 437360 at Sat Apr 25 05:02:05 2026


Writing checkpoint, step 437440 at Sat Apr 25 05:02:07 2026


Writing checkpoint, step 437520 at Sat Apr 25 05:02:10 2026


Writing checkpoint, step 437680 at Sat Apr 25 05:02:14 2026


Writing checkpoint, step 437760 at Sat Apr 25 05:02:16 2026


Writing checkpoint, step 437840 at Sat Apr 25 05:02:18 2026


Writing checkpoint, step 437920 at Sat Apr 25 05:02:20 2026


Writing checkpoint, step 438080 at Sat Apr 25 05:02:23 2026


Writing checkpoint, step 438160 at Sat Apr 25 05:02:25 2026


Writing checkpoint, step 438240 at Sat Apr 25 05:02:26 2026


Writing checkpoint, step 438320 at Sat Apr 25 05:02:28 2026


Writing checkpoint, step 438480 at Sat Apr 25 05:02:31 2026


Writing checkpoint, step 438560 at Sat Apr 25 05:02:33 2026


Writing checkpoint, step 438640 at Sat Apr 25 05:02:36 2026


Writing checkpoint, step 438720 at Sat Apr 25 05:02:38 2026


Writing checkpoint, step 438880 at Sat Apr 25 05:02:42 2026


Writing checkpoint, step 438960 at Sat Apr 25 05:02:44 2026


Writing checkpoint, step 439040 at Sat Apr 25 05:02:46 2026


Writing checkpoint, step 439120 at Sat Apr 25 05:02:48 2026


Writing checkpoint, step 439280 at Sat Apr 25 05:02:52 2026


Writing checkpoint, step 439360 at Sat Apr 25 05:02:54 2026


Writing checkpoint, step 439440 at Sat Apr 25 05:02:57 2026


Writing checkpoint, step 439520 at Sat Apr 25 05:02:56 2026


Writing checkpoint, step 439680 at Sat Apr 25 05:02:59 2026


           Step           Time
         440000      880.00000

   Energies (kJ/mol)
           Bond            U-B    Proper Dih.  Improper Dih.      CMAP Dih.
    3.86583e+03    1.08028e+04    1.10841e+04    6.81645e+02   -6.57220e+02
          LJ-14     Coulomb-14        LJ (SR)   Coulomb (SR)   Coul. recip.
    2.93823e+03    6.12344e+04    9.10897e+04   -1.15296e+06    3.58761e+03
      Potential    Kinetic En.   Total Energy  Conserved En.    Temperature
   -9.68337e+05    1.93579e+05   -7.74759e+05   -7.60646e+05    3.09253e+02
 Pressure (bar)   Constr. rmsd
   -1.70650e+02    3.35012e-06

Writing checkpoint, step 444560 at Sat Apr 25 10:33:41 2026


Writing checkpoint, step 444640 at Sat Apr 25 10:33:45 2026


Writing checkpoint, step 444720 at Sat Apr 25 10:33:49 2026


Writing checkpoint, step 444880 at Sat Apr 25 10:33:59 2026


Writing checkpoint, step 444960 at Sat Apr 25 10:34:04 2026


           Step           Time
         445000      890.00000

   Energies (kJ/mol)
           Bond            U-B    Proper Dih.  Improper Dih.      CMAP Dih.
    3.79607e+03    1.06825e+04    1.12347e+04    7.22478e+02   -6.25526e+02
          LJ-14     Coulomb-14        LJ (SR)   Coulomb (SR)   Coul. recip.
    3.03662e+03    6.10856e+04    9.17363e+04   -1.15438e+06    3.50950e+03
      Potential    Kinetic En.   Total Energy  Conserved En.    Temperature
   -9.69199e+05    1.94462e+05   -7.74736e+05   -7.60264e+05    3.10665e+02
 Pressure (bar)   Constr. rmsd
   -1.75693e+02    3.54577e-06

Writing checkpoint, step 445040 at Sat Apr 25 10:34:04 2026


Writing checkpoint, step 445120 at Sat Apr 25 10:34:07 2026


Writing checkpoint, step 445280 at Sat Apr 25 10:34:13 2026


Writing checkpoint, step 445360 at Sat Apr 25 10:34:15 2026


Writing checkpoint, step 445440 at Sat Apr 25 10:34:18 2026


Writing checkpoint, step 445520 at Sat Apr 25 10:34:21 2026


Writing checkpoint, step 445680 at Sat Apr 25 10:34:25 2026


Writing checkpoint, step 445760 at Sat Apr 25 10:34:28 2026


Writing checkpoint, step 445840 at Sat Apr 25 10:34:30 2026


Writing checkpoint, step 445920 at Sat Apr 25 10:34:33 2026


Writing checkpoint, step 446080 at Sat Apr 25 10:34:40 2026


Writing checkpoint, step 446160 at Sat Apr 25 10:34:43 2026


Writing checkpoint, step 446240 at Sat Apr 25 10:34:45 2026


Writing checkpoint, step 446320 at Sat Apr 25 10:34:47 2026


Writing checkpoint, step 446480 at Sat Apr 25 10:34:52 2026


Writing checkpoint, step 446560 at Sat Apr 25 10:34:55 2026


Writing checkpoint, step 446640 at Sat Apr 25 10:34:57 2026


           Step           Time
         450000      900.00000

   Energies (kJ/mol)
           Bond            U-B    Proper Dih.  Improper Dih.      CMAP Dih.
    3.78498e+03    1.08519e+04    1.11583e+04    7.15058e+02   -6.99638e+02
          LJ-14     Coulomb-14        LJ (SR)   Coulomb (SR)   Coul. recip.
    2.92106e+03    6.09978e+04    9.26215e+04   -1.15526e+06    3.59706e+03
      Potential    Kinetic En.   Total Energy  Conserved En.    Temperature
   -9.69309e+05    1.96190e+05   -7.73119e+05   -7.59590e+05    3.13425e+02
 Pressure (bar)   Constr. rmsd
    2.27582e+01    3.27082e-06

           Step           Time
         455000      910.00000

   Energies (kJ/mol)
           Bond            U-B    Proper Dih.  Improper Dih.      CMAP Dih.
    3.72903e+03    1.12084e+04    1.12076e+04    7.25536e+02   -7.15068e+02
          LJ-14     Coulomb-14        LJ (SR)   Coulomb (SR)   Coul. recip.
    2.91639e+03    6.07414e+04    9.22786e+04   -1.15306e+06    3.50775e+03
      Potential    Kinetic En.   Total Energy  Conserved En.    Temperature
   -9.67461e+05    1.94326e+05   -7.73135e+05   -7.59610e+05    3.10448e+02
 Pressure (bar)   Constr. rmsd
    4.57982e+01    3.02522e-06

           Step           Time
         460000      920.00000

   Energies (kJ/mol)
           Bond            U-B    Proper Dih.  Improper Dih.      CMAP Dih.
    4.09961e+03    1.07879e+04    1.12120e+04    7.18947e+02   -6.69693e+02
          LJ-14     Coulomb-14        LJ (SR)   Coulomb (SR)   Coul. recip.
    2.90190e+03    6.07843e+04    9.10568e+04   -1.15417e+06    3.59079e+03
      Potential    Kinetic En.   Total Energy  Conserved En.    Temperature
   -9.69684e+05    1.93672e+05   -7.76012e+05   -7.59354e+05    3.09403e+02
 Pressure (bar)   Constr. rmsd
   -2.37662e+02    3.40400e-06

           Step           Time
         465000      930.00000

   Energies (kJ/mol)
           Bond            U-B    Proper Dih.  Improper Dih.      CMAP Dih.
    3.84033e+03    1.10064e+04    1.12350e+04    6.90500e+02   -7.35885e+02
          LJ-14     Coulomb-14        LJ (SR)   Coulomb (SR)   Coul. recip.
    3.07142e+03    6.11193e+04    9.28884e+04   -1.15735e+06    3.42321e+03
      Potential    Kinetic En.   Total Energy  Conserved En.    Temperature
   -9.70813e+05    1.94624e+05   -7.76189e+05   -7.58741e+05    3.10923e+02
 Pressure (bar)   Constr. rmsd
    6.92680e+01    3.23101e-06

           Step           Time
         470000      940.00000

   Energies (kJ/mol)
           Bond            U-B    Proper Dih.  Improper Dih.      CMAP Dih.
    3.79093e+03    1.10910e+04    1.12192e+04    7.44090e+02   -7.12781e+02
          LJ-14     Coulomb-14        LJ (SR)   Coulomb (SR)   Coul. recip.
    2.91381e+03    6.10602e+04    9.26968e+04   -1.15600e+06    3.56886e+03
      Potential    Kinetic En.   Total Energy  Conserved En.    Temperature
   -9.69627e+05    1.94650e+05   -7.74977e+05   -7.58869e+05    3.10965e+02
 Pressure (bar)   Constr. rmsd
   -3.64699e+01    3.56187e-06

           Step           Time
         475000      950.00000

   Energies (kJ/mol)
           Bond            U-B    Proper Dih.  Improper Dih.      CMAP Dih.
    3.79971e+03    1.09317e+04    1.12318e+04    7.11062e+02   -7.27714e+02
          LJ-14     Coulomb-14        LJ (SR)   Coulomb (SR)   Coul. recip.
    2.94267e+03    6.09457e+04    9.30617e+04   -1.15662e+06    3.45794e+03
      Potential    Kinetic En.   Total Energy  Conserved En.    Temperature
   -9.70261e+05    1.93941e+05   -7.76320e+05   -7.58300e+05    3.09833e+02
 Pressure (bar)   Constr. rmsd
   -7.21170e+01    3.28504e-06

           Step           Time
         480000      960.00000

   Energies (kJ/mol)
           Bond            U-B    Proper Dih.  Improper Dih.      CMAP Dih.
    4.02229e+03    1.08848e+04    1.11691e+04    7.06431e+02   -7.10473e+02
          LJ-14     Coulomb-14        LJ (SR)   Coulomb (SR)   Coul. recip.
    2.91852e+03    6.09380e+04    9.38096e+04   -1.15616e+06    3.52819e+03
      Potential    Kinetic En.   Total Energy  Conserved En.    Temperature
   -9.68893e+05    1.94213e+05   -7.74680e+05   -7.58215e+05    3.10267e+02
 Pressure (bar)   Constr. rmsd
    1.55656e+02    3.35594e-06

Writing checkpoint, step 482480 at Sat Apr 25 10:46:48 2026


           Step           Time
         485000      970.00000

   Energies (kJ/mol)
           Bond            U-B    Proper Dih.  Improper Dih.      CMAP Dih.
    3.66250e+03    1.08408e+04    1.10012e+04    6.78959e+02   -6.51019e+02
          LJ-14     Coulomb-14        LJ (SR)   Coulomb (SR)   Coul. recip.
    2.95807e+03    6.08418e+04    9.33763e+04   -1.15682e+06    3.51767e+03
      Potential    Kinetic En.   Total Energy  Conserved En.    Temperature
   -9.70594e+05    1.94134e+05   -7.76461e+05   -7.57890e+05    3.10141e+02
 Pressure (bar)   Constr. rmsd
    8.26810e+01    3.31088e-06

           Step           Time
         490000      980.00000

   Energies (kJ/mol)
           Bond            U-B    Proper Dih.  Improper Dih.      CMAP Dih.
    3.76224e+03    1.10027e+04    1.12083e+04    7.11433e+02   -7.56224e+02
          LJ-14     Coulomb-14        LJ (SR)   Coulomb (SR)   Coul. recip.
    2.99144e+03    6.09680e+04    9.31375e+04   -1.15568e+06    3.51919e+03
      Potential    Kinetic En.   Total Energy  Conserved En.    Temperature
   -9.69139e+05    1.94864e+05   -7.74274e+05   -7.57711e+05    3.11308e+02
 Pressure (bar)   Constr. rmsd
    1.06640e+02    3.20381e-06

           Step           Time
         495000      990.00000

   Energies (kJ/mol)
           Bond            U-B    Proper Dih.  Improper Dih.      CMAP Dih.
    4.13182e+03    1.10589e+04    1.12304e+04    7.31690e+02   -7.28050e+02
          LJ-14     Coulomb-14        LJ (SR)   Coulomb (SR)   Coul. recip.
    2.96364e+03    6.06463e+04    9.28670e+04   -1.15408e+06    3.54146e+03
      Potential    Kinetic En.   Total Energy  Conserved En.    Temperature
   -9.67632e+05    1.93799e+05   -7.73833e+05   -7.58250e+05    3.09606e+02
 Pressure (bar)   Constr. rmsd
   -3.94740e+01    3.37321e-06

           Step           Time
         500000     1000.00000

Writing checkpoint, step 500000 at Sat Apr 25 10:53:42 2026


   Energies (kJ/mol)
           Bond            U-B    Proper Dih.  Improper Dih.      CMAP Dih.
    3.73835e+03    1.08799e+04    1.10725e+04    6.94126e+02   -7.50499e+02
          LJ-14     Coulomb-14        LJ (SR)   Coulomb (SR)   Coul. recip.
    3.01878e+03    6.11069e+04    9.33522e+04   -1.15666e+06    3.59346e+03
      Potential    Kinetic En.   Total Energy  Conserved En.    Temperature
   -9.69952e+05    1.94844e+05   -7.75108e+05   -7.58041e+05    3.11274e+02
 Pressure (bar)   Constr. rmsd
   -2.64174e+01    3.29136e-06


Energy conservation over simulation part #1 of length 1000 ps, time 0 to 1000 ps
  Conserved energy drift: 2.39e-04 kJ/mol/ps per atom


	<======  ###############  ==>
	<====  A V E R A G E S  ====>
	<==  ###############  ======>

	Statistics over 500001 steps using 5001 frames

   Energies (kJ/mol)
           Bond            U-B    Proper Dih.  Improper Dih.      CMAP Dih.
    3.81505e+03    1.09573e+04    1.12492e+04    7.10987e+02   -7.09916e+02
          LJ-14     Coulomb-14        LJ (SR)   Coulomb (SR)   Coul. recip.
    3.00302e+03    6.09577e+04    9.29859e+04   -1.15590e+06    3.54668e+03
      Potential    Kinetic En.   Total Energy  Conserved En.    Temperature
   -9.69381e+05    1.94047e+05   -7.75334e+05   -7.66929e+05    3.10002e+02
 Pressure (bar)   Constr. rmsd
   -2.57688e+00    0.00000e+00

          Box-X          Box-Y          Box-Z
    9.02766e+00    9.02766e+00    9.02766e+00

   Total Virial (kJ/mol)
    6.47149e+04    4.68449e+01   -3.41008e+01
    4.66300e+01    6.47318e+04    5.46239e+00
   -3.43058e+01    5.48778e+00    6.47774e+04

   Pressure (bar)
   -2.14506e+00   -2.64730e-02    1.93656e+00
   -1.67745e-02   -3.02079e+00   -3.47194e-01
    1.94581e+00   -3.48343e-01   -2.56479e+00


       P P   -   P M E   L O A D   B A L A N C I N G

 PP/PME load balancing changed the cut-off and PME settings:
           particle-particle                    PME
            rcoulomb  rlist            grid      spacing   1/beta
   initial  1.200 nm  1.200 nm      60  60  60   0.150 nm  0.384 nm
   final    1.200 nm  1.200 nm      60  60  60   0.150 nm  0.384 nm
 cost-ratio           1.00             1.00
 (note that these numbers concern only part of the total PP and PME load)


	M E G A - F L O P S   A C C O U N T I N G

 NB=Group-cutoff nonbonded kernels    NxN=N-by-N cluster Verlet kernels
 RF=Reaction-Field  VdW=Van der Waals  QSTab=quadratic-spline table
 W3=SPC/TIP3p  W4=TIP4p (single or pairs)
 V&F=Potential and force  V=Potential only  F=Force only

 Computing:                               M-Number         M-Flops  % Flops
-----------------------------------------------------------------------------
 Pair Search distance check          253464.300644     2281178.706     0.1
 NxN Ewald Elec. + LJ [F]          32679899.406992  2549032153.745    95.3
 NxN Ewald Elec. + LJ [V&F]          330167.143344    42591561.491     1.6
 NxN Ewald Elec. [F]                 250235.618672    15264372.739     0.6
 NxN Ewald Elec. [V&F]                 2526.504144      212226.348     0.0
 1,4 nonbonded interactions            5953.511907      535816.072     0.0
 Calc Weights                        111205.722411     4003406.007     0.1
 Spread Q Bspline                   2372388.744768     4744777.490     0.2
 Gather F Bspline                   2372388.744768    14234332.469     0.5
 3D-FFT                             3827672.655330    30621381.243     1.1
 Solve PME                            55800.111600     3571207.142     0.1
 Reset In Box                           463.356250        1390.069     0.0
 CG-CoM                                 463.430387        1390.291     0.0
 Bonds                                 1150.502301       67879.636     0.0
 Propers                               5695.011390     1304157.608     0.0
 Impropers                              392.000784       81536.163     0.0
 Virial                                 370.984182        6677.715     0.0
 Stop-CM                                370.759137        3707.591     0.0
 P-Coupling                             370.759137        2224.555     0.0
 Calc-Ekin                              741.518274       20020.993     0.0
 Lincs                                 1140.002280       68400.137     0.0
 Lincs-Mat                             6624.013248       26496.053     0.0
 Constraint-V                         37059.074118      333531.667     0.0
 Constraint-Vir                         359.261838        8622.284     0.0
 Settle                               11593.023186     4289418.579     0.2
 CMAP                                   152.500305      259250.519     0.0
 Urey-Bradley                          4156.508313      760641.021     0.0
-----------------------------------------------------------------------------
 Total                                              2674327758.333   100.0
-----------------------------------------------------------------------------


    D O M A I N   D E C O M P O S I T I O N   S T A T I S T I C S

 av. #atoms communicated per step for force:  2 x 0.0
 av. #atoms communicated per step for LINCS:  2 x 0.0


      R E A L   C Y C L E   A N D   T I M E   A C C O U N T I N G

On 1 MPI rank, each using 12 OpenMP threads

 Activity:              Num   Num      Call    Wall time         Giga-Cycles
                        Ranks Threads  Count      (s)         total sum    %
--------------------------------------------------------------------------------
 Domain decomp.            1   12       6250     154.662        619.984   0.3
 Neighbor search           1   12       6251     527.421       2114.245   1.0
 Force                     1   12     500001   43982.026     176308.565  85.0
 PME mesh                  1   12     500001    5023.852      20138.866   9.7
 NB X/F buffer ops.        1   12    1000002     826.400       3312.749   1.6
 Write traj.               1   12        158      54.908        220.105   0.1
 Update                    1   12     500001     509.729       2043.327   1.0
 Constraints               1   12     500001     537.465       2154.509   1.0
 Kinetic energy            1   12      10001       4.467         17.907   0.0
 Rest                                             96.754        387.853   0.2
--------------------------------------------------------------------------------
 Total                                         51717.683     207318.111 100.0
--------------------------------------------------------------------------------
 Breakdown of PME mesh activities
--------------------------------------------------------------------------------
 PME spread                1   12     500001    2466.244       9886.312   4.8
 PME gather                1   12     500001    1331.581       5337.843   2.6
 PME 3D-FFT                1   12    1000002    1083.516       4343.437   2.1
 PME solve Elec            1   12     500001      69.273        277.691   0.1
--------------------------------------------------------------------------------

               Core t (s)   Wall t (s)        (%)
       Time:   620612.166    51717.683     1200.0
                         14h21:57
                 (ns/day)    (hour/ns)    (ms/step)  (Matom*steps/s) 
Performance:        1.671       14.366      103.435            0.717 
Finished mdrun on rank 0 Sat Apr 25 10:53:42 2026

