                :-) GROMACS - gmx mdrun, 2026.0-conda_forge (-:

Copyright 1991-2026 The GROMACS Authors.
GROMACS is free software; you can redistribute it and/or modify it
under the terms of the GNU Lesser General Public License
as published by the Free Software Foundation; either version 2.1
of the License, or (at your option) any later version.

                         Current GROMACS contributors:
       Mark Abraham           Andrey Alekseenko           Brian Andrews       
        Paul Bauer              Cathrine Bergh              Hugh Bird         
      Eliane Briand               Ania Brown                Yiqi Chen         
      Mahesh Doijade            Giacomo Fiorin          Stefan Fleischmann    
      Sergey Gorelov         Gilles Gouaillardet            Alan Gray         
   Farzaneh Jalalypour         Petter Johansson          Carsten Kutzner      
    Grzegorz Łazarski         Justin A. Lemkul          Magnus Lundborg      
        Julio Maia               Pascal Merz             Vedran Miletić      
      Dmitry Morozov           Lukas Müllender           Szilárd Páll      
 Andrea Pasquadibisceglie     Michele Pellegrino         Nicola Piasentin     
     Daniele Rapetti         Muhammad Umair Sadiq         Hubert Santuz       
      Michael Shirts           Tatiana Shugaeva          Alexey Shvetsov      
     Bálint Soproni            Philip Turner            Alessandra Villa     
        Yang Zhang        

                         Previous GROMACS contributors:
        Emile Apol             Rossen Apostolov           James Barnett       
      Vladimir Basov        Herman J.C. Berendsen          Par Bjelkmar       
      Christian Blau          Viacheslav Bolnykh            Kevin Boyd        
    Aldert van Buuren          Carlo Camilloni           Rudi van Drunen      
      Anton Feenstra           Oliver Fleetwood            Vytas Gapsys       
       Gaurav Garg             Gerrit Groenhof            Bert de Groot       
      Anca Hamuraru           Vincent Hindriksen          Victor Holanda      
     M. Eric Irrgang           Aleksei Iupinov              Joe Jordan        
    Christoph Junghans        Prashanth Kanduri        Dimitrios Karkoulis    
       Peter Kasson             Sebastian Kehl           Sebastian Keller     
        Jiri Kraus               Per Larsson              Viveca Lindahl      
      Erik Marklund           Pieter Meulenhoff           Teemu Murtola       
       Julien Nabet              Sander Pronk             Roland Schulz       
      Alfons Sijbers         David van der Spoel          Peter Tieleman      
      Carsten Uphoff             Jon Vincent             Teemu Virolainen     
    Christian Wennberg     Sebastian Wingbermühle         Maarten Wolf       
      Artem Zhmurov       

                  Coordinated by the GROMACS project leaders:
                           Berk Hess and Erik Lindahl

GROMACS:      gmx mdrun, version 2026.0-conda_forge
Executable:   /home/apxpulido/miniconda3/envs/md_core/bin.AVX2_256/gmx
Data prefix:  /home/apxpulido/miniconda3/envs/md_core
Working dir:  /mnt/c/Users/apxpu/OneDrive/Desktop/MD2
Process ID:   3948
Command line:
  gmx mdrun -deffnm ie -rerun md.xtc -nb cpu

GROMACS version:     2026.0-conda_forge
Precision:           mixed
Memory model:        64 bit
MPI library:         thread_mpi
MPI version:         built in
OpenMP support:      enabled (GMX_OPENMP_MAX_THREADS = 128)
GPU support:         OpenCL
NBNxM GPU setup:     super-cluster 2x2x2 / cluster 8 (cluster-pair splitting on)
SIMD instructions:   AVX2_256
CPU FFT library:     fftw-3.3.10-sse2-avx
GPU FFT library:     clFFT
Multi-GPU FFT:       none
RDTSCP:              disabled
TNG support:         enabled
Hwloc support:       disabled
Tracing support:     disabled
Colvars support:     enabled (version 2025-10-13)
CP2K support:        disabled
Torch support:       disabled
Plumed support:      enabled
C compiler:          /home/conda/feedstock_root/build_artifacts/gromacs_1770909732141/_build_env/bin/x86_64-conda-linux-gnu-cc GNU 14.3.0
C compiler flags:    -fexcess-precision=fast -funroll-all-loops -mavx2 -mfma -Wno-missing-field-initializers -O3 -DNDEBUG
C++ compiler:        /home/conda/feedstock_root/build_artifacts/gromacs_1770909732141/_build_env/bin/x86_64-conda-linux-gnu-c++ GNU 14.3.0
C++ compiler flags:  -fexcess-precision=fast -funroll-all-loops -mavx2 -mfma -Wno-missing-field-initializers -Wno-stringop-truncation -Wno-cast-function-type-strict SHELL:-fopenmp -O3 -DNDEBUG
BLAS library:        Internal
LAPACK library:      Internal
OpenCL include dir:  /home/apxpulido/miniconda3/envs/md_core/include
OpenCL library:      /home/apxpulido/miniconda3/envs/md_core/lib/libOpenCL.so
OpenCL version:      3.0


Running on 1 node with total 6 cores, 12 processing units (GPU detection failed: No valid OpenCL driver found)
Hardware detected on host DESKTOP-PDNJ7VN:
  CPU info:
    Vendor: AMD
    Brand:  AMD Ryzen AI 5 340 w/ Radeon 840M              
    Family: 26   Model: 96   Stepping: 0
    Features: aes amd apic avx avx2 avx512f avx512cd avx512bw avx512vl avx512bf16 avx512secondFMA clfsh cmov cx8 cx16 f16c fma htt lahf misalignsse mmx msr nonstop_tsc pclmuldq pdpe1gb popcnt pse rdrnd rdtscp sha sse2 sse3 sse4a sse4.1 sse4.2 ssse3
  Hardware topology: Basic
    Packages, cores, and logical processors:
    [indices refer to OS logical processors]
      Package  0: [   0   1] [   2   3] [   4   5] [   6   7] [   8   9] [  10  11]
    CPU limit set by OS: -1   Recommended max number of threads: 12

Likely fastest SIMD instructions supported by all nodes: AVX_512
SIMD instructions selected at compile time:              AVX2_256
On non-Intel hardware supporting AVX-512, you might gain a few percent
performance by recompiling to use it, at least for CPU-only runs.

The current CPU can measure timings more accurately than the code in
gmx mdrun was configured to use. This might affect your simulation
speed as accurate timings are needed for load-balancing.
Please consider rebuilding gmx mdrun with the GMX_USE_RDTSCP=ON CMake option.

++++ PLEASE READ AND CITE THE FOLLOWING REFERENCE ++++
M. J. Abraham, T. Murtola, R. Schulz, S. Páll, J. C. Smith, B. Hess, E.
Lindahl
GROMACS: High performance molecular simulations through multi-level
parallelism from laptops to supercomputers
SoftwareX (2015)
https://doi.org/10.1016/j.softx.2015.06.001
-------- -------- --- Thank You --- -------- --------


++++ PLEASE READ AND CITE THE FOLLOWING REFERENCE ++++
S. Páll, M. J. Abraham, C. Kutzner, B. Hess, E. Lindahl
Tackling Exascale Software Challenges in Molecular Dynamics Simulations with
GROMACS
In S. Markidis & E. Laure (Eds.), Solving Software Challenges for Exascale (2015)
https://doi.org/10.1007/978-3-319-15976-8_1
-------- -------- --- Thank You --- -------- --------


++++ PLEASE READ AND CITE THE FOLLOWING REFERENCE ++++
S. Pronk, S. Páll, R. Schulz, P. Larsson, P. Bjelkmar, R. Apostolov, M. R.
Shirts, J. C. Smith, P. M. Kasson, D. van der Spoel, B. Hess, E. Lindahl
GROMACS 4.5: a high-throughput and highly parallel open source molecular
simulation toolkit
Bioinformatics (2013)
https://doi.org/10.1093/bioinformatics/btt055
-------- -------- --- Thank You --- -------- --------


++++ PLEASE READ AND CITE THE FOLLOWING REFERENCE ++++
B. Hess, C. Kutzner, D. van der Spoel, E. Lindahl
GROMACS 4: Algorithms for highly efficient, load-balanced, and scalable
molecular simulation
J. Chem. Theory Comput. (2008)
https://doi.org/10.1021/ct700301q
-------- -------- --- Thank You --- -------- --------


++++ PLEASE READ AND CITE THE FOLLOWING REFERENCE ++++
D. van der Spoel, E. Lindahl, B. Hess, G. Groenhof, A. E. Mark, H. J. C.
Berendsen
GROMACS: Fast, Flexible and Free
J. Comp. Chem. (2005)
https://doi.org/10.1002/jcc.20291
-------- -------- --- Thank You --- -------- --------


++++ PLEASE READ AND CITE THE FOLLOWING REFERENCE ++++
E. Lindahl, B. Hess, D. van der Spoel
GROMACS 3.0: A package for molecular simulation and trajectory analysis
J. Mol. Mod. (2001)
https://doi.org/10.1007/s008940100045
-------- -------- --- Thank You --- -------- --------


++++ PLEASE READ AND CITE THE FOLLOWING REFERENCE ++++
H. J. C. Berendsen, D. van der Spoel and R. van Drunen
GROMACS: A message-passing parallel molecular dynamics implementation
Comp. Phys. Comm. (1995)
https://doi.org/10.1016/0010-4655(95)00042-E
-------- -------- --- Thank You --- -------- --------


Nonbonded interactions on GPUs are not supported:
  Multiple energy groups is not implemented for GPUs.
Input Parameters:
   integrator                     = md
   tinit                          = 0
   dt                             = 0.002
   nsteps                         = 500000
   init-step                      = 0
   simulation-part                = 1
   mts                            = false
   mass-repartition-factor        = 1
   comm-mode                      = Linear
   nstcomm                        = 100
   bd-fric                        = 0
   ld-seed                        = -536870915
   emtol                          = 10
   emstep                         = 0.01
   niter                          = 20
   fcstep                         = 0
   nstcgsteep                     = 1000
   nbfgscorr                      = 10
   rtpi                           = 0.05
   nstxout                        = 0
   nstvout                        = 0
   nstfout                        = 0
   nstlog                         = 5000
   nstcalcenergy                  = 100
   nstenergy                      = 5000
   nstxout-compressed             = 5000
   compressed-x-precision         = 1000
   cutoff-scheme                  = Verlet
   nstlist                        = 10
   pbc                            = xyz
   periodic-molecules             = false
   verlet-buffer-tolerance        = 0.005
   verlet-buffer-pressure-tolerance = 0.5
   rlist                          = 1.2
   coulombtype                    = PME
   coulomb-modifier               = Potential-shift
   rcoulomb-switch                = 0
   rcoulomb                       = 1.2
   epsilon-r                      = 1
   epsilon-rf                     = inf
   vdw-type                       = Cut-off
   vdw-modifier                   = Force-switch
   rvdw-switch                    = 1
   rvdw                           = 1.2
   DispCorr                       = No
   table-extension                = 1
   fourierspacing                 = 0.16
   fourier-nx                     = 60
   fourier-ny                     = 60
   fourier-nz                     = 60
   pme-order                      = 4
   ewald-rtol                     = 1e-05
   ewald-rtol-lj                  = 0.001
   lj-pme-comb-rule               = Geometric
   ewald-geometry                 = 3d
   epsilon-surface                = 0
   ensemble-temperature-setting   = constant
   ensemble-temperature           = 310
   tcoupl                         = V-rescale
   nsttcouple                     = 100
   nh-chain-length                = 0
   print-nose-hoover-chain-variables = false
   pcoupl                         = C-rescale
   pcoupltype                     = Isotropic
   nstpcouple                     = 100
   tau-p                          = 5
   compressibility (3x3):
      compressibility[    0]={ 4.50000e-05,  0.00000e+00,  0.00000e+00}
      compressibility[    1]={ 0.00000e+00,  4.50000e-05,  0.00000e+00}
      compressibility[    2]={ 0.00000e+00,  0.00000e+00,  4.50000e-05}
   ref-p (3x3):
      ref-p[    0]={ 1.00000e+00,  0.00000e+00,  0.00000e+00}
      ref-p[    1]={ 0.00000e+00,  1.00000e+00,  0.00000e+00}
      ref-p[    2]={ 0.00000e+00,  0.00000e+00,  1.00000e+00}
   refcoord-scaling               = No
   posres-com: not available
   posres-comB: not available
   QMMM                           = false
qm-opts:
   ngQM                           = 0
   constraint-algorithm           = Lincs
   continuation                   = true
   Shake-SOR                      = false
   shake-tol                      = 0.0001
   lincs-order                    = 4
   lincs-iter                     = 1
   lincs-warnangle                = 30
   nwall                          = 0
   wall-type                      = 9-3
   wall-r-linpot                  = -1
   wall-atomtype[0]               = -1
   wall-atomtype[1]               = -1
   wall-density[0]                = 0
   wall-density[1]                = 0
   wall-ewald-zfac                = 3
   pull                           = false
   awh                            = false
   rotation                       = false
   interactiveMD                  = false
   disre                          = No
   disre-weighting                = Conservative
   disre-mixed                    = false
   dr-fc                          = 1000
   dr-tau                         = 0
   nstdisreout                    = 100
   orire-fc                       = 0
   orire-tau                      = 0
   nstorireout                    = 100
   free-energy                    = no
   cos-acceleration               = 0
   deform (3x3):
      deform[    0]={ 0.00000e+00,  0.00000e+00,  0.00000e+00}
      deform[    1]={ 0.00000e+00,  0.00000e+00,  0.00000e+00}
      deform[    2]={ 0.00000e+00,  0.00000e+00,  0.00000e+00}
   simulated-tempering            = false
   swapcoords                     = no
   userint1                       = 0
   userint2                       = 0
   userint3                       = 0
   userint4                       = 0
   userreal1                      = 0
   userreal2                      = 0
   userreal3                      = 0
   userreal4                      = 0
   applied-forces:
     electric-field:
       x:
         E0                       = 0
         omega                    = 0
         t0                       = 0
         sigma                    = 0
       y:
         E0                       = 0
         omega                    = 0
         t0                       = 0
         sigma                    = 0
       z:
         E0                       = 0
         omega                    = 0
         t0                       = 0
         sigma                    = 0
     density-guided-simulation:
       active                     = false
       group                      = protein
       similarity-measure         = inner-product
       atom-spreading-weight      = unity
       force-constant             = 1e+09
       gaussian-transform-spreading-width = 0.2
       gaussian-transform-spreading-range-in-multiples-of-width = 4
       reference-density-filename = reference.mrc
       nst                        = 1
       normalize-densities        = true
       adaptive-force-scaling     = false
       adaptive-force-scaling-time-constant = 4
       shift-vector               = 
       transformation-matrix      = 
     qmmm-cp2k:
       active                     = false
       qmgroup                    = System
       qmmethod                   = PBE
       qmfilenames                = 
       qmcharge                   = 0
       qmmultiplicity             = 1
     colvars:
       active                     = false
       configfile                 = 
       seed                       = -1
     nnpot:
       active                     = false
       modelfile                  = model.pt
       input-group                = System
       link-type                  = H
       link-distance              = 0.1
       pair-cutoff                = 0
       embedding                  = mechanical
       nnp-charge                 = 0
       model-input1               = 
       model-input2               = 
       model-input3               = 
       model-input4               = 
       model-input5               = 
       model-input6               = 
       model-input7               = 
       model-input8               = 
       model-input9               = 
   fast-multipole-method:
     fmm:
       backend                    = inactive
       exafmm-order               = 6
       exafmm-direct-range        = 2
       exafmm-direct-provider     = GROMACS
       exafmm-tree-type           = uniform
       exafmm-tree-depth          = 0
       exafmm-max-particles-per-cell = 0
       fmsolvr-order              = 8
       fmsolvr-direct-range       = 1
       fmsolvr-direct-provider    = FMM
       fmsolvr-dipole-compensation = true
       fmsolvr-tree-depth         = 3
       fmsolvr-sparse             = false
grpopts:
   nrdf:      150570
   ref-t:         310
   tau-t:           1
annealing:          No
annealing-npoints:           0
   acc:	           0           0           0
   nfreeze:           N           N           N
   energygrp-flags[  0]: 0 0 0
   energygrp-flags[  1]: 0 0 0
   energygrp-flags[  2]: 0 0 0


Rerun trajectory contains velocities. Rerun does only evaluate potential energy and forces. The velocities will be ignored.
Changing nstlist from 10 to 80, rlist from 1.2 to 1.324


Update groups can not be used for this system because atoms that are (in)directly constrained together are interdispersed with other atoms

Initializing Domain Decomposition on 1 ranks
NOTE: disabling dynamic load balancing as it is not supported in reruns.
Dynamic load balancing: off
Minimum cell size due to atom displacement: 0.645 nm
Initial maximum distances in bonded interactions:
    two-body bonded interactions: 0.431 nm, LJ-14, atoms 1248 1256
  multi-body bonded interactions: 0.501 nm, CMAP Dih., atoms 3139 3148
Minimum cell size due to bonded interactions: 0.552 nm
Maximum distance for 5 constraints, at 120 deg. angles, all-trans: 0.222 nm
Estimated maximum distance required for P-LINCS: 0.222 nm
Using 0 separate PME ranks because: there are too few total ranks for efficient splitting
Optimizing the DD grid for 1 cells with a minimum initial size of 0.645 nm
The maximum allowed number of cells is: X 13 Y 13 Z 13
Domain decomposition grid 1 x 1 x 1, separate PME ranks 0
PME domain decomposition: 1 x 1 x 1

The initial number of communication pulses is:
The initial domain decomposition cell size is:

The maximum allowed distance for atoms involved in interactions is:
                 non-bonded interactions           1.324 nm
(the following are initial values, they could change due to box deformation)
            two-body bonded interactions  (-rdd)   1.324 nm
          multi-body bonded interactions  (-rdd)   1.324 nm
  atoms separated by up to 5 constraints  (-rcon)  9.022 nm

Local state does not use filler particles

Using 1 MPI thread
Using 12 OpenMP threads 

System total charge: -0.050
Will do PME sum in reciprocal space for electrostatic interactions.

++++ PLEASE READ AND CITE THE FOLLOWING REFERENCE ++++
U. Essmann, L. Perera, M. L. Berkowitz, T. Darden, H. Lee, L. G. Pedersen 
A smooth particle mesh Ewald method
J. Chem. Phys. (1995)
https://doi.org/10.1063/1.470117
-------- -------- --- Thank You --- -------- --------

Using a Gaussian width (1/beta) of 0.384195 nm for Ewald
Potential shift: LJ r^-12: -2.648e-01 r^-6: -5.349e-01, Ewald -8.333e-06
Initialized non-bonded Coulomb Ewald tables, spacing: 1.02e-03 size: 1176

Generated table with 1162 data points for 1-4 COUL.
Tabscale = 500 points/nm
Generated table with 1162 data points for 1-4 LJ6.
Tabscale = 500 points/nm
Generated table with 1162 data points for 1-4 LJ12.
Tabscale = 500 points/nm


Using SIMD4xM 4x8 nonbonded short-range kernels

Using a dual 4x8 pair-list setup updated with dynamic pruning:
  outer list: updated every 80 steps, buffer 0.124 nm, rlist 1.324 nm
  inner list: updated every 12 steps, buffer 0.000 nm, rlist 1.200 nm
At tolerance 0.005 kJ/mol/ps per atom, equivalent classical 1x1 list would be:
  outer list: updated every 80 steps, buffer 0.268 nm, rlist 1.468 nm
  inner list: updated every 12 steps, buffer 0.047 nm, rlist 1.247 nm

The average pressure is off by at most 0.19 bar due to missing LJ interactions

Linking all bonded interactions to atoms


Pinning threads with an auto-selected logical cpu stride of 1

Initializing Parallel LINear Constraint Solver

++++ PLEASE READ AND CITE THE FOLLOWING REFERENCE ++++
B. Hess
P-LINCS: A Parallel Linear Constraint Solver for molecular simulation
J. Chem. Theory Comput. (2008)
https://doi.org/10.1021/ct700200b
-------- -------- --- Thank You --- -------- --------

The number of constraints is 2280
There are constraints between atoms in different decomposition domains,
will communicate selected coordinates each lincs iteration

++++ PLEASE READ AND CITE THE FOLLOWING REFERENCE ++++
S. Miyamoto, P. A. Kollman
SETTLE: An Analytical Version of the SHAKE and RATTLE Algorithms for Rigid
Water Models
J. Comp. Chem. (1992)
https://doi.org/10.1002/jcc.540130805
-------- -------- --- Thank You --- -------- --------


Note that it is planned that the command gmx mdrun -rerun will be available in a different form in a future version of GROMACS, e.g. gmx rerun -f.
There are: 74137 Atoms

Atom distribution over 1 domains: av 74137 stddev 0 min 74137 max 74137

Started mdrun on rank 0 Sat Apr 25 11:28:31 2026


Simulations has constraints. Rerun does not recalculate constraints.

Rerun does not report kinetic energy, total energy, temperature, virial and pressure.

Atom distribution over 1 domains: av 74137 stddev 0 min 74137 max 74137
           Step           Time
              0        0.00000


   Energies (kJ/mol)
           Bond            U-B    Proper Dih.  Improper Dih.      CMAP Dih.
    3.80903e+03    1.07717e+04    1.14087e+04    7.60174e+02   -6.30227e+02
          LJ-14     Coulomb-14        LJ (SR)   Coulomb (SR)   Coul. recip.
    3.10558e+03    6.11548e+04    9.32451e+04   -1.15691e+06    3.76899e+03
      Potential
   -9.69516e+05

Atom distribution over 1 domains: av 74137 stddev 0 min 74137 max 74137
           Step           Time
           5000       10.00000


   Energies (kJ/mol)
           Bond            U-B    Proper Dih.  Improper Dih.      CMAP Dih.
    3.82924e+03    1.10292e+04    1.14660e+04    7.20657e+02   -7.42403e+02
          LJ-14     Coulomb-14        LJ (SR)   Coulomb (SR)   Coul. recip.
    3.10486e+03    6.06833e+04    9.29647e+04   -1.15513e+06    3.55841e+03
      Potential
   -9.68512e+05

Atom distribution over 1 domains: av 74137 stddev 0 min 74137 max 74137
           Step           Time
          10000       20.00000


   Energies (kJ/mol)
           Bond            U-B    Proper Dih.  Improper Dih.      CMAP Dih.
    4.01422e+03    1.05425e+04    1.13408e+04    7.40419e+02   -7.28143e+02
          LJ-14     Coulomb-14        LJ (SR)   Coulomb (SR)   Coul. recip.
    3.05335e+03    6.10063e+04    9.20553e+04   -1.15330e+06    3.62644e+03
      Potential
   -9.67651e+05

Atom distribution over 1 domains: av 74137 stddev 0 min 74137 max 74137
           Step           Time
          15000       30.00000


   Energies (kJ/mol)
           Bond            U-B    Proper Dih.  Improper Dih.      CMAP Dih.
    3.69694e+03    1.10387e+04    1.13742e+04    7.22485e+02   -6.17763e+02
          LJ-14     Coulomb-14        LJ (SR)   Coulomb (SR)   Coul. recip.
    3.02341e+03    6.08419e+04    9.28340e+04   -1.15451e+06    3.54514e+03
      Potential
   -9.68051e+05

Atom distribution over 1 domains: av 74137 stddev 0 min 74137 max 74137
           Step           Time
          20000       40.00000


   Energies (kJ/mol)
           Bond            U-B    Proper Dih.  Improper Dih.      CMAP Dih.
    4.02616e+03    1.09028e+04    1.12626e+04    6.97353e+02   -6.79434e+02
          LJ-14     Coulomb-14        LJ (SR)   Coulomb (SR)   Coul. recip.
    2.98810e+03    6.07017e+04    9.08928e+04   -1.15205e+06    3.49011e+03
      Potential
   -9.67768e+05

Atom distribution over 1 domains: av 74137 stddev 0 min 74137 max 74137
           Step           Time
          25000       50.00000


   Energies (kJ/mol)
           Bond            U-B    Proper Dih.  Improper Dih.      CMAP Dih.
    3.86991e+03    1.10993e+04    1.12914e+04    6.85477e+02   -7.38977e+02
          LJ-14     Coulomb-14        LJ (SR)   Coulomb (SR)   Coul. recip.
    2.97630e+03    6.08139e+04    9.13684e+04   -1.15392e+06    3.65703e+03
      Potential
   -9.68894e+05

Atom distribution over 1 domains: av 74137 stddev 0 min 74137 max 74137
           Step           Time
          30000       60.00000


   Energies (kJ/mol)
           Bond            U-B    Proper Dih.  Improper Dih.      CMAP Dih.
    3.72209e+03    1.10274e+04    1.13056e+04    7.36209e+02   -6.92573e+02
          LJ-14     Coulomb-14        LJ (SR)   Coulomb (SR)   Coul. recip.
    2.99113e+03    6.09758e+04    9.28510e+04   -1.15528e+06    3.52966e+03
      Potential
   -9.68839e+05

Atom distribution over 1 domains: av 74137 stddev 0 min 74137 max 74137
           Step           Time
          35000       70.00000


   Energies (kJ/mol)
           Bond            U-B    Proper Dih.  Improper Dih.      CMAP Dih.
    3.82314e+03    1.11073e+04    1.13562e+04    7.43752e+02   -7.62578e+02
          LJ-14     Coulomb-14        LJ (SR)   Coulomb (SR)   Coul. recip.
    3.01333e+03    6.08995e+04    9.31576e+04   -1.15572e+06    3.52300e+03
      Potential
   -9.68861e+05

Atom distribution over 1 domains: av 74137 stddev 0 min 74137 max 74137
           Step           Time
          40000       80.00000


   Energies (kJ/mol)
           Bond            U-B    Proper Dih.  Improper Dih.      CMAP Dih.
    3.79825e+03    1.07329e+04    1.13326e+04    7.16250e+02   -6.95216e+02
          LJ-14     Coulomb-14        LJ (SR)   Coulomb (SR)   Coul. recip.
    3.10055e+03    6.10785e+04    9.19279e+04   -1.15414e+06    3.46922e+03
      Potential
   -9.68676e+05

Atom distribution over 1 domains: av 74137 stddev 0 min 74137 max 74137
           Step           Time
          45000       90.00000


   Energies (kJ/mol)
           Bond            U-B    Proper Dih.  Improper Dih.      CMAP Dih.
    3.83677e+03    1.10770e+04    1.11844e+04    7.53705e+02   -7.51858e+02
          LJ-14     Coulomb-14        LJ (SR)   Coulomb (SR)   Coul. recip.
    3.07143e+03    6.05859e+04    9.23785e+04   -1.15378e+06    3.56099e+03
      Potential
   -9.68087e+05

Atom distribution over 1 domains: av 74137 stddev 0 min 74137 max 74137
           Step           Time
          50000      100.00000


   Energies (kJ/mol)
           Bond            U-B    Proper Dih.  Improper Dih.      CMAP Dih.
    3.68427e+03    1.11786e+04    1.13199e+04    7.17027e+02   -6.18018e+02
          LJ-14     Coulomb-14        LJ (SR)   Coulomb (SR)   Coul. recip.
    3.08187e+03    6.07012e+04    9.31326e+04   -1.15726e+06    3.52770e+03
      Potential
   -9.70536e+05

Atom distribution over 1 domains: av 74137 stddev 0 min 74137 max 74137
           Step           Time
          55000      110.00000


   Energies (kJ/mol)
           Bond            U-B    Proper Dih.  Improper Dih.      CMAP Dih.
    3.90929e+03    1.10487e+04    1.13910e+04    7.78997e+02   -7.46580e+02
          LJ-14     Coulomb-14        LJ (SR)   Coulomb (SR)   Coul. recip.
    3.02728e+03    6.07454e+04    9.31473e+04   -1.15612e+06    3.65001e+03
      Potential
   -9.69167e+05

Atom distribution over 1 domains: av 74137 stddev 0 min 74137 max 74137
           Step           Time
          60000      120.00000


   Energies (kJ/mol)
           Bond            U-B    Proper Dih.  Improper Dih.      CMAP Dih.
    3.70048e+03    1.11660e+04    1.12760e+04    7.85435e+02   -7.53524e+02
          LJ-14     Coulomb-14        LJ (SR)   Coulomb (SR)   Coul. recip.
    2.97972e+03    6.07461e+04    9.35358e+04   -1.15679e+06    3.50252e+03
      Potential
   -9.69854e+05

Atom distribution over 1 domains: av 74137 stddev 0 min 74137 max 74137
           Step           Time
          65000      130.00000


   Energies (kJ/mol)
           Bond            U-B    Proper Dih.  Improper Dih.      CMAP Dih.
    3.98033e+03    1.09666e+04    1.13046e+04    7.07375e+02   -6.56133e+02
          LJ-14     Coulomb-14        LJ (SR)   Coulomb (SR)   Coul. recip.
    3.02470e+03    6.04781e+04    9.25401e+04   -1.15669e+06    3.45227e+03
      Potential
   -9.70890e+05

Atom distribution over 1 domains: av 74137 stddev 0 min 74137 max 74137
           Step           Time
          70000      140.00000


   Energies (kJ/mol)
           Bond            U-B    Proper Dih.  Improper Dih.      CMAP Dih.
    3.76319e+03    1.13257e+04    1.12953e+04    7.08045e+02   -7.63513e+02
          LJ-14     Coulomb-14        LJ (SR)   Coulomb (SR)   Coul. recip.
    3.15359e+03    6.06449e+04    9.37167e+04   -1.15686e+06    3.51456e+03
      Potential
   -9.69500e+05

Atom distribution over 1 domains: av 74137 stddev 0 min 74137 max 74137
           Step           Time
          75000      150.00000


   Energies (kJ/mol)
           Bond            U-B    Proper Dih.  Improper Dih.      CMAP Dih.
    3.86937e+03    1.08033e+04    1.13302e+04    7.81056e+02   -7.53863e+02
          LJ-14     Coulomb-14        LJ (SR)   Coulomb (SR)   Coul. recip.
    2.93275e+03    6.05672e+04    9.49757e+04   -1.15860e+06    3.53858e+03
      Potential
   -9.70557e+05

Atom distribution over 1 domains: av 74137 stddev 0 min 74137 max 74137
           Step           Time
          80000      160.00000


   Energies (kJ/mol)
           Bond            U-B    Proper Dih.  Improper Dih.      CMAP Dih.
    3.90449e+03    1.08436e+04    1.12253e+04    6.58010e+02   -6.85888e+02
          LJ-14     Coulomb-14        LJ (SR)   Coulomb (SR)   Coul. recip.
    3.08986e+03    6.10997e+04    9.30165e+04   -1.15481e+06    3.49926e+03
      Potential
   -9.68157e+05

Atom distribution over 1 domains: av 74137 stddev 0 min 74137 max 74137
           Step           Time
          85000      170.00000


   Energies (kJ/mol)
           Bond            U-B    Proper Dih.  Improper Dih.      CMAP Dih.
    3.89097e+03    1.08656e+04    1.13377e+04    6.91846e+02   -6.96271e+02
          LJ-14     Coulomb-14        LJ (SR)   Coulomb (SR)   Coul. recip.
    3.00073e+03    6.08305e+04    9.48365e+04   -1.15859e+06    3.53830e+03
      Potential
   -9.70291e+05

Atom distribution over 1 domains: av 74137 stddev 0 min 74137 max 74137
           Step           Time
          90000      180.00000


   Energies (kJ/mol)
           Bond            U-B    Proper Dih.  Improper Dih.      CMAP Dih.
    3.80648e+03    1.09360e+04    1.12841e+04    6.92617e+02   -7.05443e+02
          LJ-14     Coulomb-14        LJ (SR)   Coulomb (SR)   Coul. recip.
    3.10598e+03    6.10746e+04    9.38790e+04   -1.15629e+06    3.53386e+03
      Potential
   -9.68681e+05

Atom distribution over 1 domains: av 74137 stddev 0 min 74137 max 74137
           Step           Time
          95000      190.00000


   Energies (kJ/mol)
           Bond            U-B    Proper Dih.  Improper Dih.      CMAP Dih.
    4.00729e+03    1.13272e+04    1.12646e+04    7.48502e+02   -6.80113e+02
          LJ-14     Coulomb-14        LJ (SR)   Coulomb (SR)   Coul. recip.
    2.96661e+03    6.04881e+04    9.26240e+04   -1.15543e+06    3.62538e+03
      Potential
   -9.69063e+05

Atom distribution over 1 domains: av 74137 stddev 0 min 74137 max 74137
           Step           Time
         100000      200.00000


   Energies (kJ/mol)
           Bond            U-B    Proper Dih.  Improper Dih.      CMAP Dih.
    3.99545e+03    1.11143e+04    1.11386e+04    7.27703e+02   -6.34819e+02
          LJ-14     Coulomb-14        LJ (SR)   Coulomb (SR)   Coul. recip.
    2.98817e+03    6.06657e+04    9.30364e+04   -1.15454e+06    3.60228e+03
      Potential
   -9.67902e+05

Atom distribution over 1 domains: av 74137 stddev 0 min 74137 max 74137
           Step           Time
         105000      210.00000


   Energies (kJ/mol)
           Bond            U-B    Proper Dih.  Improper Dih.      CMAP Dih.
    4.06245e+03    1.11103e+04    1.12557e+04    6.77162e+02   -6.31941e+02
          LJ-14     Coulomb-14        LJ (SR)   Coulomb (SR)   Coul. recip.
    3.00243e+03    6.11279e+04    9.25984e+04   -1.15498e+06    3.55117e+03
      Potential
   -9.68222e+05

Atom distribution over 1 domains: av 74137 stddev 0 min 74137 max 74137
           Step           Time
         110000      220.00000


   Energies (kJ/mol)
           Bond            U-B    Proper Dih.  Improper Dih.      CMAP Dih.
    3.92160e+03    1.09576e+04    1.13876e+04    7.25865e+02   -7.77549e+02
          LJ-14     Coulomb-14        LJ (SR)   Coulomb (SR)   Coul. recip.
    3.03735e+03    6.09903e+04    9.39179e+04   -1.15703e+06    3.57649e+03
      Potential
   -9.69291e+05

Atom distribution over 1 domains: av 74137 stddev 0 min 74137 max 74137
           Step           Time
         115000      230.00000


   Energies (kJ/mol)
           Bond            U-B    Proper Dih.  Improper Dih.      CMAP Dih.
    3.81583e+03    1.08984e+04    1.12647e+04    6.96730e+02   -6.48016e+02
          LJ-14     Coulomb-14        LJ (SR)   Coulomb (SR)   Coul. recip.
    3.09272e+03    6.10774e+04    9.39606e+04   -1.15701e+06    3.56614e+03
      Potential
   -9.69285e+05

Atom distribution over 1 domains: av 74137 stddev 0 min 74137 max 74137
           Step           Time
         120000      240.00000


   Energies (kJ/mol)
           Bond            U-B    Proper Dih.  Improper Dih.      CMAP Dih.
    3.82091e+03    1.10783e+04    1.12177e+04    7.33384e+02   -7.03578e+02
          LJ-14     Coulomb-14        LJ (SR)   Coulomb (SR)   Coul. recip.
    3.07258e+03    6.09537e+04    9.33450e+04   -1.15717e+06    3.49417e+03
      Potential
   -9.70159e+05

Atom distribution over 1 domains: av 74137 stddev 0 min 74137 max 74137
           Step           Time
         125000      250.00000


   Energies (kJ/mol)
           Bond            U-B    Proper Dih.  Improper Dih.      CMAP Dih.
    3.76593e+03    1.07794e+04    1.11868e+04    7.56728e+02   -7.24220e+02
          LJ-14     Coulomb-14        LJ (SR)   Coulomb (SR)   Coul. recip.
    3.00670e+03    6.09868e+04    9.30815e+04   -1.15583e+06    3.62696e+03
      Potential
   -9.69360e+05

Atom distribution over 1 domains: av 74137 stddev 0 min 74137 max 74137
           Step           Time
         130000      260.00000


   Energies (kJ/mol)
           Bond            U-B    Proper Dih.  Improper Dih.      CMAP Dih.
    3.76763e+03    1.09284e+04    1.14276e+04    6.98357e+02   -7.59653e+02
          LJ-14     Coulomb-14        LJ (SR)   Coulomb (SR)   Coul. recip.
    2.90058e+03    6.11356e+04    9.11351e+04   -1.15430e+06    3.47718e+03
      Potential
   -9.69589e+05

Atom distribution over 1 domains: av 74137 stddev 0 min 74137 max 74137
           Step           Time
         135000      270.00000


   Energies (kJ/mol)
           Bond            U-B    Proper Dih.  Improper Dih.      CMAP Dih.
    3.68610e+03    1.10692e+04    1.13523e+04    7.16167e+02   -7.13891e+02
          LJ-14     Coulomb-14        LJ (SR)   Coulomb (SR)   Coul. recip.
    2.93448e+03    6.10433e+04    9.22899e+04   -1.15513e+06    3.60196e+03
      Potential
   -9.69149e+05

Atom distribution over 1 domains: av 74137 stddev 0 min 74137 max 74137
           Step           Time
         140000      280.00000


   Energies (kJ/mol)
           Bond            U-B    Proper Dih.  Improper Dih.      CMAP Dih.
    3.85833e+03    1.07754e+04    1.14051e+04    7.61193e+02   -8.09426e+02
          LJ-14     Coulomb-14        LJ (SR)   Coulomb (SR)   Coul. recip.
    3.08762e+03    6.11839e+04    9.26295e+04   -1.15493e+06    3.61344e+03
      Potential
   -9.68421e+05

Atom distribution over 1 domains: av 74137 stddev 0 min 74137 max 74137
           Step           Time
         145000      290.00000


   Energies (kJ/mol)
           Bond            U-B    Proper Dih.  Improper Dih.      CMAP Dih.
    3.88022e+03    1.09418e+04    1.13160e+04    7.52320e+02   -7.22028e+02
          LJ-14     Coulomb-14        LJ (SR)   Coulomb (SR)   Coul. recip.
    2.93948e+03    6.05496e+04    9.21190e+04   -1.15414e+06    3.60178e+03
      Potential
   -9.68766e+05

Atom distribution over 1 domains: av 74137 stddev 0 min 74137 max 74137
           Step           Time
         150000      300.00000


   Energies (kJ/mol)
           Bond            U-B    Proper Dih.  Improper Dih.      CMAP Dih.
    3.73085e+03    1.11600e+04    1.12655e+04    6.91292e+02   -7.37086e+02
          LJ-14     Coulomb-14        LJ (SR)   Coulomb (SR)   Coul. recip.
    2.97190e+03    6.10448e+04    9.35272e+04   -1.15452e+06    3.54814e+03
      Potential
   -9.67317e+05

Atom distribution over 1 domains: av 74137 stddev 0 min 74137 max 74137
           Step           Time
         155000      310.00000


   Energies (kJ/mol)
           Bond            U-B    Proper Dih.  Improper Dih.      CMAP Dih.
    3.78113e+03    1.09363e+04    1.13218e+04    7.40002e+02   -6.98977e+02
          LJ-14     Coulomb-14        LJ (SR)   Coulomb (SR)   Coul. recip.
    3.03366e+03    6.12570e+04    9.12627e+04   -1.15508e+06    3.46855e+03
      Potential
   -9.69975e+05

Atom distribution over 1 domains: av 74137 stddev 0 min 74137 max 74137
           Step           Time
         160000      320.00000


   Energies (kJ/mol)
           Bond            U-B    Proper Dih.  Improper Dih.      CMAP Dih.
    3.81089e+03    1.09500e+04    1.13423e+04    6.87020e+02   -6.91410e+02
          LJ-14     Coulomb-14        LJ (SR)   Coulomb (SR)   Coul. recip.
    3.03286e+03    6.12445e+04    9.23476e+04   -1.15535e+06    3.62572e+03
      Potential
   -9.69000e+05

Atom distribution over 1 domains: av 74137 stddev 0 min 74137 max 74137
           Step           Time
         165000      330.00000


   Energies (kJ/mol)
           Bond            U-B    Proper Dih.  Improper Dih.      CMAP Dih.
    3.99308e+03    1.09639e+04    1.12289e+04    7.03812e+02   -6.67398e+02
          LJ-14     Coulomb-14        LJ (SR)   Coulomb (SR)   Coul. recip.
    3.07605e+03    6.10401e+04    9.15149e+04   -1.15451e+06    3.44486e+03
      Potential
   -9.69215e+05

Atom distribution over 1 domains: av 74137 stddev 0 min 74137 max 74137
           Step           Time
         170000      340.00000


   Energies (kJ/mol)
           Bond            U-B    Proper Dih.  Improper Dih.      CMAP Dih.
    3.90405e+03    1.10494e+04    1.12105e+04    7.44766e+02   -7.30164e+02
          LJ-14     Coulomb-14        LJ (SR)   Coulomb (SR)   Coul. recip.
    3.05757e+03    6.10877e+04    9.45037e+04   -1.15956e+06    3.46765e+03
      Potential
   -9.71265e+05

Atom distribution over 1 domains: av 74137 stddev 0 min 74137 max 74137
           Step           Time
         175000      350.00000


   Energies (kJ/mol)
           Bond            U-B    Proper Dih.  Improper Dih.      CMAP Dih.
    3.91262e+03    1.07900e+04    1.12340e+04    8.13426e+02   -6.61387e+02
          LJ-14     Coulomb-14        LJ (SR)   Coulomb (SR)   Coul. recip.
    3.08010e+03    6.11549e+04    9.41706e+04   -1.15860e+06    3.53509e+03
      Potential
   -9.70574e+05

Atom distribution over 1 domains: av 74137 stddev 0 min 74137 max 74137
           Step           Time
         180000      360.00000


   Energies (kJ/mol)
           Bond            U-B    Proper Dih.  Improper Dih.      CMAP Dih.
    3.98131e+03    1.09006e+04    1.13882e+04    7.89149e+02   -7.51769e+02
          LJ-14     Coulomb-14        LJ (SR)   Coulomb (SR)   Coul. recip.
    3.02278e+03    6.15097e+04    9.18876e+04   -1.15406e+06    3.55329e+03
      Potential
   -9.67783e+05

Atom distribution over 1 domains: av 74137 stddev 0 min 74137 max 74137
           Step           Time
         185000      370.00000


   Energies (kJ/mol)
           Bond            U-B    Proper Dih.  Improper Dih.      CMAP Dih.
    4.06478e+03    1.11784e+04    1.12261e+04    7.33895e+02   -7.75510e+02
          LJ-14     Coulomb-14        LJ (SR)   Coulomb (SR)   Coul. recip.
    3.01041e+03    6.11432e+04    9.22810e+04   -1.15444e+06    3.60128e+03
      Potential
   -9.67974e+05

Atom distribution over 1 domains: av 74137 stddev 0 min 74137 max 74137
           Step           Time
         190000      380.00000


   Energies (kJ/mol)
           Bond            U-B    Proper Dih.  Improper Dih.      CMAP Dih.
    3.98303e+03    1.08653e+04    1.12315e+04    6.67050e+02   -6.36154e+02
          LJ-14     Coulomb-14        LJ (SR)   Coulomb (SR)   Coul. recip.
    3.04451e+03    6.13809e+04    9.27167e+04   -1.15481e+06    3.65425e+03
      Potential
   -9.67903e+05

Atom distribution over 1 domains: av 74137 stddev 0 min 74137 max 74137
           Step           Time
         195000      390.00000


   Energies (kJ/mol)
           Bond            U-B    Proper Dih.  Improper Dih.      CMAP Dih.
    3.95338e+03    1.13688e+04    1.12924e+04    6.76816e+02   -6.91101e+02
          LJ-14     Coulomb-14        LJ (SR)   Coulomb (SR)   Coul. recip.
    3.08838e+03    6.09158e+04    9.34710e+04   -1.15535e+06    3.52690e+03
      Potential
   -9.67752e+05

Atom distribution over 1 domains: av 74137 stddev 0 min 74137 max 74137
           Step           Time
         200000      400.00000


   Energies (kJ/mol)
           Bond            U-B    Proper Dih.  Improper Dih.      CMAP Dih.
    4.07928e+03    1.09104e+04    1.12908e+04    6.67543e+02   -7.27536e+02
          LJ-14     Coulomb-14        LJ (SR)   Coulomb (SR)   Coul. recip.
    3.05529e+03    6.09406e+04    9.26109e+04   -1.15555e+06    3.68247e+03
      Potential
   -9.69044e+05

Atom distribution over 1 domains: av 74137 stddev 0 min 74137 max 74137
           Step           Time
         205000      410.00000


   Energies (kJ/mol)
           Bond            U-B    Proper Dih.  Improper Dih.      CMAP Dih.
    3.83157e+03    1.11702e+04    1.11935e+04    7.80056e+02   -7.26084e+02
          LJ-14     Coulomb-14        LJ (SR)   Coulomb (SR)   Coul. recip.
    2.90959e+03    6.09844e+04    9.23390e+04   -1.15349e+06    3.66325e+03
      Potential
   -9.67348e+05

Atom distribution over 1 domains: av 74137 stddev 0 min 74137 max 74137
           Step           Time
         210000      420.00000


   Energies (kJ/mol)
           Bond            U-B    Proper Dih.  Improper Dih.      CMAP Dih.
    3.82890e+03    1.09512e+04    1.12585e+04    6.90503e+02   -7.29308e+02
          LJ-14     Coulomb-14        LJ (SR)   Coulomb (SR)   Coul. recip.
    3.08560e+03    6.13672e+04    9.36333e+04   -1.15661e+06    3.58381e+03
      Potential
   -9.68939e+05

Atom distribution over 1 domains: av 74137 stddev 0 min 74137 max 74137
           Step           Time
         215000      430.00000


   Energies (kJ/mol)
           Bond            U-B    Proper Dih.  Improper Dih.      CMAP Dih.
    3.84173e+03    1.08277e+04    1.13103e+04    7.04126e+02   -7.27406e+02
          LJ-14     Coulomb-14        LJ (SR)   Coulomb (SR)   Coul. recip.
    2.98894e+03    6.09227e+04    9.32734e+04   -1.15459e+06    3.49104e+03
      Potential
   -9.67955e+05

Atom distribution over 1 domains: av 74137 stddev 0 min 74137 max 74137
           Step           Time
         220000      440.00000


   Energies (kJ/mol)
           Bond            U-B    Proper Dih.  Improper Dih.      CMAP Dih.
    3.81942e+03    1.08419e+04    1.13371e+04    7.88825e+02   -7.59478e+02
          LJ-14     Coulomb-14        LJ (SR)   Coulomb (SR)   Coul. recip.
    2.99914e+03    6.10603e+04    9.39374e+04   -1.15625e+06    3.57810e+03
      Potential
   -9.68644e+05

Atom distribution over 1 domains: av 74137 stddev 0 min 74137 max 74137
           Step           Time
         225000      450.00000


   Energies (kJ/mol)
           Bond            U-B    Proper Dih.  Improper Dih.      CMAP Dih.
    3.88911e+03    1.11035e+04    1.12437e+04    6.98082e+02   -7.14105e+02
          LJ-14     Coulomb-14        LJ (SR)   Coulomb (SR)   Coul. recip.
    2.87793e+03    6.11515e+04    9.37297e+04   -1.15757e+06    3.54356e+03
      Potential
   -9.70049e+05

Atom distribution over 1 domains: av 74137 stddev 0 min 74137 max 74137
           Step           Time
         230000      460.00000


   Energies (kJ/mol)
           Bond            U-B    Proper Dih.  Improper Dih.      CMAP Dih.
    3.84566e+03    1.07331e+04    1.12925e+04    7.56521e+02   -6.95722e+02
          LJ-14     Coulomb-14        LJ (SR)   Coulomb (SR)   Coul. recip.
    3.10221e+03    6.13460e+04    9.30630e+04   -1.15844e+06    3.49704e+03
      Potential
   -9.71496e+05

Atom distribution over 1 domains: av 74137 stddev 0 min 74137 max 74137
           Step           Time
         235000      470.00000


   Energies (kJ/mol)
           Bond            U-B    Proper Dih.  Improper Dih.      CMAP Dih.
    3.75514e+03    1.09908e+04    1.12494e+04    7.52962e+02   -6.83480e+02
          LJ-14     Coulomb-14        LJ (SR)   Coulomb (SR)   Coul. recip.
    2.97346e+03    6.08143e+04    9.36981e+04   -1.15701e+06    3.44740e+03
      Potential
   -9.70010e+05

Atom distribution over 1 domains: av 74137 stddev 0 min 74137 max 74137
           Step           Time
         240000      480.00000


   Energies (kJ/mol)
           Bond            U-B    Proper Dih.  Improper Dih.      CMAP Dih.
    4.15887e+03    1.10652e+04    1.12517e+04    7.29881e+02   -6.37627e+02
          LJ-14     Coulomb-14        LJ (SR)   Coulomb (SR)   Coul. recip.
    2.93652e+03    6.12033e+04    9.34123e+04   -1.15576e+06    3.49002e+03
      Potential
   -9.68150e+05

Atom distribution over 1 domains: av 74137 stddev 0 min 74137 max 74137
           Step           Time
         245000      490.00000


   Energies (kJ/mol)
           Bond            U-B    Proper Dih.  Improper Dih.      CMAP Dih.
    3.80758e+03    1.10221e+04    1.13658e+04    7.49325e+02   -7.59290e+02
          LJ-14     Coulomb-14        LJ (SR)   Coulomb (SR)   Coul. recip.
    3.05828e+03    6.10204e+04    9.34225e+04   -1.15753e+06    3.43911e+03
      Potential
   -9.70401e+05

Atom distribution over 1 domains: av 74137 stddev 0 min 74137 max 74137
           Step           Time
         250000      500.00000


   Energies (kJ/mol)
           Bond            U-B    Proper Dih.  Improper Dih.      CMAP Dih.
    3.88547e+03    1.08637e+04    1.13313e+04    7.12212e+02   -7.49888e+02
          LJ-14     Coulomb-14        LJ (SR)   Coulomb (SR)   Coul. recip.
    2.98021e+03    6.08230e+04    9.53201e+04   -1.16039e+06    3.51355e+03
      Potential
   -9.71714e+05

Atom distribution over 1 domains: av 74137 stddev 0 min 74137 max 74137
           Step           Time
         255000      510.00000


   Energies (kJ/mol)
           Bond            U-B    Proper Dih.  Improper Dih.      CMAP Dih.
    3.79208e+03    1.09886e+04    1.13029e+04    6.90040e+02   -7.26361e+02
          LJ-14     Coulomb-14        LJ (SR)   Coulomb (SR)   Coul. recip.
    3.01541e+03    6.06313e+04    9.27581e+04   -1.15395e+06    3.67958e+03
      Potential
   -9.67823e+05

Atom distribution over 1 domains: av 74137 stddev 0 min 74137 max 74137
           Step           Time
         260000      520.00000


   Energies (kJ/mol)
           Bond            U-B    Proper Dih.  Improper Dih.      CMAP Dih.
    3.78878e+03    1.13565e+04    1.12346e+04    7.19254e+02   -6.75262e+02
          LJ-14     Coulomb-14        LJ (SR)   Coulomb (SR)   Coul. recip.
    2.97557e+03    6.06565e+04    9.29948e+04   -1.15721e+06    3.57166e+03
      Potential
   -9.70584e+05

Atom distribution over 1 domains: av 74137 stddev 0 min 74137 max 74137
           Step           Time
         265000      530.00000


   Energies (kJ/mol)
           Bond            U-B    Proper Dih.  Improper Dih.      CMAP Dih.
    3.92697e+03    1.10895e+04    1.11959e+04    7.41534e+02   -7.22175e+02
          LJ-14     Coulomb-14        LJ (SR)   Coulomb (SR)   Coul. recip.
    2.89911e+03    6.08051e+04    9.29311e+04   -1.15473e+06    3.67991e+03
      Potential
   -9.68180e+05

Atom distribution over 1 domains: av 74137 stddev 0 min 74137 max 74137
           Step           Time
         270000      540.00000


   Energies (kJ/mol)
           Bond            U-B    Proper Dih.  Improper Dih.      CMAP Dih.
    3.90352e+03    1.07845e+04    1.13182e+04    6.99044e+02   -7.88262e+02
          LJ-14     Coulomb-14        LJ (SR)   Coulomb (SR)   Coul. recip.
    3.02936e+03    6.10330e+04    9.30630e+04   -1.15687e+06    3.40810e+03
      Potential
   -9.70417e+05

Atom distribution over 1 domains: av 74137 stddev 0 min 74137 max 74137
           Step           Time
         275000      550.00000


   Energies (kJ/mol)
           Bond            U-B    Proper Dih.  Improper Dih.      CMAP Dih.
    3.77786e+03    1.07002e+04    1.11370e+04    6.32043e+02   -7.19215e+02
          LJ-14     Coulomb-14        LJ (SR)   Coulomb (SR)   Coul. recip.
    3.01981e+03    6.08925e+04    9.39017e+04   -1.15814e+06    3.54336e+03
      Potential
   -9.71251e+05

Atom distribution over 1 domains: av 74137 stddev 0 min 74137 max 74137
           Step           Time
         280000      560.00000


   Energies (kJ/mol)
           Bond            U-B    Proper Dih.  Improper Dih.      CMAP Dih.
    3.83348e+03    1.07500e+04    1.12493e+04    6.80233e+02   -6.89360e+02
          LJ-14     Coulomb-14        LJ (SR)   Coulomb (SR)   Coul. recip.
    3.11318e+03    6.08489e+04    9.32876e+04   -1.15618e+06    3.47289e+03
      Potential
   -9.69635e+05

Atom distribution over 1 domains: av 74137 stddev 0 min 74137 max 74137
           Step           Time
         285000      570.00000


   Energies (kJ/mol)
           Bond            U-B    Proper Dih.  Improper Dih.      CMAP Dih.
    3.96253e+03    1.13356e+04    1.11650e+04    7.07730e+02   -7.53772e+02
          LJ-14     Coulomb-14        LJ (SR)   Coulomb (SR)   Coul. recip.
    3.01470e+03    6.10315e+04    9.33441e+04   -1.15631e+06    3.61434e+03
      Potential
   -9.68885e+05

Atom distribution over 1 domains: av 74137 stddev 0 min 74137 max 74137
           Step           Time
         290000      580.00000


   Energies (kJ/mol)
           Bond            U-B    Proper Dih.  Improper Dih.      CMAP Dih.
    3.81378e+03    1.09726e+04    1.11391e+04    7.43605e+02   -7.20659e+02
          LJ-14     Coulomb-14        LJ (SR)   Coulomb (SR)   Coul. recip.
    3.10025e+03    6.10986e+04    9.43667e+04   -1.15829e+06    3.46762e+03
      Potential
   -9.70307e+05

Atom distribution over 1 domains: av 74137 stddev 0 min 74137 max 74137
           Step           Time
         295000      590.00000


   Energies (kJ/mol)
           Bond            U-B    Proper Dih.  Improper Dih.      CMAP Dih.
    3.84098e+03    1.10752e+04    1.13151e+04    7.24200e+02   -7.32874e+02
          LJ-14     Coulomb-14        LJ (SR)   Coulomb (SR)   Coul. recip.
    3.05570e+03    6.10933e+04    9.35396e+04   -1.15620e+06    3.46559e+03
      Potential
   -9.68820e+05

Atom distribution over 1 domains: av 74137 stddev 0 min 74137 max 74137
           Step           Time
         300000      600.00000


   Energies (kJ/mol)
           Bond            U-B    Proper Dih.  Improper Dih.      CMAP Dih.
    3.81614e+03    1.12978e+04    1.11390e+04    7.21709e+02   -6.80129e+02
          LJ-14     Coulomb-14        LJ (SR)   Coulomb (SR)   Coul. recip.
    3.08171e+03    6.09684e+04    9.33185e+04   -1.15541e+06    3.58924e+03
      Potential
   -9.68161e+05

Atom distribution over 1 domains: av 74137 stddev 0 min 74137 max 74137
           Step           Time
         305000      610.00000


   Energies (kJ/mol)
           Bond            U-B    Proper Dih.  Improper Dih.      CMAP Dih.
    3.75457e+03    1.08703e+04    1.13780e+04    6.92150e+02   -8.03166e+02
          LJ-14     Coulomb-14        LJ (SR)   Coulomb (SR)   Coul. recip.
    3.06912e+03    6.12343e+04    9.49859e+04   -1.15944e+06    3.50879e+03
      Potential
   -9.70751e+05

Atom distribution over 1 domains: av 74137 stddev 0 min 74137 max 74137
           Step           Time
         310000      620.00000


   Energies (kJ/mol)
           Bond            U-B    Proper Dih.  Improper Dih.      CMAP Dih.
    3.87511e+03    1.08002e+04    1.12663e+04    8.06951e+02   -7.11034e+02
          LJ-14     Coulomb-14        LJ (SR)   Coulomb (SR)   Coul. recip.
    3.00349e+03    6.08616e+04    9.25201e+04   -1.15539e+06    3.42083e+03
      Potential
   -9.69545e+05

Atom distribution over 1 domains: av 74137 stddev 0 min 74137 max 74137
           Step           Time
         315000      630.00000


   Energies (kJ/mol)
           Bond            U-B    Proper Dih.  Improper Dih.      CMAP Dih.
    3.80003e+03    1.07965e+04    1.12554e+04    7.20552e+02   -7.41410e+02
          LJ-14     Coulomb-14        LJ (SR)   Coulomb (SR)   Coul. recip.
    3.03023e+03    6.08752e+04    9.23120e+04   -1.15509e+06    3.50856e+03
      Potential
   -9.69537e+05

Atom distribution over 1 domains: av 74137 stddev 0 min 74137 max 74137
           Step           Time
         320000      640.00000


   Energies (kJ/mol)
           Bond            U-B    Proper Dih.  Improper Dih.      CMAP Dih.
    3.75900e+03    1.13498e+04    1.12941e+04    7.39415e+02   -6.87725e+02
          LJ-14     Coulomb-14        LJ (SR)   Coulomb (SR)   Coul. recip.
    3.01678e+03    6.10526e+04    9.48685e+04   -1.15991e+06    3.55294e+03
      Potential
   -9.70962e+05

Atom distribution over 1 domains: av 74137 stddev 0 min 74137 max 74137
           Step           Time
         325000      650.00000


   Energies (kJ/mol)
           Bond            U-B    Proper Dih.  Improper Dih.      CMAP Dih.
    3.74037e+03    1.09471e+04    1.11956e+04    7.19262e+02   -6.85009e+02
          LJ-14     Coulomb-14        LJ (SR)   Coulomb (SR)   Coul. recip.
    2.98901e+03    6.10466e+04    9.11611e+04   -1.15464e+06    3.58097e+03
      Potential
   -9.69945e+05

Atom distribution over 1 domains: av 74137 stddev 0 min 74137 max 74137
           Step           Time
         330000      660.00000


   Energies (kJ/mol)
           Bond            U-B    Proper Dih.  Improper Dih.      CMAP Dih.
    3.81007e+03    1.08627e+04    1.11593e+04    6.27514e+02   -7.49356e+02
          LJ-14     Coulomb-14        LJ (SR)   Coulomb (SR)   Coul. recip.
    3.12553e+03    6.13019e+04    9.18861e+04   -1.15389e+06    3.50280e+03
      Potential
   -9.68360e+05

Atom distribution over 1 domains: av 74137 stddev 0 min 74137 max 74137
           Step           Time
         335000      670.00000


   Energies (kJ/mol)
           Bond            U-B    Proper Dih.  Improper Dih.      CMAP Dih.
    3.85314e+03    1.09305e+04    1.12148e+04    7.51293e+02   -7.10485e+02
          LJ-14     Coulomb-14        LJ (SR)   Coulomb (SR)   Coul. recip.
    3.03718e+03    6.08725e+04    9.39184e+04   -1.15648e+06    3.65194e+03
      Potential
   -9.68964e+05

Atom distribution over 1 domains: av 74137 stddev 0 min 74137 max 74137
           Step           Time
         340000      680.00000


   Energies (kJ/mol)
           Bond            U-B    Proper Dih.  Improper Dih.      CMAP Dih.
    3.78578e+03    1.09155e+04    1.12809e+04    7.44295e+02   -7.41002e+02
          LJ-14     Coulomb-14        LJ (SR)   Coulomb (SR)   Coul. recip.
    3.07527e+03    6.11485e+04    9.32458e+04   -1.15490e+06    3.52794e+03
      Potential
   -9.67913e+05

Atom distribution over 1 domains: av 74137 stddev 0 min 74137 max 74137
           Step           Time
         345000      690.00000


   Energies (kJ/mol)
           Bond            U-B    Proper Dih.  Improper Dih.      CMAP Dih.
    3.78225e+03    1.11403e+04    1.13191e+04    7.19995e+02   -6.92118e+02
          LJ-14     Coulomb-14        LJ (SR)   Coulomb (SR)   Coul. recip.
    3.03011e+03    6.09057e+04    9.37040e+04   -1.15768e+06    3.59066e+03
      Potential
   -9.70183e+05

Atom distribution over 1 domains: av 74137 stddev 0 min 74137 max 74137
           Step           Time
         350000      700.00000


   Energies (kJ/mol)
           Bond            U-B    Proper Dih.  Improper Dih.      CMAP Dih.
    3.93553e+03    1.10465e+04    1.12200e+04    6.84230e+02   -6.98303e+02
          LJ-14     Coulomb-14        LJ (SR)   Coulomb (SR)   Coul. recip.
    2.99827e+03    6.10649e+04    9.43107e+04   -1.15829e+06    3.51821e+03
      Potential
   -9.70215e+05

Atom distribution over 1 domains: av 74137 stddev 0 min 74137 max 74137
           Step           Time
         355000      710.00000


   Energies (kJ/mol)
           Bond            U-B    Proper Dih.  Improper Dih.      CMAP Dih.
    3.66585e+03    1.08973e+04    1.12748e+04    6.87990e+02   -7.13995e+02
          LJ-14     Coulomb-14        LJ (SR)   Coulomb (SR)   Coul. recip.
    3.02926e+03    6.10142e+04    9.39502e+04   -1.15790e+06    3.53958e+03
      Potential
   -9.70557e+05

Atom distribution over 1 domains: av 74137 stddev 0 min 74137 max 74137
           Step           Time
         360000      720.00000


   Energies (kJ/mol)
           Bond            U-B    Proper Dih.  Improper Dih.      CMAP Dih.
    3.87989e+03    1.11729e+04    1.12698e+04    7.77804e+02   -7.55949e+02
          LJ-14     Coulomb-14        LJ (SR)   Coulomb (SR)   Coul. recip.
    3.00172e+03    6.08827e+04    9.31659e+04   -1.15641e+06    3.47036e+03
      Potential
   -9.69545e+05

Atom distribution over 1 domains: av 74137 stddev 0 min 74137 max 74137
           Step           Time
         365000      730.00000


   Energies (kJ/mol)
           Bond            U-B    Proper Dih.  Improper Dih.      CMAP Dih.
    3.84026e+03    1.11034e+04    1.12444e+04    7.09972e+02   -7.54203e+02
          LJ-14     Coulomb-14        LJ (SR)   Coulomb (SR)   Coul. recip.
    3.00134e+03    6.07992e+04    9.18038e+04   -1.15371e+06    3.49830e+03
      Potential
   -9.68460e+05

Atom distribution over 1 domains: av 74137 stddev 0 min 74137 max 74137
           Step           Time
         370000      740.00000


   Energies (kJ/mol)
           Bond            U-B    Proper Dih.  Improper Dih.      CMAP Dih.
    3.81561e+03    1.09240e+04    1.12322e+04    7.19372e+02   -7.10651e+02
          LJ-14     Coulomb-14        LJ (SR)   Coulomb (SR)   Coul. recip.
    3.01300e+03    6.09623e+04    9.32779e+04   -1.15578e+06    3.51322e+03
      Potential
   -9.69038e+05

Atom distribution over 1 domains: av 74137 stddev 0 min 74137 max 74137
           Step           Time
         375000      750.00000


   Energies (kJ/mol)
           Bond            U-B    Proper Dih.  Improper Dih.      CMAP Dih.
    3.94510e+03    1.07854e+04    1.11703e+04    6.93487e+02   -7.46498e+02
          LJ-14     Coulomb-14        LJ (SR)   Coulomb (SR)   Coul. recip.
    2.99778e+03    6.11276e+04    9.10178e+04   -1.15334e+06    3.69043e+03
      Potential
   -9.68656e+05

Atom distribution over 1 domains: av 74137 stddev 0 min 74137 max 74137
           Step           Time
         380000      760.00000


   Energies (kJ/mol)
           Bond            U-B    Proper Dih.  Improper Dih.      CMAP Dih.
    3.79893e+03    1.11077e+04    1.13083e+04    7.38052e+02   -7.72912e+02
          LJ-14     Coulomb-14        LJ (SR)   Coulomb (SR)   Coul. recip.
    2.98693e+03    6.07053e+04    9.23576e+04   -1.15442e+06    3.58737e+03
      Potential
   -9.68607e+05

Atom distribution over 1 domains: av 74137 stddev 0 min 74137 max 74137
           Step           Time
         385000      770.00000


   Energies (kJ/mol)
           Bond            U-B    Proper Dih.  Improper Dih.      CMAP Dih.
    3.96189e+03    1.06115e+04    1.12303e+04    7.29007e+02   -7.30282e+02
          LJ-14     Coulomb-14        LJ (SR)   Coulomb (SR)   Coul. recip.
    3.00874e+03    6.09287e+04    9.47930e+04   -1.15949e+06    3.47694e+03
      Potential
   -9.71484e+05

Atom distribution over 1 domains: av 74137 stddev 0 min 74137 max 74137
           Step           Time
         390000      780.00000


   Energies (kJ/mol)
           Bond            U-B    Proper Dih.  Improper Dih.      CMAP Dih.
    3.82527e+03    1.09480e+04    1.11660e+04    6.96200e+02   -7.34110e+02
          LJ-14     Coulomb-14        LJ (SR)   Coulomb (SR)   Coul. recip.
    2.95859e+03    6.08387e+04    9.31295e+04   -1.15717e+06    3.51727e+03
      Potential
   -9.70827e+05

Atom distribution over 1 domains: av 74137 stddev 0 min 74137 max 74137
           Step           Time
         395000      790.00000


   Energies (kJ/mol)
           Bond            U-B    Proper Dih.  Improper Dih.      CMAP Dih.
    3.86020e+03    1.08675e+04    1.11843e+04    7.10306e+02   -7.10429e+02
          LJ-14     Coulomb-14        LJ (SR)   Coulomb (SR)   Coul. recip.
    3.03951e+03    6.09143e+04    9.38772e+04   -1.15607e+06    3.65086e+03
      Potential
   -9.68675e+05

Atom distribution over 1 domains: av 74137 stddev 0 min 74137 max 74137
           Step           Time
         400000      800.00000


   Energies (kJ/mol)
           Bond            U-B    Proper Dih.  Improper Dih.      CMAP Dih.
    3.82533e+03    1.09848e+04    1.12331e+04    7.22587e+02   -6.78587e+02
          LJ-14     Coulomb-14        LJ (SR)   Coulomb (SR)   Coul. recip.
    2.95295e+03    6.07911e+04    9.25313e+04   -1.15356e+06    3.53461e+03
      Potential
   -9.67660e+05

Atom distribution over 1 domains: av 74137 stddev 0 min 74137 max 74137
           Step           Time
         405000      810.00000


   Energies (kJ/mol)
           Bond            U-B    Proper Dih.  Improper Dih.      CMAP Dih.
    3.96686e+03    1.09691e+04    1.12280e+04    7.12188e+02   -6.62490e+02
          LJ-14     Coulomb-14        LJ (SR)   Coulomb (SR)   Coul. recip.
    2.95967e+03    6.05617e+04    9.18160e+04   -1.15365e+06    3.44650e+03
      Potential
   -9.68653e+05

Atom distribution over 1 domains: av 74137 stddev 0 min 74137 max 74137
           Step           Time
         410000      820.00000


   Energies (kJ/mol)
           Bond            U-B    Proper Dih.  Improper Dih.      CMAP Dih.
    3.87508e+03    1.07240e+04    1.11145e+04    7.11757e+02   -7.11833e+02
          LJ-14     Coulomb-14        LJ (SR)   Coulomb (SR)   Coul. recip.
    2.94669e+03    6.10045e+04    9.18066e+04   -1.15563e+06    3.61704e+03
      Potential
   -9.70540e+05

Atom distribution over 1 domains: av 74137 stddev 0 min 74137 max 74137
           Step           Time
         415000      830.00000


   Energies (kJ/mol)
           Bond            U-B    Proper Dih.  Improper Dih.      CMAP Dih.
    3.78723e+03    1.08307e+04    1.11673e+04    6.88124e+02   -7.21451e+02
          LJ-14     Coulomb-14        LJ (SR)   Coulomb (SR)   Coul. recip.
    2.99513e+03    6.13246e+04    9.35263e+04   -1.15788e+06    3.65293e+03
      Potential
   -9.70633e+05

Atom distribution over 1 domains: av 74137 stddev 0 min 74137 max 74137
           Step           Time
         420000      840.00000


   Energies (kJ/mol)
           Bond            U-B    Proper Dih.  Improper Dih.      CMAP Dih.
    3.92061e+03    1.09243e+04    1.11878e+04    6.99309e+02   -7.95252e+02
          LJ-14     Coulomb-14        LJ (SR)   Coulomb (SR)   Coul. recip.
    3.01501e+03    6.07731e+04    9.38792e+04   -1.15665e+06    3.39415e+03
      Potential
   -9.69657e+05

Atom distribution over 1 domains: av 74137 stddev 0 min 74137 max 74137
           Step           Time
         425000      850.00000


   Energies (kJ/mol)
           Bond            U-B    Proper Dih.  Improper Dih.      CMAP Dih.
    3.86866e+03    1.11091e+04    1.11583e+04    6.84413e+02   -6.79840e+02
          LJ-14     Coulomb-14        LJ (SR)   Coulomb (SR)   Coul. recip.
    2.89420e+03    6.08897e+04    9.36636e+04   -1.15646e+06    3.58391e+03
      Potential
   -9.69287e+05

Atom distribution over 1 domains: av 74137 stddev 0 min 74137 max 74137
           Step           Time
         430000      860.00000


   Energies (kJ/mol)
           Bond            U-B    Proper Dih.  Improper Dih.      CMAP Dih.
    3.76890e+03    1.11592e+04    1.11929e+04    6.94095e+02   -6.89257e+02
          LJ-14     Coulomb-14        LJ (SR)   Coulomb (SR)   Coul. recip.
    2.98240e+03    6.10411e+04    9.38855e+04   -1.15646e+06    3.50405e+03
      Potential
   -9.68919e+05

Atom distribution over 1 domains: av 74137 stddev 0 min 74137 max 74137
           Step           Time
         435000      870.00000


   Energies (kJ/mol)
           Bond            U-B    Proper Dih.  Improper Dih.      CMAP Dih.
    3.93978e+03    1.11794e+04    1.11144e+04    7.47681e+02   -7.92466e+02
          LJ-14     Coulomb-14        LJ (SR)   Coulomb (SR)   Coul. recip.
    2.96157e+03    6.11173e+04    9.41819e+04   -1.15704e+06    3.58513e+03
      Potential
   -9.69004e+05

Atom distribution over 1 domains: av 74137 stddev 0 min 74137 max 74137
           Step           Time
         440000      880.00000


   Energies (kJ/mol)
           Bond            U-B    Proper Dih.  Improper Dih.      CMAP Dih.
    3.93666e+03    1.08414e+04    1.10846e+04    6.90365e+02   -6.56609e+02
          LJ-14     Coulomb-14        LJ (SR)   Coulomb (SR)   Coul. recip.
    2.94161e+03    6.12367e+04    9.11642e+04   -1.15298e+06    3.59293e+03
      Potential
   -9.68151e+05

Atom distribution over 1 domains: av 74137 stddev 0 min 74137 max 74137
           Step           Time
         445000      890.00000


   Energies (kJ/mol)
           Bond            U-B    Proper Dih.  Improper Dih.      CMAP Dih.
    3.85958e+03    1.07289e+04    1.12350e+04    7.32122e+02   -6.22595e+02
          LJ-14     Coulomb-14        LJ (SR)   Coulomb (SR)   Coul. recip.
    3.04144e+03    6.10821e+04    9.18194e+04   -1.15443e+06    3.51267e+03
      Potential
   -9.69046e+05

Atom distribution over 1 domains: av 74137 stddev 0 min 74137 max 74137
           Step           Time
         450000      900.00000


   Energies (kJ/mol)
           Bond            U-B    Proper Dih.  Improper Dih.      CMAP Dih.
    3.82739e+03    1.08835e+04    1.11631e+04    7.18914e+02   -6.95519e+02
          LJ-14     Coulomb-14        LJ (SR)   Coulomb (SR)   Coul. recip.
    2.91990e+03    6.09923e+04    9.27491e+04   -1.15541e+06    3.60096e+03
      Potential
   -9.69247e+05

Atom distribution over 1 domains: av 74137 stddev 0 min 74137 max 74137
           Step           Time
         455000      910.00000


   Energies (kJ/mol)
           Bond            U-B    Proper Dih.  Improper Dih.      CMAP Dih.
    3.80001e+03    1.12303e+04    1.12068e+04    7.28207e+02   -7.14118e+02
          LJ-14     Coulomb-14        LJ (SR)   Coulomb (SR)   Coul. recip.
    2.91954e+03    6.07469e+04    9.23568e+04   -1.15312e+06    3.50933e+03
      Potential
   -9.67339e+05

Atom distribution over 1 domains: av 74137 stddev 0 min 74137 max 74137
           Step           Time
         460000      920.00000


   Energies (kJ/mol)
           Bond            U-B    Proper Dih.  Improper Dih.      CMAP Dih.
    4.18425e+03    1.08153e+04    1.12121e+04    7.19310e+02   -6.73507e+02
          LJ-14     Coulomb-14        LJ (SR)   Coulomb (SR)   Coul. recip.
    2.90157e+03    6.07857e+04    9.11534e+04   -1.15432e+06    3.59092e+03
      Potential
   -9.69627e+05

Atom distribution over 1 domains: av 74137 stddev 0 min 74137 max 74137
           Step           Time
         465000      930.00000


   Energies (kJ/mol)
           Bond            U-B    Proper Dih.  Improper Dih.      CMAP Dih.
    3.90629e+03    1.10602e+04    1.12402e+04    6.97609e+02   -7.36481e+02
          LJ-14     Coulomb-14        LJ (SR)   Coulomb (SR)   Coul. recip.
    3.06877e+03    6.11191e+04    9.30124e+04   -1.15750e+06    3.42848e+03
      Potential
   -9.70701e+05

Atom distribution over 1 domains: av 74137 stddev 0 min 74137 max 74137
           Step           Time
         470000      940.00000


   Energies (kJ/mol)
           Bond            U-B    Proper Dih.  Improper Dih.      CMAP Dih.
    3.84374e+03    1.11510e+04    1.12178e+04    7.46059e+02   -7.10194e+02
          LJ-14     Coulomb-14        LJ (SR)   Coulomb (SR)   Coul. recip.
    2.91417e+03    6.10660e+04    9.27733e+04   -1.15612e+06    3.57951e+03
      Potential
   -9.69540e+05

Atom distribution over 1 domains: av 74137 stddev 0 min 74137 max 74137
           Step           Time
         475000      950.00000


   Energies (kJ/mol)
           Bond            U-B    Proper Dih.  Improper Dih.      CMAP Dih.
    3.88781e+03    1.09758e+04    1.12292e+04    7.11786e+02   -7.27018e+02
          LJ-14     Coulomb-14        LJ (SR)   Coulomb (SR)   Coul. recip.
    2.94213e+03    6.09346e+04    9.31119e+04   -1.15658e+06    3.46775e+03
      Potential
   -9.70043e+05

Atom distribution over 1 domains: av 74137 stddev 0 min 74137 max 74137
           Step           Time
         480000      960.00000


   Energies (kJ/mol)
           Bond            U-B    Proper Dih.  Improper Dih.      CMAP Dih.
    4.01354e+03    1.09078e+04    1.11802e+04    7.14312e+02   -7.09645e+02
          LJ-14     Coulomb-14        LJ (SR)   Coulomb (SR)   Coul. recip.
    2.91555e+03    6.09507e+04    9.38681e+04   -1.15629e+06    3.53492e+03
      Potential
   -9.68910e+05

Atom distribution over 1 domains: av 74137 stddev 0 min 74137 max 74137
           Step           Time
         485000      970.00000


   Energies (kJ/mol)
           Bond            U-B    Proper Dih.  Improper Dih.      CMAP Dih.
    3.75156e+03    1.08571e+04    1.10062e+04    6.90426e+02   -6.54613e+02
          LJ-14     Coulomb-14        LJ (SR)   Coulomb (SR)   Coul. recip.
    2.95672e+03    6.08432e+04    9.34368e+04   -1.15697e+06    3.52372e+03
      Potential
   -9.70562e+05

Atom distribution over 1 domains: av 74137 stddev 0 min 74137 max 74137
           Step           Time
         490000      980.00000


   Energies (kJ/mol)
           Bond            U-B    Proper Dih.  Improper Dih.      CMAP Dih.
    3.82408e+03    1.10619e+04    1.12060e+04    7.13020e+02   -7.51678e+02
          LJ-14     Coulomb-14        LJ (SR)   Coulomb (SR)   Coul. recip.
    2.99224e+03    6.09669e+04    9.31664e+04   -1.15564e+06    3.52400e+03
      Potential
   -9.68936e+05

Atom distribution over 1 domains: av 74137 stddev 0 min 74137 max 74137
           Step           Time
         495000      990.00000


   Energies (kJ/mol)
           Bond            U-B    Proper Dih.  Improper Dih.      CMAP Dih.
    4.17237e+03    1.11126e+04    1.12351e+04    7.41139e+02   -7.29249e+02
          LJ-14     Coulomb-14        LJ (SR)   Coulomb (SR)   Coul. recip.
    2.96382e+03    6.06426e+04    9.29462e+04   -1.15424e+06    3.54525e+03
      Potential
   -9.67607e+05

Atom distribution over 1 domains: av 74137 stddev 0 min 74137 max 74137
           Step           Time
         500000     1000.00000


   Energies (kJ/mol)
           Bond            U-B    Proper Dih.  Improper Dih.      CMAP Dih.
    3.80401e+03    1.09445e+04    1.10752e+04    6.91851e+02   -7.49108e+02
          LJ-14     Coulomb-14        LJ (SR)   Coulomb (SR)   Coul. recip.
    3.02595e+03    6.11198e+04    9.34502e+04   -1.15682e+06    3.59739e+03
      Potential
   -9.69857e+05


	M E G A - F L O P S   A C C O U N T I N G

 NB=Group-cutoff nonbonded kernels    NxN=N-by-N cluster Verlet kernels
 RF=Reaction-Field  VdW=Van der Waals  QSTab=quadratic-spline table
 W3=SPC/TIP3p  W4=TIP4p (single or pairs)
 V&F=Potential and force  V=Potential only  F=Force only

 Computing:                               M-Number         M-Flops  % Flops
-----------------------------------------------------------------------------
 Pair Search distance check            4094.044394       36846.400     4.0
 NxN Ewald Elec. + LJ [V&F]            6666.446176      859971.557    94.2
 NxN Ewald Elec. [V&F]                   50.751264        4263.106     0.5
 1,4 nonbonded interactions               1.202607         108.235     0.0
 Calc Weights                            22.463511         808.686     0.1
 Spread Q Bspline                       479.221568         958.443     0.1
 Gather F Bspline                       479.221568        2875.329     0.3
 3D-FFT                                 773.188330        6185.507     0.7
 Solve PME                               11.271600         721.382     0.1
 CG-CoM                                   7.561974          22.686     0.0
 Bonds                                    0.232401          13.712     0.0
 Propers                                  1.150390         263.439     0.0
 Impropers                                0.079184          16.470     0.0
 Virial                                   7.492382         134.863     0.0
 CMAP                                     0.030805          52.368     0.0
 Urey-Bradley                             0.839613         153.649     0.0
-----------------------------------------------------------------------------
 Total                                                  913395.833   100.0
-----------------------------------------------------------------------------


    D O M A I N   D E C O M P O S I T I O N   S T A T I S T I C S

 av. #atoms communicated per step for force:  2 x 0.0
 av. #atoms communicated per step for LINCS:  2 x 0.0


      R E A L   C Y C L E   A N D   T I M E   A C C O U N T I N G

On 1 MPI rank, each using 12 OpenMP threads

 Activity:              Num   Num      Call    Wall time         Giga-Cycles
                        Ranks Threads  Count      (s)         total sum    %
--------------------------------------------------------------------------------
 Domain decomp.            1   12        101       0.573         12.666  10.4
 Neighbor search           1   12        101       1.428         31.578  25.9
 Force                     1   12        101       2.665         58.923  48.3
 PME mesh                  1   12        101       0.180          3.987   3.3
 NB X/F buffer ops.        1   12        202       0.031          0.690   0.6
 Rest                                              0.637         14.075  11.5
--------------------------------------------------------------------------------
 Total                                             5.514        121.919 100.0
--------------------------------------------------------------------------------
 Breakdown of PME mesh activities
--------------------------------------------------------------------------------
 PME spread                1   12        101       0.085          1.871   1.5
 PME gather                1   12        101       0.048          1.055   0.9
 PME 3D-FFT                1   12        202       0.037          0.810   0.7
 PME solve Elec            1   12        101       0.008          0.183   0.1
--------------------------------------------------------------------------------

NOTE: 10 % of the run time was spent in domain decomposition,
      26 % of the run time was spent in pair search,
      you might want to increase nstlist (this has no effect on accuracy)

               Core t (s)   Wall t (s)        (%)
       Time:       66.149        5.514     1199.7
                 (ns/day)    (hour/ns)    (ms/step)  (Matom*steps/s) 
Performance:    15669.862        0.002        0.011         6722.897 
Finished mdrun on rank 0 Sat Apr 25 11:28:37 2026

