                :-) GROMACS - gmx mdrun, 2026.0-conda_forge (-:

Copyright 1991-2026 The GROMACS Authors.
GROMACS is free software; you can redistribute it and/or modify it
under the terms of the GNU Lesser General Public License
as published by the Free Software Foundation; either version 2.1
of the License, or (at your option) any later version.

                         Current GROMACS contributors:
       Mark Abraham           Andrey Alekseenko           Brian Andrews       
        Paul Bauer              Cathrine Bergh              Hugh Bird         
      Eliane Briand               Ania Brown                Yiqi Chen         
      Mahesh Doijade            Giacomo Fiorin          Stefan Fleischmann    
      Sergey Gorelov         Gilles Gouaillardet            Alan Gray         
   Farzaneh Jalalypour         Petter Johansson          Carsten Kutzner      
    Grzegorz Łazarski         Justin A. Lemkul          Magnus Lundborg      
        Julio Maia               Pascal Merz             Vedran Miletić      
      Dmitry Morozov           Lukas Müllender           Szilárd Páll      
 Andrea Pasquadibisceglie     Michele Pellegrino         Nicola Piasentin     
     Daniele Rapetti         Muhammad Umair Sadiq         Hubert Santuz       
      Michael Shirts           Tatiana Shugaeva          Alexey Shvetsov      
     Bálint Soproni            Philip Turner            Alessandra Villa     
        Yang Zhang        

                         Previous GROMACS contributors:
        Emile Apol             Rossen Apostolov           James Barnett       
      Vladimir Basov        Herman J.C. Berendsen          Par Bjelkmar       
      Christian Blau          Viacheslav Bolnykh            Kevin Boyd        
    Aldert van Buuren          Carlo Camilloni           Rudi van Drunen      
      Anton Feenstra           Oliver Fleetwood            Vytas Gapsys       
       Gaurav Garg             Gerrit Groenhof            Bert de Groot       
      Anca Hamuraru           Vincent Hindriksen          Victor Holanda      
     M. Eric Irrgang           Aleksei Iupinov              Joe Jordan        
    Christoph Junghans        Prashanth Kanduri        Dimitrios Karkoulis    
       Peter Kasson             Sebastian Kehl           Sebastian Keller     
        Jiri Kraus               Per Larsson              Viveca Lindahl      
      Erik Marklund           Pieter Meulenhoff           Teemu Murtola       
       Julien Nabet              Sander Pronk             Roland Schulz       
      Alfons Sijbers         David van der Spoel          Peter Tieleman      
      Carsten Uphoff             Jon Vincent             Teemu Virolainen     
    Christian Wennberg     Sebastian Wingbermühle         Maarten Wolf       
      Artem Zhmurov       

                  Coordinated by the GROMACS project leaders:
                           Berk Hess and Erik Lindahl

GROMACS:      gmx mdrun, version 2026.0-conda_forge
Executable:   /home/apxpulido/miniconda3/envs/md_core/bin.AVX2_256/gmx
Data prefix:  /home/apxpulido/miniconda3/envs/md_core
Working dir:  /mnt/c/Users/apxpu/OneDrive/Desktop/MD2
Process ID:   1695
Command line:
  gmx mdrun -deffnm nvt

GROMACS version:     2026.0-conda_forge
Precision:           mixed
Memory model:        64 bit
MPI library:         thread_mpi
MPI version:         built in
OpenMP support:      enabled (GMX_OPENMP_MAX_THREADS = 128)
GPU support:         OpenCL
NBNxM GPU setup:     super-cluster 2x2x2 / cluster 8 (cluster-pair splitting on)
SIMD instructions:   AVX2_256
CPU FFT library:     fftw-3.3.10-sse2-avx
GPU FFT library:     clFFT
Multi-GPU FFT:       none
RDTSCP:              disabled
TNG support:         enabled
Hwloc support:       disabled
Tracing support:     disabled
Colvars support:     enabled (version 2025-10-13)
CP2K support:        disabled
Torch support:       disabled
Plumed support:      enabled
C compiler:          /home/conda/feedstock_root/build_artifacts/gromacs_1770909732141/_build_env/bin/x86_64-conda-linux-gnu-cc GNU 14.3.0
C compiler flags:    -fexcess-precision=fast -funroll-all-loops -mavx2 -mfma -Wno-missing-field-initializers -O3 -DNDEBUG
C++ compiler:        /home/conda/feedstock_root/build_artifacts/gromacs_1770909732141/_build_env/bin/x86_64-conda-linux-gnu-c++ GNU 14.3.0
C++ compiler flags:  -fexcess-precision=fast -funroll-all-loops -mavx2 -mfma -Wno-missing-field-initializers -Wno-stringop-truncation -Wno-cast-function-type-strict SHELL:-fopenmp -O3 -DNDEBUG
BLAS library:        Internal
LAPACK library:      Internal
OpenCL include dir:  /home/apxpulido/miniconda3/envs/md_core/include
OpenCL library:      /home/apxpulido/miniconda3/envs/md_core/lib/libOpenCL.so
OpenCL version:      3.0


Running on 1 node with total 6 cores, 12 processing units (GPU detection failed: No valid OpenCL driver found)
Hardware detected on host DESKTOP-PDNJ7VN:
  CPU info:
    Vendor: AMD
    Brand:  AMD Ryzen AI 5 340 w/ Radeon 840M              
    Family: 26   Model: 96   Stepping: 0
    Features: aes amd apic avx avx2 avx512f avx512cd avx512bw avx512vl avx512bf16 avx512secondFMA clfsh cmov cx8 cx16 f16c fma htt lahf misalignsse mmx msr nonstop_tsc pclmuldq pdpe1gb popcnt pse rdrnd rdtscp sha sse2 sse3 sse4a sse4.1 sse4.2 ssse3
  Hardware topology: Basic
    Packages, cores, and logical processors:
    [indices refer to OS logical processors]
      Package  0: [   0   1] [   2   3] [   4   5] [   6   7] [   8   9] [  10  11]
    CPU limit set by OS: -1   Recommended max number of threads: 12

Likely fastest SIMD instructions supported by all nodes: AVX_512
SIMD instructions selected at compile time:              AVX2_256
On non-Intel hardware supporting AVX-512, you might gain a few percent
performance by recompiling to use it, at least for CPU-only runs.

The current CPU can measure timings more accurately than the code in
gmx mdrun was configured to use. This might affect your simulation
speed as accurate timings are needed for load-balancing.
Please consider rebuilding gmx mdrun with the GMX_USE_RDTSCP=ON CMake option.

++++ PLEASE READ AND CITE THE FOLLOWING REFERENCE ++++
M. J. Abraham, T. Murtola, R. Schulz, S. Páll, J. C. Smith, B. Hess, E.
Lindahl
GROMACS: High performance molecular simulations through multi-level
parallelism from laptops to supercomputers
SoftwareX (2015)
https://doi.org/10.1016/j.softx.2015.06.001
-------- -------- --- Thank You --- -------- --------


++++ PLEASE READ AND CITE THE FOLLOWING REFERENCE ++++
S. Páll, M. J. Abraham, C. Kutzner, B. Hess, E. Lindahl
Tackling Exascale Software Challenges in Molecular Dynamics Simulations with
GROMACS
In S. Markidis & E. Laure (Eds.), Solving Software Challenges for Exascale (2015)
https://doi.org/10.1007/978-3-319-15976-8_1
-------- -------- --- Thank You --- -------- --------


++++ PLEASE READ AND CITE THE FOLLOWING REFERENCE ++++
S. Pronk, S. Páll, R. Schulz, P. Larsson, P. Bjelkmar, R. Apostolov, M. R.
Shirts, J. C. Smith, P. M. Kasson, D. van der Spoel, B. Hess, E. Lindahl
GROMACS 4.5: a high-throughput and highly parallel open source molecular
simulation toolkit
Bioinformatics (2013)
https://doi.org/10.1093/bioinformatics/btt055
-------- -------- --- Thank You --- -------- --------


++++ PLEASE READ AND CITE THE FOLLOWING REFERENCE ++++
B. Hess, C. Kutzner, D. van der Spoel, E. Lindahl
GROMACS 4: Algorithms for highly efficient, load-balanced, and scalable
molecular simulation
J. Chem. Theory Comput. (2008)
https://doi.org/10.1021/ct700301q
-------- -------- --- Thank You --- -------- --------


++++ PLEASE READ AND CITE THE FOLLOWING REFERENCE ++++
D. van der Spoel, E. Lindahl, B. Hess, G. Groenhof, A. E. Mark, H. J. C.
Berendsen
GROMACS: Fast, Flexible and Free
J. Comp. Chem. (2005)
https://doi.org/10.1002/jcc.20291
-------- -------- --- Thank You --- -------- --------


++++ PLEASE READ AND CITE THE FOLLOWING REFERENCE ++++
E. Lindahl, B. Hess, D. van der Spoel
GROMACS 3.0: A package for molecular simulation and trajectory analysis
J. Mol. Mod. (2001)
https://doi.org/10.1007/s008940100045
-------- -------- --- Thank You --- -------- --------


++++ PLEASE READ AND CITE THE FOLLOWING REFERENCE ++++
H. J. C. Berendsen, D. van der Spoel and R. van Drunen
GROMACS: A message-passing parallel molecular dynamics implementation
Comp. Phys. Comm. (1995)
https://doi.org/10.1016/0010-4655(95)00042-E
-------- -------- --- Thank You --- -------- --------

Input Parameters:
   integrator                     = md
   tinit                          = 0
   dt                             = 0.002
   nsteps                         = 50000
   init-step                      = 0
   simulation-part                = 1
   mts                            = false
   mass-repartition-factor        = 1
   comm-mode                      = Linear
   nstcomm                        = 100
   bd-fric                        = 0
   ld-seed                        = -540699405
   emtol                          = 10
   emstep                         = 0.01
   niter                          = 20
   fcstep                         = 0
   nstcgsteep                     = 1000
   nbfgscorr                      = 10
   rtpi                           = 0.05
   nstxout                        = 2500
   nstvout                        = 2500
   nstfout                        = 0
   nstlog                         = 2500
   nstcalcenergy                  = 100
   nstenergy                      = 2500
   nstxout-compressed             = 0
   compressed-x-precision         = 1000
   cutoff-scheme                  = Verlet
   nstlist                        = 10
   pbc                            = xyz
   periodic-molecules             = false
   verlet-buffer-tolerance        = 0.005
   verlet-buffer-pressure-tolerance = 0.5
   rlist                          = 1.2
   coulombtype                    = PME
   coulomb-modifier               = Potential-shift
   rcoulomb-switch                = 0
   rcoulomb                       = 1.2
   epsilon-r                      = 1
   epsilon-rf                     = inf
   vdw-type                       = Cut-off
   vdw-modifier                   = Force-switch
   rvdw-switch                    = 1
   rvdw                           = 1.2
   DispCorr                       = No
   table-extension                = 1
   fourierspacing                 = 0.16
   fourier-nx                     = 60
   fourier-ny                     = 60
   fourier-nz                     = 60
   pme-order                      = 4
   ewald-rtol                     = 1e-05
   ewald-rtol-lj                  = 0.001
   lj-pme-comb-rule               = Geometric
   ewald-geometry                 = 3d
   epsilon-surface                = 0
   ensemble-temperature-setting   = constant
   ensemble-temperature           = 310
   tcoupl                         = V-rescale
   nsttcouple                     = 100
   nh-chain-length                = 0
   print-nose-hoover-chain-variables = false
   pcoupl                         = No
   refcoord-scaling               = No
   posres-com: not available
   posres-comB: not available
   QMMM                           = false
qm-opts:
   ngQM                           = 0
   constraint-algorithm           = Lincs
   continuation                   = false
   Shake-SOR                      = false
   shake-tol                      = 0.0001
   lincs-order                    = 4
   lincs-iter                     = 1
   lincs-warnangle                = 30
   nwall                          = 0
   wall-type                      = 9-3
   wall-r-linpot                  = -1
   wall-atomtype[0]               = -1
   wall-atomtype[1]               = -1
   wall-density[0]                = 0
   wall-density[1]                = 0
   wall-ewald-zfac                = 3
   pull                           = false
   awh                            = false
   rotation                       = false
   interactiveMD                  = false
   disre                          = No
   disre-weighting                = Conservative
   disre-mixed                    = false
   dr-fc                          = 1000
   dr-tau                         = 0
   nstdisreout                    = 100
   orire-fc                       = 0
   orire-tau                      = 0
   nstorireout                    = 100
   free-energy                    = no
   cos-acceleration               = 0
   deform (3x3):
      deform[    0]={ 0.00000e+00,  0.00000e+00,  0.00000e+00}
      deform[    1]={ 0.00000e+00,  0.00000e+00,  0.00000e+00}
      deform[    2]={ 0.00000e+00,  0.00000e+00,  0.00000e+00}
   simulated-tempering            = false
   swapcoords                     = no
   userint1                       = 0
   userint2                       = 0
   userint3                       = 0
   userint4                       = 0
   userreal1                      = 0
   userreal2                      = 0
   userreal3                      = 0
   userreal4                      = 0
   applied-forces:
     electric-field:
       x:
         E0                       = 0
         omega                    = 0
         t0                       = 0
         sigma                    = 0
       y:
         E0                       = 0
         omega                    = 0
         t0                       = 0
         sigma                    = 0
       z:
         E0                       = 0
         omega                    = 0
         t0                       = 0
         sigma                    = 0
     density-guided-simulation:
       active                     = false
       group                      = protein
       similarity-measure         = inner-product
       atom-spreading-weight      = unity
       force-constant             = 1e+09
       gaussian-transform-spreading-width = 0.2
       gaussian-transform-spreading-range-in-multiples-of-width = 4
       reference-density-filename = reference.mrc
       nst                        = 1
       normalize-densities        = true
       adaptive-force-scaling     = false
       adaptive-force-scaling-time-constant = 4
       shift-vector               = 
       transformation-matrix      = 
     qmmm-cp2k:
       active                     = false
       qmgroup                    = System
       qmmethod                   = PBE
       qmfilenames                = 
       qmcharge                   = 0
       qmmultiplicity             = 1
     colvars:
       active                     = false
       configfile                 = 
       seed                       = -1
     nnpot:
       active                     = false
       modelfile                  = model.pt
       input-group                = System
       link-type                  = H
       link-distance              = 0.1
       pair-cutoff                = 0
       embedding                  = mechanical
       nnp-charge                 = 0
       model-input1               = 
       model-input2               = 
       model-input3               = 
       model-input4               = 
       model-input5               = 
       model-input6               = 
       model-input7               = 
       model-input8               = 
       model-input9               = 
   fast-multipole-method:
     fmm:
       backend                    = inactive
       exafmm-order               = 6
       exafmm-direct-range        = 2
       exafmm-direct-provider     = GROMACS
       exafmm-tree-type           = uniform
       exafmm-tree-depth          = 0
       exafmm-max-particles-per-cell = 0
       fmsolvr-order              = 8
       fmsolvr-direct-range       = 1
       fmsolvr-direct-provider    = FMM
       fmsolvr-dipole-compensation = true
       fmsolvr-tree-depth         = 3
       fmsolvr-sparse             = false
grpopts:
   nrdf:      150570
   ref-t:         310
   tau-t:           1
annealing:          No
annealing-npoints:           0
   acc:	           0           0           0
   nfreeze:           N           N           N
   energygrp-flags[  0]: 0

Changing nstlist from 10 to 80, rlist from 1.2 to 1.322


Update groups can not be used for this system because atoms that are (in)directly constrained together are interdispersed with other atoms

Initializing Domain Decomposition on 1 ranks
Dynamic load balancing: auto
Minimum cell size due to atom displacement: 0.645 nm
Initial maximum distances in bonded interactions:
    two-body bonded interactions: 0.426 nm, LJ-14, atoms 4048 4056
  multi-body bonded interactions: 0.487 nm, CMAP Dih., atoms 4372 4388
Minimum cell size due to bonded interactions: 0.536 nm
Maximum distance for 5 constraints, at 120 deg. angles, all-trans: 0.222 nm
Estimated maximum distance required for P-LINCS: 0.222 nm
Using 0 separate PME ranks because: there are too few total ranks for efficient splitting
Optimizing the DD grid for 1 cells with a minimum initial size of 0.645 nm
The maximum allowed number of cells is: X 14 Y 14 Z 14
Domain decomposition grid 1 x 1 x 1, separate PME ranks 0
PME domain decomposition: 1 x 1 x 1

The initial number of communication pulses is:
The initial domain decomposition cell size is:

The maximum allowed distance for atoms involved in interactions is:
                 non-bonded interactions           1.322 nm
            two-body bonded interactions  (-rdd)   1.322 nm
          multi-body bonded interactions  (-rdd)   1.322 nm
  atoms separated by up to 5 constraints  (-rcon)  9.126 nm

When dynamic load balancing gets turned on, these settings will change to:
The maximum number of communication pulses is:
The minimum size for domain decomposition cells is 1.322 nm
The requested allowed shrink of DD cells (option -dds) is: 0.80
The allowed shrink of domain decomposition cells is:
The maximum allowed distance for atoms involved in interactions is:
                 non-bonded interactions           1.322 nm
            two-body bonded interactions  (-rdd)   1.322 nm
          multi-body bonded interactions  (-rdd)   1.322 nm
  atoms separated by up to 5 constraints  (-rcon)  1.322 nm

Local state does not use filler particles

Using 1 MPI thread
Using 12 OpenMP threads 

System total charge: -0.050
Will do PME sum in reciprocal space for electrostatic interactions.

++++ PLEASE READ AND CITE THE FOLLOWING REFERENCE ++++
U. Essmann, L. Perera, M. L. Berkowitz, T. Darden, H. Lee, L. G. Pedersen 
A smooth particle mesh Ewald method
J. Chem. Phys. (1995)
https://doi.org/10.1063/1.470117
-------- -------- --- Thank You --- -------- --------

Using a Gaussian width (1/beta) of 0.384195 nm for Ewald
Potential shift: LJ r^-12: -2.648e-01 r^-6: -5.349e-01, Ewald -8.333e-06
Initialized non-bonded Coulomb Ewald tables, spacing: 1.02e-03 size: 1176

Generated table with 1161 data points for 1-4 COUL.
Tabscale = 500 points/nm
Generated table with 1161 data points for 1-4 LJ6.
Tabscale = 500 points/nm
Generated table with 1161 data points for 1-4 LJ12.
Tabscale = 500 points/nm


Using SIMD4xM 4x8 nonbonded short-range kernels

Using a dual 4x8 pair-list setup updated with dynamic pruning:
  outer list: updated every 80 steps, buffer 0.122 nm, rlist 1.322 nm
  inner list: updated every 12 steps, buffer 0.000 nm, rlist 1.200 nm
At tolerance 0.005 kJ/mol/ps per atom, equivalent classical 1x1 list would be:
  outer list: updated every 80 steps, buffer 0.266 nm, rlist 1.466 nm
  inner list: updated every 12 steps, buffer 0.046 nm, rlist 1.246 nm

The average pressure is off by at most 0.18 bar due to missing LJ interactions
Removing pbc first time

Linking all bonded interactions to atoms


Pinning threads with an auto-selected logical cpu stride of 1

Initializing Parallel LINear Constraint Solver

++++ PLEASE READ AND CITE THE FOLLOWING REFERENCE ++++
B. Hess
P-LINCS: A Parallel Linear Constraint Solver for molecular simulation
J. Chem. Theory Comput. (2008)
https://doi.org/10.1021/ct700200b
-------- -------- --- Thank You --- -------- --------

The number of constraints is 2280
There are constraints between atoms in different decomposition domains,
will communicate selected coordinates each lincs iteration

++++ PLEASE READ AND CITE THE FOLLOWING REFERENCE ++++
S. Miyamoto, P. A. Kollman
SETTLE: An Analytical Version of the SHAKE and RATTLE Algorithms for Rigid
Water Models
J. Comp. Chem. (1992)
https://doi.org/10.1002/jcc.540130805
-------- -------- --- Thank You --- -------- --------


++++ PLEASE READ AND CITE THE FOLLOWING REFERENCE ++++
G. Bussi, D. Donadio, M. Parrinello
Canonical sampling through velocity rescaling
J. Chem. Phys. (2007)
https://doi.org/10.1063/1.2408420
-------- -------- --- Thank You --- -------- --------

There are: 74137 Atoms
Atom distribution over 1 domains: av 74137 stddev 0 min 74137 max 74137

Constraining the starting coordinates (step 0)

Constraining the coordinates at t0-dt (step 0)
Center of mass motion removal mode is Linear
We have the following groups for center of mass motion removal:
  0:  rest
RMS relative constraint deviation after constraining: 3.44e-06
Initial temperature: 309.454 K

Started mdrun on rank 0 Fri Apr 24 13:37:40 2026

           Step           Time
              0        0.00000

   Energies (kJ/mol)
           Bond            U-B    Proper Dih.  Improper Dih.      CMAP Dih.
    1.07201e+03    3.64522e+03    1.06710e+04    1.82464e+02   -8.06864e+02
          LJ-14     Coulomb-14        LJ (SR)   Coulomb (SR)   Coul. recip.
    2.64210e+03    6.09793e+04    1.10417e+05   -1.35810e+06    3.55314e+03
 Position Rest.      Potential    Kinetic En.   Total Energy  Conserved En.
    2.21955e-03   -1.16574e+06    1.93724e+05   -9.72018e+05   -9.72018e+05
    Temperature Pressure (bar)   Constr. rmsd
    3.09486e+02   -4.60645e+03    3.45138e-06

           Step           Time
           2500        5.00000

   Energies (kJ/mol)
           Bond            U-B    Proper Dih.  Improper Dih.      CMAP Dih.
    3.63261e+03    1.11187e+04    1.14673e+04    7.10485e+02   -6.37838e+02
          LJ-14     Coulomb-14        LJ (SR)   Coulomb (SR)   Coul. recip.
    3.06648e+03    6.09901e+04    9.78009e+04   -1.18140e+06    3.44113e+03
 Position Rest.      Potential    Kinetic En.   Total Energy  Conserved En.
    1.20959e+03   -9.88602e+05    1.78366e+05   -8.10236e+05   -9.70272e+05
    Temperature Pressure (bar)   Constr. rmsd
    2.84951e+02   -8.76657e+02    3.33239e-06

           Step           Time
           5000       10.00000

   Energies (kJ/mol)
           Bond            U-B    Proper Dih.  Improper Dih.      CMAP Dih.
    4.04934e+03    1.12774e+04    1.13885e+04    8.20147e+02   -5.76538e+02
          LJ-14     Coulomb-14        LJ (SR)   Coulomb (SR)   Coul. recip.
    2.97211e+03    6.08935e+04    9.20361e+04   -1.15375e+06    3.62627e+03
 Position Rest.      Potential    Kinetic En.   Total Energy  Conserved En.
    1.21806e+03   -9.66048e+05    1.90596e+05   -7.75452e+05   -9.70276e+05
    Temperature Pressure (bar)   Constr. rmsd
    3.04488e+02   -8.25976e+02    3.23243e-06

           Step           Time
           7500       15.00000

   Energies (kJ/mol)
           Bond            U-B    Proper Dih.  Improper Dih.      CMAP Dih.
    3.89216e+03    1.08885e+04    1.14458e+04    7.21149e+02   -6.01231e+02
          LJ-14     Coulomb-14        LJ (SR)   Coulomb (SR)   Coul. recip.
    3.11368e+03    6.10538e+04    9.27009e+04   -1.15068e+06    3.69499e+03
 Position Rest.      Potential    Kinetic En.   Total Energy  Conserved En.
    1.19827e+03   -9.62575e+05    1.92572e+05   -7.70003e+05   -9.70248e+05
    Temperature Pressure (bar)   Constr. rmsd
    3.07645e+02   -5.64751e+02    3.75054e-06

           Step           Time
          10000       20.00000

   Energies (kJ/mol)
           Bond            U-B    Proper Dih.  Improper Dih.      CMAP Dih.
    3.74372e+03    1.10901e+04    1.14577e+04    7.16220e+02   -6.28960e+02
          LJ-14     Coulomb-14        LJ (SR)   Coulomb (SR)   Coul. recip.
    3.11371e+03    6.08573e+04    9.02344e+04   -1.14656e+06    3.73394e+03
 Position Rest.      Potential    Kinetic En.   Total Energy  Conserved En.
    1.20672e+03   -9.61035e+05    1.93643e+05   -7.67392e+05   -9.70188e+05
    Temperature Pressure (bar)   Constr. rmsd
    3.09357e+02   -1.91453e+02    3.30591e-06

           Step           Time
          12500       25.00000

   Energies (kJ/mol)
           Bond            U-B    Proper Dih.  Improper Dih.      CMAP Dih.
    3.72385e+03    1.08972e+04    1.14203e+04    7.77870e+02   -6.00768e+02
          LJ-14     Coulomb-14        LJ (SR)   Coulomb (SR)   Coul. recip.
    3.03803e+03    6.09162e+04    9.09230e+04   -1.14745e+06    3.68544e+03
 Position Rest.      Potential    Kinetic En.   Total Energy  Conserved En.
    1.25240e+03   -9.61413e+05    1.93500e+05   -7.67913e+05   -9.70170e+05
    Temperature Pressure (bar)   Constr. rmsd
    3.09128e+02   -8.29062e+02    3.28332e-06

           Step           Time
          15000       30.00000

   Energies (kJ/mol)
           Bond            U-B    Proper Dih.  Improper Dih.      CMAP Dih.
    3.97773e+03    1.07027e+04    1.13224e+04    6.84388e+02   -6.24029e+02
          LJ-14     Coulomb-14        LJ (SR)   Coulomb (SR)   Coul. recip.
    3.00083e+03    6.08431e+04    9.02666e+04   -1.14351e+06    3.71497e+03
 Position Rest.      Potential    Kinetic En.   Total Energy  Conserved En.
    1.22012e+03   -9.58404e+05    1.93533e+05   -7.64870e+05   -9.70092e+05
    Temperature Pressure (bar)   Constr. rmsd
    3.09181e+02   -5.66934e+02    3.30175e-06

           Step           Time
          17500       35.00000

   Energies (kJ/mol)
           Bond            U-B    Proper Dih.  Improper Dih.      CMAP Dih.
    3.68875e+03    1.09990e+04    1.12854e+04    7.21917e+02   -5.59568e+02
          LJ-14     Coulomb-14        LJ (SR)   Coulomb (SR)   Coul. recip.
    3.05614e+03    6.13041e+04    8.97533e+04   -1.14396e+06    3.73578e+03
 Position Rest.      Potential    Kinetic En.   Total Energy  Conserved En.
    1.17456e+03   -9.58805e+05    1.94449e+05   -7.64356e+05   -9.70032e+05
    Temperature Pressure (bar)   Constr. rmsd
    3.10643e+02   -7.18879e+02    3.14049e-06

           Step           Time
          20000       40.00000

   Energies (kJ/mol)
           Bond            U-B    Proper Dih.  Improper Dih.      CMAP Dih.
    3.77288e+03    1.08445e+04    1.13495e+04    6.53749e+02   -6.70254e+02
          LJ-14     Coulomb-14        LJ (SR)   Coulomb (SR)   Coul. recip.
    3.06737e+03    6.08167e+04    9.02684e+04   -1.14616e+06    3.88485e+03
 Position Rest.      Potential    Kinetic En.   Total Energy  Conserved En.
    1.22563e+03   -9.60951e+05    1.95260e+05   -7.65690e+05   -9.70003e+05
    Temperature Pressure (bar)   Constr. rmsd
    3.11940e+02   -5.00673e+02    3.37295e-06

           Step           Time
          22500       45.00000

   Energies (kJ/mol)
           Bond            U-B    Proper Dih.  Improper Dih.      CMAP Dih.
    3.84077e+03    1.09153e+04    1.13823e+04    7.71266e+02   -5.95338e+02
          LJ-14     Coulomb-14        LJ (SR)   Coulomb (SR)   Coul. recip.
    3.02810e+03    6.10635e+04    9.00527e+04   -1.14591e+06    3.80115e+03
 Position Rest.      Potential    Kinetic En.   Total Energy  Conserved En.
    1.13682e+03   -9.60518e+05    1.93797e+05   -7.66721e+05   -9.69936e+05
    Temperature Pressure (bar)   Constr. rmsd
    3.09603e+02   -5.66823e+02    3.25604e-06

           Step           Time
          25000       50.00000

   Energies (kJ/mol)
           Bond            U-B    Proper Dih.  Improper Dih.      CMAP Dih.
    3.87588e+03    1.10727e+04    1.12011e+04    7.15095e+02   -6.67920e+02
          LJ-14     Coulomb-14        LJ (SR)   Coulomb (SR)   Coul. recip.
    3.07560e+03    6.09912e+04    9.14094e+04   -1.14613e+06    3.67476e+03
 Position Rest.      Potential    Kinetic En.   Total Energy  Conserved En.
    1.21483e+03   -9.59566e+05    1.94239e+05   -7.65327e+05   -9.69869e+05
    Temperature Pressure (bar)   Constr. rmsd
    3.10309e+02   -4.69053e+02    3.24884e-06

           Step           Time
          27500       55.00000

   Energies (kJ/mol)
           Bond            U-B    Proper Dih.  Improper Dih.      CMAP Dih.
    3.78192e+03    1.09376e+04    1.13172e+04    7.17560e+02   -5.64175e+02
          LJ-14     Coulomb-14        LJ (SR)   Coulomb (SR)   Coul. recip.
    2.99449e+03    6.10731e+04    9.07915e+04   -1.14720e+06    3.70823e+03
 Position Rest.      Potential    Kinetic En.   Total Energy  Conserved En.
    1.20907e+03   -9.61230e+05    1.92964e+05   -7.68266e+05   -9.69823e+05
    Temperature Pressure (bar)   Constr. rmsd
    3.08272e+02   -5.61744e+02    3.25349e-06

           Step           Time
          30000       60.00000

   Energies (kJ/mol)
           Bond            U-B    Proper Dih.  Improper Dih.      CMAP Dih.
    3.71359e+03    1.10675e+04    1.13631e+04    7.11431e+02   -6.25624e+02
          LJ-14     Coulomb-14        LJ (SR)   Coulomb (SR)   Coul. recip.
    3.11561e+03    6.08055e+04    9.13007e+04   -1.14493e+06    3.72987e+03
 Position Rest.      Potential    Kinetic En.   Total Energy  Conserved En.
    1.20677e+03   -9.58542e+05    1.93478e+05   -7.65064e+05   -9.69748e+05
    Temperature Pressure (bar)   Constr. rmsd
    3.09093e+02   -4.52760e+02    3.41937e-06

           Step           Time
          32500       65.00000

   Energies (kJ/mol)
           Bond            U-B    Proper Dih.  Improper Dih.      CMAP Dih.
    3.57062e+03    1.08731e+04    1.14511e+04    7.16609e+02   -6.18709e+02
          LJ-14     Coulomb-14        LJ (SR)   Coulomb (SR)   Coul. recip.
    3.03769e+03    6.09619e+04    9.00671e+04   -1.14572e+06    3.76817e+03
 Position Rest.      Potential    Kinetic En.   Total Energy  Conserved En.
    1.22240e+03   -9.60669e+05    1.92588e+05   -7.68082e+05   -9.69739e+05
    Temperature Pressure (bar)   Constr. rmsd
    3.07670e+02   -6.27260e+02    3.27391e-06

           Step           Time
          35000       70.00000

   Energies (kJ/mol)
           Bond            U-B    Proper Dih.  Improper Dih.      CMAP Dih.
    3.82062e+03    1.10328e+04    1.13821e+04    7.63881e+02   -5.98434e+02
          LJ-14     Coulomb-14        LJ (SR)   Coulomb (SR)   Coul. recip.
    3.15153e+03    6.08207e+04    9.08617e+04   -1.14584e+06    3.68049e+03
 Position Rest.      Potential    Kinetic En.   Total Energy  Conserved En.
    1.15071e+03   -9.59772e+05    1.94729e+05   -7.65042e+05   -9.69680e+05
    Temperature Pressure (bar)   Constr. rmsd
    3.11092e+02   -5.48202e+02    3.28105e-06

           Step           Time
          37500       75.00000

   Energies (kJ/mol)
           Bond            U-B    Proper Dih.  Improper Dih.      CMAP Dih.
    3.81581e+03    1.05992e+04    1.13243e+04    7.57277e+02   -6.30452e+02
          LJ-14     Coulomb-14        LJ (SR)   Coulomb (SR)   Coul. recip.
    3.07690e+03    6.07904e+04    9.02602e+04   -1.14548e+06    3.70836e+03
 Position Rest.      Potential    Kinetic En.   Total Energy  Conserved En.
    1.16571e+03   -9.60608e+05    1.93326e+05   -7.67281e+05   -9.69635e+05
    Temperature Pressure (bar)   Constr. rmsd
    3.08851e+02   -7.78843e+02    3.37570e-06

           Step           Time
          40000       80.00000

   Energies (kJ/mol)
           Bond            U-B    Proper Dih.  Improper Dih.      CMAP Dih.
    3.87256e+03    1.09609e+04    1.13839e+04    7.60791e+02   -6.28883e+02
          LJ-14     Coulomb-14        LJ (SR)   Coulomb (SR)   Coul. recip.
    3.08584e+03    6.10509e+04    9.09717e+04   -1.14671e+06    3.70131e+03
 Position Rest.      Potential    Kinetic En.   Total Energy  Conserved En.
    1.16504e+03   -9.60384e+05    1.94556e+05   -7.65828e+05   -9.69555e+05
    Temperature Pressure (bar)   Constr. rmsd
    3.10815e+02   -3.04495e+02    3.17913e-06

Writing checkpoint, step 42320 at Fri Apr 24 13:52:41 2026


           Step           Time
          42500       85.00000

   Energies (kJ/mol)
           Bond            U-B    Proper Dih.  Improper Dih.      CMAP Dih.
    3.74325e+03    1.08807e+04    1.14192e+04    7.23374e+02   -5.94532e+02
          LJ-14     Coulomb-14        LJ (SR)   Coulomb (SR)   Coul. recip.
    3.10426e+03    6.11323e+04    9.12351e+04   -1.14729e+06    3.78463e+03
 Position Rest.      Potential    Kinetic En.   Total Energy  Conserved En.
    1.15732e+03   -9.60702e+05    1.93553e+05   -7.67149e+05   -9.69506e+05
    Temperature Pressure (bar)   Constr. rmsd
    3.09212e+02   -4.75178e+02    3.20242e-06

           Step           Time
          45000       90.00000

   Energies (kJ/mol)
           Bond            U-B    Proper Dih.  Improper Dih.      CMAP Dih.
    3.79301e+03    1.04663e+04    1.14229e+04    6.87507e+02   -5.45114e+02
          LJ-14     Coulomb-14        LJ (SR)   Coulomb (SR)   Coul. recip.
    3.10271e+03    6.13122e+04    9.10148e+04   -1.14572e+06    3.82841e+03
 Position Rest.      Potential    Kinetic En.   Total Energy  Conserved En.
    1.19107e+03   -9.59445e+05    1.94018e+05   -7.65427e+05   -9.69476e+05
    Temperature Pressure (bar)   Constr. rmsd
    3.09956e+02   -3.78355e+02    3.46070e-06

           Step           Time
          47500       95.00000

   Energies (kJ/mol)
           Bond            U-B    Proper Dih.  Improper Dih.      CMAP Dih.
    3.68297e+03    1.10204e+04    1.14450e+04    8.04363e+02   -6.35103e+02
          LJ-14     Coulomb-14        LJ (SR)   Coulomb (SR)   Coul. recip.
    3.05613e+03    6.09237e+04    9.21456e+04   -1.14806e+06    3.78554e+03
 Position Rest.      Potential    Kinetic En.   Total Energy  Conserved En.
    1.21328e+03   -9.60620e+05    1.94305e+05   -7.66315e+05   -9.69414e+05
    Temperature Pressure (bar)   Constr. rmsd
    3.10414e+02   -3.98804e+02    3.45431e-06

           Step           Time
          50000      100.00000

Writing checkpoint, step 50000 at Fri Apr 24 13:55:47 2026


   Energies (kJ/mol)
           Bond            U-B    Proper Dih.  Improper Dih.      CMAP Dih.
    3.92552e+03    1.10578e+04    1.13641e+04    7.01958e+02   -6.17524e+02
          LJ-14     Coulomb-14        LJ (SR)   Coulomb (SR)   Coul. recip.
    3.12383e+03    6.07202e+04    9.10899e+04   -1.14651e+06    3.78854e+03
 Position Rest.      Potential    Kinetic En.   Total Energy  Conserved En.
    1.22265e+03   -9.60138e+05    1.94668e+05   -7.65470e+05   -9.69340e+05
    Temperature Pressure (bar)   Constr. rmsd
    3.10994e+02   -3.47441e+02    3.23236e-06


Energy conservation over simulation part #1 of length 100 ps, time 0 to 100 ps
  Conserved energy drift: 3.61e-04 kJ/mol/ps per atom


	<======  ###############  ==>
	<====  A V E R A G E S  ====>
	<==  ###############  ======>

	Statistics over 50001 steps using 501 frames

   Energies (kJ/mol)
           Bond            U-B    Proper Dih.  Improper Dih.      CMAP Dih.
    3.76672e+03    1.08744e+04    1.13966e+04    7.16224e+02   -6.30886e+02
          LJ-14     Coulomb-14        LJ (SR)   Coulomb (SR)   Coul. recip.
    3.07049e+03    6.09524e+04    9.16268e+04   -1.15151e+06    3.68227e+03
 Position Rest.      Potential    Kinetic En.   Total Energy  Conserved En.
    1.18667e+03   -9.64867e+05    1.91653e+05   -7.73214e+05   -9.69881e+05
    Temperature Pressure (bar)   Constr. rmsd
    3.06178e+02   -6.29254e+02    0.00000e+00

   Total Virial (kJ/mol)
    7.82380e+04    3.98144e+02   -5.16024e+02
    3.97630e+02    7.79925e+04    3.82009e+02
   -5.16003e+02    3.82501e+02    7.86228e+04

   Pressure (bar)
   -6.27909e+02   -1.62980e+01    2.31453e+01
   -1.62755e+01   -6.17281e+02   -1.71458e+01
    2.31443e+01   -1.71673e+01   -6.42571e+02


       P P   -   P M E   L O A D   B A L A N C I N G

 PP/PME load balancing changed the cut-off and PME settings:
           particle-particle                    PME
            rcoulomb  rlist            grid      spacing   1/beta
   initial  1.200 nm  1.200 nm      60  60  60   0.152 nm  0.384 nm
   final    1.200 nm  1.200 nm      60  60  60   0.152 nm  0.384 nm
 cost-ratio           1.00             1.00
 (note that these numbers concern only part of the total PP and PME load)


	M E G A - F L O P S   A C C O U N T I N G

 NB=Group-cutoff nonbonded kernels    NxN=N-by-N cluster Verlet kernels
 RF=Reaction-Field  VdW=Van der Waals  QSTab=quadratic-spline table
 W3=SPC/TIP3p  W4=TIP4p (single or pairs)
 V&F=Potential and force  V=Potential only  F=Force only

 Computing:                               M-Number         M-Flops  % Flops
-----------------------------------------------------------------------------
 Pair Search distance check           24945.453208      224509.079     0.1
 NxN Ewald Elec. + LJ [F]           3175970.100784   247725667.861    95.2
 NxN Ewald Elec. + LJ [V&F]           32144.808816     4146680.337     1.6
 NxN Ewald Elec. [F]                  24152.080080     1473276.885     0.6
 NxN Ewald Elec. [V&F]                  244.199632       20512.769     0.0
 1,4 nonbonded interactions             595.361907       53582.572     0.0
 Calc Weights                         11120.772411      400347.807     0.2
 Spread Q Bspline                    237243.144768      474486.290     0.2
 Gather F Bspline                    237243.144768     1423458.869     0.5
 3D-FFT                              382774.155330     3062193.243     1.2
 Solve PME                             5580.111600      357127.142     0.1
 Reset In Box                            46.409762         139.229     0.0
 CG-CoM                                  46.483899         139.452     0.0
 Bonds                                  115.052301        6788.086     0.0
 Propers                                569.511390      130418.108     0.1
 Impropers                               39.200784        8153.763     0.0
 Pos. Restr.                            114.002280        5700.114     0.0
 Virial                                  37.165182         668.973     0.0
 Stop-CM                                 37.216774         372.168     0.0
 Calc-Ekin                               74.285274        2005.702     0.0
 Lincs                                  114.006840        6840.410     0.0
 Lincs-Mat                              662.439744        2649.759     0.0
 Constraint-V                          3706.048236       33354.434     0.0
 Constraint-Vir                          35.990838         863.780     0.0
 Settle                                1159.369558      428966.736     0.2
 CMAP                                    15.250305       25925.518     0.0
 Urey-Bradley                           415.658313       76065.471     0.0
-----------------------------------------------------------------------------
 Total                                               260090894.558   100.0
-----------------------------------------------------------------------------


    D O M A I N   D E C O M P O S I T I O N   S T A T I S T I C S

 av. #atoms communicated per step for force:  2 x 0.0
 av. #atoms communicated per step for LINCS:  2 x 0.0


      R E A L   C Y C L E   A N D   T I M E   A C C O U N T I N G

On 1 MPI rank, each using 12 OpenMP threads

 Activity:              Num   Num      Call    Wall time         Giga-Cycles
                        Ranks Threads  Count      (s)         total sum    %
--------------------------------------------------------------------------------
 Domain decomp.            1   12        626       3.674         88.009   0.3
 Neighbor search           1   12        626      10.437        250.015   1.0
 Force                     1   12      50001     881.270      21110.091  81.0
 PME mesh                  1   12      50001     131.873       3158.903  12.1
 NB X/F buffer ops.        1   12     100002      25.909        620.628   2.4
 Write traj.               1   12         22       2.408         57.673   0.2
 Update                    1   12      50001      14.744        353.180   1.4
 Constraints               1   12      50003      15.965        382.420   1.5
 Kinetic energy            1   12       1001       0.142          3.413   0.0
 Rest                                              1.914         45.851   0.2
--------------------------------------------------------------------------------
 Total                                          1088.336      26070.182 100.0
--------------------------------------------------------------------------------
 Breakdown of PME mesh activities
--------------------------------------------------------------------------------
 PME spread                1   12      50001      62.160       1488.990   5.7
 PME gather                1   12      50001      36.405        872.053   3.3
 PME 3D-FFT                1   12     100002      29.109        697.292   2.7
 PME solve Elec            1   12      50001       1.376         32.956   0.1
--------------------------------------------------------------------------------

               Core t (s)   Wall t (s)        (%)
       Time:    13060.012     1088.336     1200.0
                 (ns/day)    (hour/ns)    (ms/step)  (Matom*steps/s) 
Performance:        7.939        3.023       21.766            3.406 
Finished mdrun on rank 0 Fri Apr 24 13:55:48 2026

