                   :-) GROMACS - gmx mdrun, 2024.5-spack (-:

Copyright 1991-2024 The GROMACS Authors.
GROMACS is free software; you can redistribute it and/or modify it
under the terms of the GNU Lesser General Public License
as published by the Free Software Foundation; either version 2.1
of the License, or (at your option) any later version.

                         Current GROMACS contributors:
       Mark Abraham           Andrey Alekseenko           Vladimir Basov      
      Cathrine Bergh            Eliane Briand               Ania Brown        
      Mahesh Doijade            Giacomo Fiorin          Stefan Fleischmann    
      Sergey Gorelov         Gilles Gouaillardet            Alan Gray         
     M. Eric Irrgang         Farzaneh Jalalypour            Joe Jordan        
     Carsten Kutzner           Justin A. Lemkul          Magnus Lundborg      
       Pascal Merz              Vedran Miletic            Dmitry Morozov      
       Julien Nabet              Szilard Pall        Andrea Pasquadibisceglie 
    Michele Pellegrino          Hubert Santuz             Roland Schulz       
     Tatiana Shugaeva          Alexey Shvetsov            Philip Turner       
     Alessandra Villa      Sebastian Wingbermuehle  

                         Previous GROMACS contributors:
        Emile Apol             Rossen Apostolov           James Barnett       
        Paul Bauer          Herman J.C. Berendsen          Par Bjelkmar       
      Christian Blau          Viacheslav Bolnykh            Kevin Boyd        
    Aldert van Buuren          Carlo Camilloni           Rudi van Drunen      
      Anton Feenstra           Oliver Fleetwood            Vytas Gapsys       
       Gaurav Garg             Gerrit Groenhof            Bert de Groot       
      Anca Hamuraru           Vincent Hindriksen          Victor Holanda      
     Aleksei Iupinov          Christoph Junghans        Prashanth Kanduri     
   Dimitrios Karkoulis           Peter Kasson             Sebastian Kehl      
     Sebastian Keller             Jiri Kraus               Per Larsson        
      Viveca Lindahl            Erik Marklund           Pieter Meulenhoff     
      Teemu Murtola              Sander Pronk             Michael Shirts      
      Alfons Sijbers            Balint Soproni         David van der Spoel    
      Peter Tieleman            Carsten Uphoff             Jon Vincent        
     Teemu Virolainen         Christian Wennberg           Maarten Wolf       
      Artem Zhmurov       

                  Coordinated by the GROMACS project leaders:
                           Berk Hess and Erik Lindahl

GROMACS:      gmx mdrun, version 2024.5-spack
Executable:   /opt/ohpc/pub/apps/spack/local/linux-nehalem/gromacs-2024.5-l7iybazvcx22zdzze44iyr3tu2femoct/bin/gmx_mpi
Data prefix:  /opt/ohpc/pub/apps/spack/local/linux-nehalem/gromacs-2024.5-l7iybazvcx22zdzze44iyr3tu2femoct
Working dir:  /home/louis/HopQ-CEACAM1/FtsZ-Dacomitinib
Process ID:   184558
Command line:
  gmx_mpi mdrun -deffnm analysis/ie -rerun md_results/md.xtc -nb cpu

GROMACS version:     2024.5-spack
Precision:           mixed
Memory model:        64 bit
MPI library:         MPI
MPI library version: MPICH Version: 3.4.3 MPICH Release date: Thu Dec 16 11:20:57 CST 2021 MPICH ABI: 13:12:1 MPICH Device: ch4:ofi MPICH configure: --prefix=/opt/ohpc/pub/mpi/mpich-ofi-gnu15-ohpc/3.4.3 --libdir=/opt/ohpc/pub/mpi/mpich-ofi-gnu15-ohpc/3.4.3/lib --with-device=ch4:ofi --with-libfabric=/opt/ohpc/pub/mpi/libfabric/1.18.0 MPICH CC: gcc -O3 -g -pipe -Wall -fexceptions -fstack-protector-strong -grecord-gcc-switches -mtune=generic -m64 -march=x86-64-v2   -O2 MPICH CXX: g++ -O3 -g -pipe -Wall -fexceptions -fstack-protector-strong -grecord-gcc-switches -mtune=generic -m64 -march=x86-64-v2  -O2 MPICH F77: gfortran -fallow-argument-mismatch  -O2 MPICH FC: gfortran -O3 -g -pipe -Wall -fexceptions -fstack-protector-strong -grecord-gcc-switches -mtune=generic -m64 -march=x86-64-v2  -O2 
OpenMP support:      enabled (GMX_OPENMP_MAX_THREADS = 128)
GPU support:         disabled
SIMD instructions:   SSE4.1
CPU FFT library:     fftw-3.3.10-sse2
GPU FFT library:     none
Multi-GPU FFT:       none
RDTSCP usage:        enabled
TNG support:         enabled
Hwloc support:       hwloc-2.11.1
Tracing support:     disabled
C compiler:          /opt/ohpc/pub/apps/spack/local/linux-nehalem/compiler-wrapper-1.0-ifytdwmmg2dguaqd4ctvzmfyrskdka5z/libexec/spack/gcc/gcc GNU 11.5.0
C compiler flags:    -fexcess-precision=fast -funroll-all-loops -msse4.1 -Wno-missing-field-initializers -fexceptions -O3 -DNDEBUG
C++ compiler:        /opt/ohpc/pub/apps/spack/local/linux-nehalem/compiler-wrapper-1.0-ifytdwmmg2dguaqd4ctvzmfyrskdka5z/libexec/spack/gcc/g++ GNU 11.5.0
C++ compiler flags:  -fexcess-precision=fast -funroll-all-loops -msse4.1 -Wno-missing-field-initializers -fexceptions -Wno-cast-function-type-strict SHELL:-fopenmp -O3 -DNDEBUG
BLAS library:        External - user-supplied
LAPACK library:      External - user-supplied


Running on 1 node with total 4 cores, 8 processing units
Hardware detected on host compute-12 (the node of MPI rank 0):
  CPU info:
    Vendor: Intel
    Brand:  Intel(R) Xeon(R) CPU           X3450  @ 2.67GHz
    Family: 6   Model: 30   Stepping: 5
    Features: apic clfsh cmov cx8 cx16 htt intel lahf mmx msr nonstop_tsc pdcm popcnt pse rdtscp sse2 sse3 sse4.1 sse4.2 ssse3
  Hardware topology: Full, with devices
    Packages, cores, and logical processors:
    [indices refer to OS logical processors]
      Package  0: [   0   4] [   1   5] [   2   6] [   3   7]
    CPU limit set by OS: -1   Recommended max number of threads: 8
    Numa nodes:
      Node  0 (4088700928 bytes mem):   0   4   1   5   2   6   3   7
      Latency:
               0
         0  1.00
    Caches:
      L1: 32768 bytes, linesize 64 bytes, assoc. 8, shared 2 ways
      L2: 262144 bytes, linesize 64 bytes, assoc. 8, shared 2 ways
      L3: 8388608 bytes, linesize 64 bytes, assoc. 16, shared 8 ways
    PCI devices:
      0000:04:00.0  Id: 8086:10d3  Class: 0x0200  Numa: 0
      0000:05:00.0  Id: 8086:10d3  Class: 0x0200  Numa: 0
      0000:06:05.0  Id: 1a03:2000  Class: 0x0300  Numa: 0
      0000:00:1f.2  Id: 8086:3b20  Class: 0x0101  Numa: 0
      0000:00:1f.5  Id: 8086:3b26  Class: 0x0101  Numa: 0


++++ PLEASE READ AND CITE THE FOLLOWING REFERENCE ++++
M. J. Abraham, T. Murtola, R. Schulz, S. Páll, J. C. Smith, B. Hess, E.
Lindahl
GROMACS: High performance molecular simulations through multi-level
parallelism from laptops to supercomputers
SoftwareX 1 (2015) pp. 19-25
-------- -------- --- Thank You --- -------- --------


++++ PLEASE READ AND CITE THE FOLLOWING REFERENCE ++++
S. Páll, M. J. Abraham, C. Kutzner, B. Hess, E. Lindahl
Tackling Exascale Software Challenges in Molecular Dynamics Simulations with
GROMACS
In S. Markidis & E. Laure (Eds.), Solving Software Challenges for Exascale 8759 (2015) pp. 3-27
-------- -------- --- Thank You --- -------- --------


++++ PLEASE READ AND CITE THE FOLLOWING REFERENCE ++++
S. Pronk, S. Páll, R. Schulz, P. Larsson, P. Bjelkmar, R. Apostolov, M. R.
Shirts, J. C. Smith, P. M. Kasson, D. van der Spoel, B. Hess, and E. Lindahl
GROMACS 4.5: a high-throughput and highly parallel open source molecular
simulation toolkit
Bioinformatics 29 (2013) pp. 845-54
-------- -------- --- Thank You --- -------- --------


++++ PLEASE READ AND CITE THE FOLLOWING REFERENCE ++++
B. Hess and C. Kutzner and D. van der Spoel and E. Lindahl
GROMACS 4: Algorithms for highly efficient, load-balanced, and scalable
molecular simulation
J. Chem. Theory Comput. 4 (2008) pp. 435-447
-------- -------- --- Thank You --- -------- --------


++++ PLEASE READ AND CITE THE FOLLOWING REFERENCE ++++
D. van der Spoel, E. Lindahl, B. Hess, G. Groenhof, A. E. Mark and H. J. C.
Berendsen
GROMACS: Fast, Flexible and Free
J. Comp. Chem. 26 (2005) pp. 1701-1719
-------- -------- --- Thank You --- -------- --------


++++ PLEASE READ AND CITE THE FOLLOWING REFERENCE ++++
E. Lindahl and B. Hess and D. van der Spoel
GROMACS 3.0: A package for molecular simulation and trajectory analysis
J. Mol. Mod. 7 (2001) pp. 306-317
-------- -------- --- Thank You --- -------- --------


++++ PLEASE READ AND CITE THE FOLLOWING REFERENCE ++++
H. J. C. Berendsen, D. van der Spoel and R. van Drunen
GROMACS: A message-passing parallel molecular dynamics implementation
Comp. Phys. Comm. 91 (1995) pp. 43-56
-------- -------- --- Thank You --- -------- --------


Input Parameters:
   integrator                     = md
   tinit                          = 0
   dt                             = 0.002
   nsteps                         = 500000
   init-step                      = 0
   simulation-part                = 1
   mts                            = false
   mass-repartition-factor        = 1
   comm-mode                      = Linear
   nstcomm                        = 100
   bd-fric                        = 0
   ld-seed                        = -608748037
   emtol                          = 10
   emstep                         = 0.01
   niter                          = 20
   fcstep                         = 0
   nstcgsteep                     = 1000
   nbfgscorr                      = 10
   rtpi                           = 0.05
   nstxout                        = 0
   nstvout                        = 0
   nstfout                        = 0
   nstlog                         = 5000
   nstcalcenergy                  = 100
   nstenergy                      = 5000
   nstxout-compressed             = 5000
   compressed-x-precision         = 1000
   cutoff-scheme                  = Verlet
   nstlist                        = 10
   pbc                            = xyz
   periodic-molecules             = false
   verlet-buffer-tolerance        = 0.005
   verlet-buffer-pressure-tolerance = 0.5
   rlist                          = 1.2
   coulombtype                    = PME
   coulomb-modifier               = Potential-shift
   rcoulomb-switch                = 0
   rcoulomb                       = 1.2
   epsilon-r                      = 1
   epsilon-rf                     = inf
   vdw-type                       = Cut-off
   vdw-modifier                   = Force-switch
   rvdw-switch                    = 1
   rvdw                           = 1.2
   DispCorr                       = No
   table-extension                = 1
   fourierspacing                 = 0.16
   fourier-nx                     = 60
   fourier-ny                     = 60
   fourier-nz                     = 60
   pme-order                      = 4
   ewald-rtol                     = 1e-05
   ewald-rtol-lj                  = 0.001
   lj-pme-comb-rule               = Geometric
   ewald-geometry                 = 3d
   epsilon-surface                = 0
   ensemble-temperature-setting   = constant
   ensemble-temperature           = 310
   tcoupl                         = V-rescale
   nsttcouple                     = 100
   nh-chain-length                = 0
   print-nose-hoover-chain-variables = false
   pcoupl                         = C-rescale
   pcoupltype                     = Isotropic
   nstpcouple                     = 100
   tau-p                          = 5
   compressibility (3x3):
      compressibility[    0]={ 4.50000e-05,  0.00000e+00,  0.00000e+00}
      compressibility[    1]={ 0.00000e+00,  4.50000e-05,  0.00000e+00}
      compressibility[    2]={ 0.00000e+00,  0.00000e+00,  4.50000e-05}
   ref-p (3x3):
      ref-p[    0]={ 1.00000e+00,  0.00000e+00,  0.00000e+00}
      ref-p[    1]={ 0.00000e+00,  1.00000e+00,  0.00000e+00}
      ref-p[    2]={ 0.00000e+00,  0.00000e+00,  1.00000e+00}
   refcoord-scaling               = No
   posres-com (3):
      posres-com[0]= 0.00000e+00
      posres-com[1]= 0.00000e+00
      posres-com[2]= 0.00000e+00
   posres-comB (3):
      posres-comB[0]= 0.00000e+00
      posres-comB[1]= 0.00000e+00
      posres-comB[2]= 0.00000e+00
   QMMM                           = false
qm-opts:
   ngQM                           = 0
   constraint-algorithm           = Lincs
   continuation                   = true
   Shake-SOR                      = false
   shake-tol                      = 0.0001
   lincs-order                    = 4
   lincs-iter                     = 1
   lincs-warnangle                = 30
   nwall                          = 0
   wall-type                      = 9-3
   wall-r-linpot                  = -1
   wall-atomtype[0]               = -1
   wall-atomtype[1]               = -1
   wall-density[0]                = 0
   wall-density[1]                = 0
   wall-ewald-zfac                = 3
   pull                           = false
   awh                            = false
   rotation                       = false
   interactiveMD                  = false
   disre                          = No
   disre-weighting                = Conservative
   disre-mixed                    = false
   dr-fc                          = 1000
   dr-tau                         = 0
   nstdisreout                    = 100
   orire-fc                       = 0
   orire-tau                      = 0
   nstorireout                    = 100
   free-energy                    = no
   cos-acceleration               = 0
   deform (3x3):
      deform[    0]={ 0.00000e+00,  0.00000e+00,  0.00000e+00}
      deform[    1]={ 0.00000e+00,  0.00000e+00,  0.00000e+00}
      deform[    2]={ 0.00000e+00,  0.00000e+00,  0.00000e+00}
   simulated-tempering            = false
   swapcoords                     = no
   userint1                       = 0
   userint2                       = 0
   userint3                       = 0
   userint4                       = 0
   userreal1                      = 0
   userreal2                      = 0
   userreal3                      = 0
   userreal4                      = 0
   applied-forces:
     electric-field:
       x:
         E0                       = 0
         omega                    = 0
         t0                       = 0
         sigma                    = 0
       y:
         E0                       = 0
         omega                    = 0
         t0                       = 0
         sigma                    = 0
       z:
         E0                       = 0
         omega                    = 0
         t0                       = 0
         sigma                    = 0
     density-guided-simulation:
       active                     = false
       group                      = protein
       similarity-measure         = inner-product
       atom-spreading-weight      = unity
       force-constant             = 1e+09
       gaussian-transform-spreading-width = 0.2
       gaussian-transform-spreading-range-in-multiples-of-width = 4
       reference-density-filename = reference.mrc
       nst                        = 1
       normalize-densities        = true
       adaptive-force-scaling     = false
       adaptive-force-scaling-time-constant = 4
       shift-vector               = 
       transformation-matrix      = 
     qmmm-cp2k:
       active                     = false
       qmgroup                    = System
       qmmethod                   = PBE
       qmfilenames                = 
       qmcharge                   = 0
       qmmultiplicity             = 1
     colvars:
       active                     = false
       configfile                 = 
       seed                       = -1
grpopts:
   nrdf:      150453
   ref-t:         310
   tau-t:           1
annealing:          No
annealing-npoints:           0
   acc:	           0           0           0
   nfreeze:           N           N           N
   energygrp-flags[  0]: 0 0 0
   energygrp-flags[  1]: 0 0 0
   energygrp-flags[  2]: 0 0 0


Rerun trajectory contains velocities. Rerun does only evaluate potential energy and forces. The velocities will be ignored.
Changing nstlist from 10 to 80, rlist from 1.2 to 1.324


Update groups can not be used for this system because atoms that are (in)directly constrained together are interdispersed with other atoms

Initializing Domain Decomposition on 1 ranks
NOTE: disabling dynamic load balancing as it is not supported in reruns.
Dynamic load balancing: off
Minimum cell size due to atom displacement: 0.645 nm
Initial maximum distances in bonded interactions:
    two-body bonded interactions: 0.427 nm, LJ-14, atoms 3022 3029
  multi-body bonded interactions: 0.486 nm, CMAP Dih., atoms 4372 4388
Minimum cell size due to bonded interactions: 0.535 nm
Maximum distance for 5 constraints, at 120 deg. angles, all-trans: 0.222 nm
Estimated maximum distance required for P-LINCS: 0.222 nm
Using 0 separate PME ranks because: there are too few total ranks for efficient splitting
Optimizing the DD grid for 1 cells with a minimum initial size of 0.645 nm
The maximum allowed number of cells is: X 13 Y 13 Z 13
Domain decomposition grid 1 x 1 x 1, separate PME ranks 0
PME domain decomposition: 1 x 1 x 1

The initial number of communication pulses is:
The initial domain decomposition cell size is:

The maximum allowed distance for atoms involved in interactions is:
                 non-bonded interactions           1.324 nm
(the following are initial values, they could change due to box deformation)
            two-body bonded interactions  (-rdd)   1.324 nm
          multi-body bonded interactions  (-rdd)   1.324 nm
  atoms separated by up to 5 constraints  (-rcon)  9.014 nm

Using 1 MPI process
Using 8 OpenMP threads 

System total charge: -0.050
Will do PME sum in reciprocal space for electrostatic interactions.

++++ PLEASE READ AND CITE THE FOLLOWING REFERENCE ++++
U. Essmann, L. Perera, M. L. Berkowitz, T. Darden, H. Lee and L. G. Pedersen 
A smooth particle mesh Ewald method
J. Chem. Phys. 103 (1995) pp. 8577-8592
-------- -------- --- Thank You --- -------- --------

Using a Gaussian width (1/beta) of 0.384195 nm for Ewald
Potential shift: LJ r^-12: -2.648e-01 r^-6: -5.349e-01, Ewald -8.333e-06
Initialized non-bonded Coulomb Ewald tables, spacing: 1.02e-03 size: 1176

Generated table with 1162 data points for 1-4 COUL.
Tabscale = 500 points/nm
Generated table with 1162 data points for 1-4 LJ6.
Tabscale = 500 points/nm
Generated table with 1162 data points for 1-4 LJ12.
Tabscale = 500 points/nm


Using SIMD4xM 4x4 nonbonded short-range kernels

Using a dual 4x4 pair-list setup updated with dynamic pruning:
  outer list: updated every 80 steps, buffer 0.124 nm, rlist 1.324 nm
  inner list: updated every 12 steps, buffer 0.000 nm, rlist 1.200 nm
At tolerance 0.005 kJ/mol/ps per atom, equivalent classical 1x1 list would be:
  outer list: updated every 80 steps, buffer 0.268 nm, rlist 1.468 nm
  inner list: updated every 12 steps, buffer 0.047 nm, rlist 1.247 nm

The average pressure is off by at most 0.19 bar due to missing LJ interactions

Linking all bonded interactions to atoms


Pinning threads with an auto-selected logical cpu stride of 1

Initializing Parallel LINear Constraint Solver

++++ PLEASE READ AND CITE THE FOLLOWING REFERENCE ++++
B. Hess
P-LINCS: A Parallel Linear Constraint Solver for molecular simulation
J. Chem. Theory Comput. 4 (2008) pp. 116-122
-------- -------- --- Thank You --- -------- --------

The number of constraints is 2283
There are constraints between atoms in different decomposition domains,
will communicate selected coordinates each lincs iteration

++++ PLEASE READ AND CITE THE FOLLOWING REFERENCE ++++
S. Miyamoto and P. A. Kollman
SETTLE: An Analytical Version of the SHAKE and RATTLE Algorithms for Rigid
Water Models
J. Comp. Chem. 13 (1992) pp. 952-962
-------- -------- --- Thank You --- -------- --------


Note that it is planned that the command gmx mdrun -rerun will be available in a different form in a future version of GROMACS, e.g. gmx rerun -f.
There are: 74080 Atoms

Atom distribution over 1 domains: av 74080 stddev 0 min 74080 max 74080

Started mdrun on rank 0 Tue Apr 28 02:50:53 2026


Simulations has constraints. Rerun does not recalculate constraints.

Rerun does not report kinetic energy, total energy, temperature, virial and pressure.

Atom distribution over 1 domains: av 74080 stddev 0 min 74080 max 74080
           Step           Time
              0        0.00000


   Energies (kJ/mol)
           Bond            U-B    Proper Dih.  Improper Dih.      CMAP Dih.
    3.86743e+03    1.06360e+04    1.13460e+04    6.65834e+02   -6.21033e+02
          LJ-14     Coulomb-14        LJ (SR)   Coulomb (SR)   Coul. recip.
    3.04861e+03    6.02626e+04    9.30425e+04   -1.15311e+06    3.67825e+03
      Potential
   -9.67181e+05

Atom distribution over 1 domains: av 74080 stddev 0 min 74080 max 74080
           Step           Time
           5000       10.00000


   Energies (kJ/mol)
           Bond            U-B    Proper Dih.  Improper Dih.      CMAP Dih.
    3.91677e+03    1.08368e+04    1.15888e+04    7.47010e+02   -6.84198e+02
          LJ-14     Coulomb-14        LJ (SR)   Coulomb (SR)   Coul. recip.
    3.01428e+03    6.02256e+04    9.46359e+04   -1.15471e+06    3.51659e+03
      Potential
   -9.66916e+05

Atom distribution over 1 domains: av 74080 stddev 0 min 74080 max 74080
           Step           Time
          10000       20.00000


   Energies (kJ/mol)
           Bond            U-B    Proper Dih.  Improper Dih.      CMAP Dih.
    3.96455e+03    1.11757e+04    1.14583e+04    6.98953e+02   -6.98408e+02
          LJ-14     Coulomb-14        LJ (SR)   Coulomb (SR)   Coul. recip.
    3.02972e+03    6.00422e+04    9.30644e+04   -1.15273e+06    3.62854e+03
      Potential
   -9.66364e+05

Atom distribution over 1 domains: av 74080 stddev 0 min 74080 max 74080
           Step           Time
          15000       30.00000


   Energies (kJ/mol)
           Bond            U-B    Proper Dih.  Improper Dih.      CMAP Dih.
    3.91712e+03    1.09763e+04    1.14005e+04    7.38273e+02   -6.50638e+02
          LJ-14     Coulomb-14        LJ (SR)   Coulomb (SR)   Coul. recip.
    3.03653e+03    6.04594e+04    9.16600e+04   -1.15178e+06    3.48696e+03
      Potential
   -9.66759e+05

Atom distribution over 1 domains: av 74080 stddev 0 min 74080 max 74080
           Step           Time
          20000       40.00000


   Energies (kJ/mol)
           Bond            U-B    Proper Dih.  Improper Dih.      CMAP Dih.
    3.80998e+03    1.11882e+04    1.13687e+04    6.88970e+02   -6.90351e+02
          LJ-14     Coulomb-14        LJ (SR)   Coulomb (SR)   Coul. recip.
    3.07906e+03    6.03896e+04    9.13727e+04   -1.15069e+06    3.43617e+03
      Potential
   -9.66044e+05

Atom distribution over 1 domains: av 74080 stddev 0 min 74080 max 74080
           Step           Time
          25000       50.00000


   Energies (kJ/mol)
           Bond            U-B    Proper Dih.  Improper Dih.      CMAP Dih.
    3.96365e+03    1.12966e+04    1.13540e+04    6.53180e+02   -7.08583e+02
          LJ-14     Coulomb-14        LJ (SR)   Coulomb (SR)   Coul. recip.
    2.89093e+03    6.01894e+04    9.33869e+04   -1.15521e+06    3.44679e+03
      Potential
   -9.68735e+05

Atom distribution over 1 domains: av 74080 stddev 0 min 74080 max 74080
           Step           Time
          30000       60.00000


   Energies (kJ/mol)
           Bond            U-B    Proper Dih.  Improper Dih.      CMAP Dih.
    3.91781e+03    1.12028e+04    1.13894e+04    7.00785e+02   -6.92551e+02
          LJ-14     Coulomb-14        LJ (SR)   Coulomb (SR)   Coul. recip.
    2.89917e+03    6.04485e+04    9.27507e+04   -1.15199e+06    3.48611e+03
      Potential
   -9.65887e+05

Atom distribution over 1 domains: av 74080 stddev 0 min 74080 max 74080
           Step           Time
          35000       70.00000


   Energies (kJ/mol)
           Bond            U-B    Proper Dih.  Improper Dih.      CMAP Dih.
    3.92573e+03    1.13691e+04    1.15206e+04    7.51167e+02   -7.14319e+02
          LJ-14     Coulomb-14        LJ (SR)   Coulomb (SR)   Coul. recip.
    2.99011e+03    6.01185e+04    9.39156e+04   -1.15508e+06    3.48173e+03
      Potential
   -9.67723e+05

Atom distribution over 1 domains: av 74080 stddev 0 min 74080 max 74080
           Step           Time
          40000       80.00000


   Energies (kJ/mol)
           Bond            U-B    Proper Dih.  Improper Dih.      CMAP Dih.
    4.07960e+03    1.11998e+04    1.13077e+04    7.69663e+02   -6.81523e+02
          LJ-14     Coulomb-14        LJ (SR)   Coulomb (SR)   Coul. recip.
    2.93091e+03    6.00746e+04    9.12781e+04   -1.15226e+06    3.58128e+03
      Potential
   -9.67721e+05

Atom distribution over 1 domains: av 74080 stddev 0 min 74080 max 74080
           Step           Time
          45000       90.00000


   Energies (kJ/mol)
           Bond            U-B    Proper Dih.  Improper Dih.      CMAP Dih.
    3.95342e+03    1.11594e+04    1.13181e+04    7.85502e+02   -6.63025e+02
          LJ-14     Coulomb-14        LJ (SR)   Coulomb (SR)   Coul. recip.
    3.00179e+03    6.01221e+04    9.28060e+04   -1.15243e+06    3.49705e+03
      Potential
   -9.66449e+05

Atom distribution over 1 domains: av 74080 stddev 0 min 74080 max 74080
           Step           Time
          50000      100.00000


   Energies (kJ/mol)
           Bond            U-B    Proper Dih.  Improper Dih.      CMAP Dih.
    4.04498e+03    1.12411e+04    1.15473e+04    7.18120e+02   -6.88480e+02
          LJ-14     Coulomb-14        LJ (SR)   Coulomb (SR)   Coul. recip.
    3.01548e+03    6.05283e+04    9.29436e+04   -1.15277e+06    3.48672e+03
      Potential
   -9.65937e+05

Atom distribution over 1 domains: av 74080 stddev 0 min 74080 max 74080
           Step           Time
          55000      110.00000


   Energies (kJ/mol)
           Bond            U-B    Proper Dih.  Improper Dih.      CMAP Dih.
    3.87969e+03    1.08969e+04    1.14069e+04    7.35154e+02   -6.75214e+02
          LJ-14     Coulomb-14        LJ (SR)   Coulomb (SR)   Coul. recip.
    2.89007e+03    6.05372e+04    9.38541e+04   -1.15427e+06    3.68205e+03
      Potential
   -9.67058e+05

Atom distribution over 1 domains: av 74080 stddev 0 min 74080 max 74080
           Step           Time
          60000      120.00000


   Energies (kJ/mol)
           Bond            U-B    Proper Dih.  Improper Dih.      CMAP Dih.
    3.95439e+03    1.08700e+04    1.16294e+04    7.13633e+02   -8.46355e+02
          LJ-14     Coulomb-14        LJ (SR)   Coulomb (SR)   Coul. recip.
    2.90660e+03    6.05964e+04    9.39134e+04   -1.15570e+06    3.44830e+03
      Potential
   -9.68514e+05

Atom distribution over 1 domains: av 74080 stddev 0 min 74080 max 74080
           Step           Time
          65000      130.00000


   Energies (kJ/mol)
           Bond            U-B    Proper Dih.  Improper Dih.      CMAP Dih.
    3.87276e+03    1.11100e+04    1.15076e+04    7.34365e+02   -7.49708e+02
          LJ-14     Coulomb-14        LJ (SR)   Coulomb (SR)   Coul. recip.
    2.86379e+03    6.03885e+04    9.25999e+04   -1.15245e+06    3.59819e+03
      Potential
   -9.66526e+05

Atom distribution over 1 domains: av 74080 stddev 0 min 74080 max 74080
           Step           Time
          70000      140.00000


   Energies (kJ/mol)
           Bond            U-B    Proper Dih.  Improper Dih.      CMAP Dih.
    3.83153e+03    1.08819e+04    1.13804e+04    7.24193e+02   -7.08979e+02
          LJ-14     Coulomb-14        LJ (SR)   Coulomb (SR)   Coul. recip.
    2.90755e+03    6.02142e+04    9.40107e+04   -1.15645e+06    3.62072e+03
      Potential
   -9.69590e+05

Atom distribution over 1 domains: av 74080 stddev 0 min 74080 max 74080
           Step           Time
          75000      150.00000


   Energies (kJ/mol)
           Bond            U-B    Proper Dih.  Improper Dih.      CMAP Dih.
    4.10266e+03    1.11369e+04    1.12950e+04    7.52801e+02   -6.66388e+02
          LJ-14     Coulomb-14        LJ (SR)   Coulomb (SR)   Coul. recip.
    2.95524e+03    6.02016e+04    9.39376e+04   -1.15373e+06    3.48388e+03
      Potential
   -9.66528e+05

Atom distribution over 1 domains: av 74080 stddev 0 min 74080 max 74080
           Step           Time
          80000      160.00000


   Energies (kJ/mol)
           Bond            U-B    Proper Dih.  Improper Dih.      CMAP Dih.
    3.95175e+03    1.10097e+04    1.12939e+04    7.85707e+02   -7.20914e+02
          LJ-14     Coulomb-14        LJ (SR)   Coulomb (SR)   Coul. recip.
    2.97770e+03    6.04346e+04    9.32944e+04   -1.15466e+06    3.52146e+03
      Potential
   -9.68111e+05

Atom distribution over 1 domains: av 74080 stddev 0 min 74080 max 74080
           Step           Time
          85000      170.00000


   Energies (kJ/mol)
           Bond            U-B    Proper Dih.  Improper Dih.      CMAP Dih.
    4.01380e+03    1.09783e+04    1.13640e+04    7.20320e+02   -8.19498e+02
          LJ-14     Coulomb-14        LJ (SR)   Coulomb (SR)   Coul. recip.
    2.96435e+03    6.06422e+04    9.41852e+04   -1.15394e+06    3.55995e+03
      Potential
   -9.66329e+05

Atom distribution over 1 domains: av 74080 stddev 0 min 74080 max 74080
           Step           Time
          90000      180.00000


   Energies (kJ/mol)
           Bond            U-B    Proper Dih.  Improper Dih.      CMAP Dih.
    3.93821e+03    1.09742e+04    1.11900e+04    7.47049e+02   -7.23868e+02
          LJ-14     Coulomb-14        LJ (SR)   Coulomb (SR)   Coul. recip.
    2.93705e+03    6.06273e+04    9.46392e+04   -1.15594e+06    3.60584e+03
      Potential
   -9.68001e+05

Atom distribution over 1 domains: av 74080 stddev 0 min 74080 max 74080
           Step           Time
          95000      190.00000


   Energies (kJ/mol)
           Bond            U-B    Proper Dih.  Improper Dih.      CMAP Dih.
    3.79511e+03    1.13860e+04    1.13663e+04    7.76036e+02   -7.98363e+02
          LJ-14     Coulomb-14        LJ (SR)   Coulomb (SR)   Coul. recip.
    2.91189e+03    6.07426e+04    9.36388e+04   -1.15464e+06    3.60219e+03
      Potential
   -9.67217e+05

Atom distribution over 1 domains: av 74080 stddev 0 min 74080 max 74080
           Step           Time
         100000      200.00000


   Energies (kJ/mol)
           Bond            U-B    Proper Dih.  Improper Dih.      CMAP Dih.
    3.81283e+03    1.11534e+04    1.12917e+04    7.64372e+02   -6.79206e+02
          LJ-14     Coulomb-14        LJ (SR)   Coulomb (SR)   Coul. recip.
    2.98622e+03    6.06739e+04    9.40251e+04   -1.15427e+06    3.57783e+03
      Potential
   -9.66661e+05

Atom distribution over 1 domains: av 74080 stddev 0 min 74080 max 74080
           Step           Time
         105000      210.00000


   Energies (kJ/mol)
           Bond            U-B    Proper Dih.  Improper Dih.      CMAP Dih.
    4.19371e+03    1.11099e+04    1.12627e+04    7.51602e+02   -7.38899e+02
          LJ-14     Coulomb-14        LJ (SR)   Coulomb (SR)   Coul. recip.
    2.89922e+03    6.03769e+04    9.36083e+04   -1.15296e+06    3.49648e+03
      Potential
   -9.65999e+05

Atom distribution over 1 domains: av 74080 stddev 0 min 74080 max 74080
           Step           Time
         110000      220.00000


   Energies (kJ/mol)
           Bond            U-B    Proper Dih.  Improper Dih.      CMAP Dih.
    3.85635e+03    1.08930e+04    1.11279e+04    6.83263e+02   -7.06234e+02
          LJ-14     Coulomb-14        LJ (SR)   Coulomb (SR)   Coul. recip.
    2.99053e+03    6.04219e+04    9.42558e+04   -1.15463e+06    3.65321e+03
      Potential
   -9.67452e+05

Atom distribution over 1 domains: av 74080 stddev 0 min 74080 max 74080
           Step           Time
         115000      230.00000


   Energies (kJ/mol)
           Bond            U-B    Proper Dih.  Improper Dih.      CMAP Dih.
    4.06237e+03    1.10424e+04    1.12098e+04    7.49124e+02   -7.16761e+02
          LJ-14     Coulomb-14        LJ (SR)   Coulomb (SR)   Coul. recip.
    2.95487e+03    6.03350e+04    9.36097e+04   -1.15290e+06    3.63909e+03
      Potential
   -9.66014e+05

Atom distribution over 1 domains: av 74080 stddev 0 min 74080 max 74080
           Step           Time
         120000      240.00000


   Energies (kJ/mol)
           Bond            U-B    Proper Dih.  Improper Dih.      CMAP Dih.
    4.00685e+03    1.11685e+04    1.14542e+04    7.28236e+02   -7.22122e+02
          LJ-14     Coulomb-14        LJ (SR)   Coulomb (SR)   Coul. recip.
    2.94004e+03    6.03290e+04    9.20127e+04   -1.15022e+06    3.56528e+03
      Potential
   -9.64735e+05

Atom distribution over 1 domains: av 74080 stddev 0 min 74080 max 74080
           Step           Time
         125000      250.00000


   Energies (kJ/mol)
           Bond            U-B    Proper Dih.  Improper Dih.      CMAP Dih.
    3.91271e+03    1.08898e+04    1.12925e+04    6.63130e+02   -7.92404e+02
          LJ-14     Coulomb-14        LJ (SR)   Coulomb (SR)   Coul. recip.
    2.98893e+03    6.04567e+04    9.14087e+04   -1.15048e+06    3.57406e+03
      Potential
   -9.66090e+05

Atom distribution over 1 domains: av 74080 stddev 0 min 74080 max 74080
           Step           Time
         130000      260.00000


   Energies (kJ/mol)
           Bond            U-B    Proper Dih.  Improper Dih.      CMAP Dih.
    4.03653e+03    1.09143e+04    1.12715e+04    7.86180e+02   -7.50241e+02
          LJ-14     Coulomb-14        LJ (SR)   Coulomb (SR)   Coul. recip.
    2.94773e+03    6.05278e+04    9.19179e+04   -1.15270e+06    3.58331e+03
      Potential
   -9.67467e+05

Atom distribution over 1 domains: av 74080 stddev 0 min 74080 max 74080
           Step           Time
         135000      270.00000


   Energies (kJ/mol)
           Bond            U-B    Proper Dih.  Improper Dih.      CMAP Dih.
    3.84616e+03    1.10988e+04    1.12703e+04    7.58206e+02   -6.43517e+02
          LJ-14     Coulomb-14        LJ (SR)   Coulomb (SR)   Coul. recip.
    2.93063e+03    6.02593e+04    9.37812e+04   -1.15304e+06    3.59001e+03
      Potential
   -9.66150e+05

Atom distribution over 1 domains: av 74080 stddev 0 min 74080 max 74080
           Step           Time
         140000      280.00000


   Energies (kJ/mol)
           Bond            U-B    Proper Dih.  Improper Dih.      CMAP Dih.
    3.72087e+03    1.12454e+04    1.14493e+04    7.32227e+02   -7.51839e+02
          LJ-14     Coulomb-14        LJ (SR)   Coulomb (SR)   Coul. recip.
    3.01640e+03    6.03861e+04    9.32317e+04   -1.15414e+06    3.57748e+03
      Potential
   -9.67535e+05

Atom distribution over 1 domains: av 74080 stddev 0 min 74080 max 74080
           Step           Time
         145000      290.00000


   Energies (kJ/mol)
           Bond            U-B    Proper Dih.  Improper Dih.      CMAP Dih.
    3.97651e+03    1.10016e+04    1.11226e+04    7.47046e+02   -7.30673e+02
          LJ-14     Coulomb-14        LJ (SR)   Coulomb (SR)   Coul. recip.
    3.02207e+03    6.04331e+04    9.35216e+04   -1.15281e+06    3.59795e+03
      Potential
   -9.66122e+05

Atom distribution over 1 domains: av 74080 stddev 0 min 74080 max 74080
           Step           Time
         150000      300.00000


   Energies (kJ/mol)
           Bond            U-B    Proper Dih.  Improper Dih.      CMAP Dih.
    3.81381e+03    1.08699e+04    1.12843e+04    7.05654e+02   -6.90549e+02
          LJ-14     Coulomb-14        LJ (SR)   Coulomb (SR)   Coul. recip.
    2.93387e+03    6.01629e+04    9.37744e+04   -1.15494e+06    3.44912e+03
      Potential
   -9.68635e+05

Atom distribution over 1 domains: av 74080 stddev 0 min 74080 max 74080
           Step           Time
         155000      310.00000


   Energies (kJ/mol)
           Bond            U-B    Proper Dih.  Improper Dih.      CMAP Dih.
    3.85624e+03    1.12709e+04    1.13077e+04    7.04528e+02   -7.46899e+02
          LJ-14     Coulomb-14        LJ (SR)   Coulomb (SR)   Coul. recip.
    2.95525e+03    6.04466e+04    9.21499e+04   -1.15149e+06    3.48581e+03
      Potential
   -9.66056e+05

Atom distribution over 1 domains: av 74080 stddev 0 min 74080 max 74080
           Step           Time
         160000      320.00000


   Energies (kJ/mol)
           Bond            U-B    Proper Dih.  Improper Dih.      CMAP Dih.
    3.89827e+03    1.09505e+04    1.11514e+04    6.75024e+02   -6.97540e+02
          LJ-14     Coulomb-14        LJ (SR)   Coulomb (SR)   Coul. recip.
    3.03829e+03    6.04275e+04    9.23696e+04   -1.15340e+06    3.56636e+03
      Potential
   -9.68019e+05

Atom distribution over 1 domains: av 74080 stddev 0 min 74080 max 74080
           Step           Time
         165000      330.00000


   Energies (kJ/mol)
           Bond            U-B    Proper Dih.  Improper Dih.      CMAP Dih.
    3.82405e+03    1.10990e+04    1.12309e+04    6.64755e+02   -7.16468e+02
          LJ-14     Coulomb-14        LJ (SR)   Coulomb (SR)   Coul. recip.
    2.87160e+03    6.04959e+04    9.33192e+04   -1.15346e+06    3.65873e+03
      Potential
   -9.67016e+05

Atom distribution over 1 domains: av 74080 stddev 0 min 74080 max 74080
           Step           Time
         170000      340.00000


   Energies (kJ/mol)
           Bond            U-B    Proper Dih.  Improper Dih.      CMAP Dih.
    3.97242e+03    1.09564e+04    1.13282e+04    7.34736e+02   -7.36826e+02
          LJ-14     Coulomb-14        LJ (SR)   Coulomb (SR)   Coul. recip.
    3.11405e+03    6.05260e+04    9.49850e+04   -1.15626e+06    3.59810e+03
      Potential
   -9.67778e+05

Atom distribution over 1 domains: av 74080 stddev 0 min 74080 max 74080
           Step           Time
         175000      350.00000


   Energies (kJ/mol)
           Bond            U-B    Proper Dih.  Improper Dih.      CMAP Dih.
    4.00737e+03    1.08524e+04    1.12856e+04    7.56541e+02   -6.47928e+02
          LJ-14     Coulomb-14        LJ (SR)   Coulomb (SR)   Coul. recip.
    3.03021e+03    6.04027e+04    9.39980e+04   -1.15302e+06    3.51213e+03
      Potential
   -9.65821e+05

Atom distribution over 1 domains: av 74080 stddev 0 min 74080 max 74080
           Step           Time
         180000      360.00000


   Energies (kJ/mol)
           Bond            U-B    Proper Dih.  Improper Dih.      CMAP Dih.
    3.79906e+03    1.10484e+04    1.12930e+04    7.29672e+02   -7.70592e+02
          LJ-14     Coulomb-14        LJ (SR)   Coulomb (SR)   Coul. recip.
    3.02921e+03    6.06422e+04    9.28131e+04   -1.15311e+06    3.41927e+03
      Potential
   -9.67104e+05

Atom distribution over 1 domains: av 74080 stddev 0 min 74080 max 74080
           Step           Time
         185000      370.00000


   Energies (kJ/mol)
           Bond            U-B    Proper Dih.  Improper Dih.      CMAP Dih.
    3.95840e+03    1.08751e+04    1.14415e+04    7.31508e+02   -7.02212e+02
          LJ-14     Coulomb-14        LJ (SR)   Coulomb (SR)   Coul. recip.
    2.96620e+03    6.02521e+04    9.22982e+04   -1.15001e+06    3.55652e+03
      Potential
   -9.64636e+05

Atom distribution over 1 domains: av 74080 stddev 0 min 74080 max 74080
           Step           Time
         190000      380.00000


   Energies (kJ/mol)
           Bond            U-B    Proper Dih.  Improper Dih.      CMAP Dih.
    3.77073e+03    1.09554e+04    1.12158e+04    7.48905e+02   -7.62548e+02
          LJ-14     Coulomb-14        LJ (SR)   Coulomb (SR)   Coul. recip.
    2.90645e+03    6.08329e+04    9.19396e+04   -1.15171e+06    3.58139e+03
      Potential
   -9.66525e+05

Atom distribution over 1 domains: av 74080 stddev 0 min 74080 max 74080
           Step           Time
         195000      390.00000


   Energies (kJ/mol)
           Bond            U-B    Proper Dih.  Improper Dih.      CMAP Dih.
    3.87131e+03    1.06121e+04    1.12910e+04    7.03456e+02   -7.20699e+02
          LJ-14     Coulomb-14        LJ (SR)   Coulomb (SR)   Coul. recip.
    2.94755e+03    6.07616e+04    9.47110e+04   -1.15397e+06    3.62327e+03
      Potential
   -9.66167e+05

Atom distribution over 1 domains: av 74080 stddev 0 min 74080 max 74080
           Step           Time
         200000      400.00000


   Energies (kJ/mol)
           Bond            U-B    Proper Dih.  Improper Dih.      CMAP Dih.
    4.07968e+03    1.13070e+04    1.12035e+04    6.81271e+02   -6.34154e+02
          LJ-14     Coulomb-14        LJ (SR)   Coulomb (SR)   Coul. recip.
    2.99501e+03    6.04911e+04    9.29588e+04   -1.15430e+06    3.47757e+03
      Potential
   -9.67737e+05

Atom distribution over 1 domains: av 74080 stddev 0 min 74080 max 74080
           Step           Time
         205000      410.00000


   Energies (kJ/mol)
           Bond            U-B    Proper Dih.  Improper Dih.      CMAP Dih.
    3.86871e+03    1.16660e+04    1.11884e+04    7.22952e+02   -7.41021e+02
          LJ-14     Coulomb-14        LJ (SR)   Coulomb (SR)   Coul. recip.
    2.98317e+03    6.01717e+04    9.20746e+04   -1.15137e+06    3.44352e+03
      Potential
   -9.65992e+05

Atom distribution over 1 domains: av 74080 stddev 0 min 74080 max 74080
           Step           Time
         210000      420.00000


   Energies (kJ/mol)
           Bond            U-B    Proper Dih.  Improper Dih.      CMAP Dih.
    3.95403e+03    1.13917e+04    1.12448e+04    6.90791e+02   -6.55890e+02
          LJ-14     Coulomb-14        LJ (SR)   Coulomb (SR)   Coul. recip.
    2.96860e+03    6.02222e+04    9.45210e+04   -1.15357e+06    3.49068e+03
      Potential
   -9.65739e+05

Atom distribution over 1 domains: av 74080 stddev 0 min 74080 max 74080
           Step           Time
         215000      430.00000


   Energies (kJ/mol)
           Bond            U-B    Proper Dih.  Improper Dih.      CMAP Dih.
    4.00711e+03    1.10619e+04    1.14130e+04    7.00170e+02   -7.36911e+02
          LJ-14     Coulomb-14        LJ (SR)   Coulomb (SR)   Coul. recip.
    2.95793e+03    6.06168e+04    9.34106e+04   -1.15432e+06    3.51437e+03
      Potential
   -9.67380e+05

Atom distribution over 1 domains: av 74080 stddev 0 min 74080 max 74080
           Step           Time
         220000      440.00000


   Energies (kJ/mol)
           Bond            U-B    Proper Dih.  Improper Dih.      CMAP Dih.
    3.85633e+03    1.12025e+04    1.12485e+04    7.01305e+02   -6.92931e+02
          LJ-14     Coulomb-14        LJ (SR)   Coulomb (SR)   Coul. recip.
    2.90971e+03    6.03006e+04    9.31083e+04   -1.15404e+06    3.53668e+03
      Potential
   -9.67870e+05

Atom distribution over 1 domains: av 74080 stddev 0 min 74080 max 74080
           Step           Time
         225000      450.00000


   Energies (kJ/mol)
           Bond            U-B    Proper Dih.  Improper Dih.      CMAP Dih.
    3.95276e+03    1.13249e+04    1.12864e+04    7.28741e+02   -7.04974e+02
          LJ-14     Coulomb-14        LJ (SR)   Coulomb (SR)   Coul. recip.
    2.95310e+03    6.05581e+04    9.41066e+04   -1.15381e+06    3.48921e+03
      Potential
   -9.66118e+05

Atom distribution over 1 domains: av 74080 stddev 0 min 74080 max 74080
           Step           Time
         230000      460.00000


   Energies (kJ/mol)
           Bond            U-B    Proper Dih.  Improper Dih.      CMAP Dih.
    3.91350e+03    1.12316e+04    1.13367e+04    7.21113e+02   -7.50361e+02
          LJ-14     Coulomb-14        LJ (SR)   Coulomb (SR)   Coul. recip.
    2.93228e+03    5.99887e+04    9.35750e+04   -1.15424e+06    3.56355e+03
      Potential
   -9.67723e+05

Atom distribution over 1 domains: av 74080 stddev 0 min 74080 max 74080
           Step           Time
         235000      470.00000


   Energies (kJ/mol)
           Bond            U-B    Proper Dih.  Improper Dih.      CMAP Dih.
    3.88136e+03    1.10926e+04    1.12803e+04    7.34601e+02   -7.84858e+02
          LJ-14     Coulomb-14        LJ (SR)   Coulomb (SR)   Coul. recip.
    3.06527e+03    6.06338e+04    9.24087e+04   -1.15281e+06    3.60999e+03
      Potential
   -9.66886e+05

Atom distribution over 1 domains: av 74080 stddev 0 min 74080 max 74080
           Step           Time
         240000      480.00000


   Energies (kJ/mol)
           Bond            U-B    Proper Dih.  Improper Dih.      CMAP Dih.
    3.86299e+03    1.10669e+04    1.11515e+04    6.97974e+02   -7.13214e+02
          LJ-14     Coulomb-14        LJ (SR)   Coulomb (SR)   Coul. recip.
    2.99340e+03    6.08091e+04    9.18188e+04   -1.15165e+06    3.50166e+03
      Potential
   -9.66460e+05

Atom distribution over 1 domains: av 74080 stddev 0 min 74080 max 74080
           Step           Time
         245000      490.00000


   Energies (kJ/mol)
           Bond            U-B    Proper Dih.  Improper Dih.      CMAP Dih.
    3.81878e+03    1.12499e+04    1.11722e+04    6.74799e+02   -6.35583e+02
          LJ-14     Coulomb-14        LJ (SR)   Coulomb (SR)   Coul. recip.
    2.98383e+03    6.06025e+04    9.35285e+04   -1.15465e+06    3.55856e+03
      Potential
   -9.67701e+05

Atom distribution over 1 domains: av 74080 stddev 0 min 74080 max 74080
           Step           Time
         250000      500.00000


   Energies (kJ/mol)
           Bond            U-B    Proper Dih.  Improper Dih.      CMAP Dih.
    3.71954e+03    1.10030e+04    1.12575e+04    7.17095e+02   -7.50304e+02
          LJ-14     Coulomb-14        LJ (SR)   Coulomb (SR)   Coul. recip.
    2.93702e+03    6.04997e+04    9.50135e+04   -1.15525e+06    3.52896e+03
      Potential
   -9.67320e+05

Atom distribution over 1 domains: av 74080 stddev 0 min 74080 max 74080
           Step           Time
         255000      510.00000


   Energies (kJ/mol)
           Bond            U-B    Proper Dih.  Improper Dih.      CMAP Dih.
    3.84417e+03    1.09376e+04    1.12326e+04    6.89015e+02   -6.91290e+02
          LJ-14     Coulomb-14        LJ (SR)   Coulomb (SR)   Coul. recip.
    2.88214e+03    6.02655e+04    9.29004e+04   -1.15303e+06    3.55621e+03
      Potential
   -9.67413e+05

Atom distribution over 1 domains: av 74080 stddev 0 min 74080 max 74080
           Step           Time
         260000      520.00000


   Energies (kJ/mol)
           Bond            U-B    Proper Dih.  Improper Dih.      CMAP Dih.
    3.88113e+03    1.11939e+04    1.13305e+04    7.00058e+02   -7.10763e+02
          LJ-14     Coulomb-14        LJ (SR)   Coulomb (SR)   Coul. recip.
    2.87387e+03    6.05553e+04    9.17760e+04   -1.15101e+06    3.46073e+03
      Potential
   -9.65951e+05

Atom distribution over 1 domains: av 74080 stddev 0 min 74080 max 74080
           Step           Time
         265000      530.00000


   Energies (kJ/mol)
           Bond            U-B    Proper Dih.  Improper Dih.      CMAP Dih.
    3.73494e+03    1.13659e+04    1.13055e+04    7.27390e+02   -7.47061e+02
          LJ-14     Coulomb-14        LJ (SR)   Coulomb (SR)   Coul. recip.
    2.93528e+03    6.03996e+04    9.32132e+04   -1.15346e+06    3.57624e+03
      Potential
   -9.66948e+05

Atom distribution over 1 domains: av 74080 stddev 0 min 74080 max 74080
           Step           Time
         270000      540.00000


   Energies (kJ/mol)
           Bond            U-B    Proper Dih.  Improper Dih.      CMAP Dih.
    3.81639e+03    1.13722e+04    1.12287e+04    6.77414e+02   -7.65898e+02
          LJ-14     Coulomb-14        LJ (SR)   Coulomb (SR)   Coul. recip.
    2.94396e+03    6.04097e+04    9.24310e+04   -1.15161e+06    3.56583e+03
      Potential
   -9.65932e+05

Atom distribution over 1 domains: av 74080 stddev 0 min 74080 max 74080
           Step           Time
         275000      550.00000


   Energies (kJ/mol)
           Bond            U-B    Proper Dih.  Improper Dih.      CMAP Dih.
    3.83714e+03    1.08241e+04    1.13470e+04    7.12209e+02   -7.67141e+02
          LJ-14     Coulomb-14        LJ (SR)   Coulomb (SR)   Coul. recip.
    3.03665e+03    6.03937e+04    9.23432e+04   -1.15313e+06    3.46591e+03
      Potential
   -9.67932e+05

Atom distribution over 1 domains: av 74080 stddev 0 min 74080 max 74080
           Step           Time
         280000      560.00000


   Energies (kJ/mol)
           Bond            U-B    Proper Dih.  Improper Dih.      CMAP Dih.
    3.94189e+03    1.11870e+04    1.11957e+04    7.20860e+02   -7.01318e+02
          LJ-14     Coulomb-14        LJ (SR)   Coulomb (SR)   Coul. recip.
    3.01259e+03    6.05437e+04    9.34467e+04   -1.15446e+06    3.49647e+03
      Potential
   -9.67613e+05

Atom distribution over 1 domains: av 74080 stddev 0 min 74080 max 74080
           Step           Time
         285000      570.00000


   Energies (kJ/mol)
           Bond            U-B    Proper Dih.  Improper Dih.      CMAP Dih.
    3.94507e+03    1.09944e+04    1.12336e+04    6.69964e+02   -7.23347e+02
          LJ-14     Coulomb-14        LJ (SR)   Coulomb (SR)   Coul. recip.
    2.92985e+03    6.04657e+04    9.30449e+04   -1.15308e+06    3.51290e+03
      Potential
   -9.67006e+05

Atom distribution over 1 domains: av 74080 stddev 0 min 74080 max 74080
           Step           Time
         290000      580.00000


   Energies (kJ/mol)
           Bond            U-B    Proper Dih.  Improper Dih.      CMAP Dih.
    3.94566e+03    1.13588e+04    1.13112e+04    7.01373e+02   -6.86022e+02
          LJ-14     Coulomb-14        LJ (SR)   Coulomb (SR)   Coul. recip.
    2.85249e+03    6.05706e+04    9.21390e+04   -1.15195e+06    3.48507e+03
      Potential
   -9.66268e+05

Atom distribution over 1 domains: av 74080 stddev 0 min 74080 max 74080
           Step           Time
         295000      590.00000


   Energies (kJ/mol)
           Bond            U-B    Proper Dih.  Improper Dih.      CMAP Dih.
    3.97360e+03    1.10424e+04    1.12532e+04    6.60602e+02   -7.80771e+02
          LJ-14     Coulomb-14        LJ (SR)   Coulomb (SR)   Coul. recip.
    2.97318e+03    6.07954e+04    9.31183e+04   -1.15393e+06    3.62068e+03
      Potential
   -9.67272e+05

Atom distribution over 1 domains: av 74080 stddev 0 min 74080 max 74080
           Step           Time
         300000      600.00000


   Energies (kJ/mol)
           Bond            U-B    Proper Dih.  Improper Dih.      CMAP Dih.
    3.77114e+03    1.12989e+04    1.11800e+04    7.47648e+02   -7.07495e+02
          LJ-14     Coulomb-14        LJ (SR)   Coulomb (SR)   Coul. recip.
    2.99802e+03    6.03678e+04    9.27810e+04   -1.15339e+06    3.50890e+03
      Potential
   -9.67440e+05

Atom distribution over 1 domains: av 74080 stddev 0 min 74080 max 74080
           Step           Time
         305000      610.00000


   Energies (kJ/mol)
           Bond            U-B    Proper Dih.  Improper Dih.      CMAP Dih.
    3.79870e+03    1.13861e+04    1.12488e+04    7.30720e+02   -6.78932e+02
          LJ-14     Coulomb-14        LJ (SR)   Coulomb (SR)   Coul. recip.
    2.95807e+03    6.04029e+04    9.26518e+04   -1.15324e+06    3.56358e+03
      Potential
   -9.67174e+05

Atom distribution over 1 domains: av 74080 stddev 0 min 74080 max 74080
           Step           Time
         310000      620.00000


   Energies (kJ/mol)
           Bond            U-B    Proper Dih.  Improper Dih.      CMAP Dih.
    3.78604e+03    1.11437e+04    1.13065e+04    7.14368e+02   -6.54975e+02
          LJ-14     Coulomb-14        LJ (SR)   Coulomb (SR)   Coul. recip.
    3.00655e+03    6.07275e+04    9.19632e+04   -1.15457e+06    3.46890e+03
      Potential
   -9.69109e+05

Atom distribution over 1 domains: av 74080 stddev 0 min 74080 max 74080
           Step           Time
         315000      630.00000


   Energies (kJ/mol)
           Bond            U-B    Proper Dih.  Improper Dih.      CMAP Dih.
    3.92989e+03    1.10407e+04    1.12865e+04    7.99317e+02   -7.48103e+02
          LJ-14     Coulomb-14        LJ (SR)   Coulomb (SR)   Coul. recip.
    2.97253e+03    6.05968e+04    9.42134e+04   -1.15620e+06    3.61441e+03
      Potential
   -9.68498e+05

Atom distribution over 1 domains: av 74080 stddev 0 min 74080 max 74080
           Step           Time
         320000      640.00000


   Energies (kJ/mol)
           Bond            U-B    Proper Dih.  Improper Dih.      CMAP Dih.
    3.95889e+03    1.09653e+04    1.14058e+04    7.58212e+02   -7.28017e+02
          LJ-14     Coulomb-14        LJ (SR)   Coulomb (SR)   Coul. recip.
    2.97655e+03    6.06278e+04    9.38031e+04   -1.15418e+06    3.49952e+03
      Potential
   -9.66910e+05

Atom distribution over 1 domains: av 74080 stddev 0 min 74080 max 74080
           Step           Time
         325000      650.00000


   Energies (kJ/mol)
           Bond            U-B    Proper Dih.  Improper Dih.      CMAP Dih.
    3.91686e+03    1.08707e+04    1.12678e+04    7.28576e+02   -7.69982e+02
          LJ-14     Coulomb-14        LJ (SR)   Coulomb (SR)   Coul. recip.
    2.95284e+03    6.03375e+04    9.28656e+04   -1.15337e+06    3.45263e+03
      Potential
   -9.67747e+05

Atom distribution over 1 domains: av 74080 stddev 0 min 74080 max 74080
           Step           Time
         330000      660.00000


   Energies (kJ/mol)
           Bond            U-B    Proper Dih.  Improper Dih.      CMAP Dih.
    3.83102e+03    1.13440e+04    1.13850e+04    7.26259e+02   -8.12458e+02
          LJ-14     Coulomb-14        LJ (SR)   Coulomb (SR)   Coul. recip.
    2.95268e+03    6.03440e+04    9.28719e+04   -1.15246e+06    3.52044e+03
      Potential
   -9.66293e+05

Atom distribution over 1 domains: av 74080 stddev 0 min 74080 max 74080
           Step           Time
         335000      670.00000


   Energies (kJ/mol)
           Bond            U-B    Proper Dih.  Improper Dih.      CMAP Dih.
    3.89834e+03    1.12165e+04    1.12656e+04    8.13509e+02   -7.54776e+02
          LJ-14     Coulomb-14        LJ (SR)   Coulomb (SR)   Coul. recip.
    2.90200e+03    6.03215e+04    9.35537e+04   -1.15370e+06    3.61573e+03
      Potential
   -9.66872e+05

Atom distribution over 1 domains: av 74080 stddev 0 min 74080 max 74080
           Step           Time
         340000      680.00000


   Energies (kJ/mol)
           Bond            U-B    Proper Dih.  Improper Dih.      CMAP Dih.
    4.06733e+03    1.09545e+04    1.13567e+04    7.88158e+02   -7.44151e+02
          LJ-14     Coulomb-14        LJ (SR)   Coulomb (SR)   Coul. recip.
    2.93538e+03    6.02348e+04    9.35677e+04   -1.15396e+06    3.49532e+03
      Potential
   -9.67302e+05

Atom distribution over 1 domains: av 74080 stddev 0 min 74080 max 74080
           Step           Time
         345000      690.00000


   Energies (kJ/mol)
           Bond            U-B    Proper Dih.  Improper Dih.      CMAP Dih.
    3.84937e+03    1.11441e+04    1.13312e+04    6.89557e+02   -7.95895e+02
          LJ-14     Coulomb-14        LJ (SR)   Coulomb (SR)   Coul. recip.
    2.90898e+03    6.02641e+04    9.25274e+04   -1.15297e+06    3.48509e+03
      Potential
   -9.67562e+05

Atom distribution over 1 domains: av 74080 stddev 0 min 74080 max 74080
           Step           Time
         350000      700.00000


   Energies (kJ/mol)
           Bond            U-B    Proper Dih.  Improper Dih.      CMAP Dih.
    3.77839e+03    1.14754e+04    1.12976e+04    6.86747e+02   -8.21141e+02
          LJ-14     Coulomb-14        LJ (SR)   Coulomb (SR)   Coul. recip.
    2.91894e+03    6.02739e+04    9.32857e+04   -1.15274e+06    3.59849e+03
      Potential
   -9.66247e+05

Atom distribution over 1 domains: av 74080 stddev 0 min 74080 max 74080
           Step           Time
         355000      710.00000


   Energies (kJ/mol)
           Bond            U-B    Proper Dih.  Improper Dih.      CMAP Dih.
    4.06089e+03    1.12069e+04    1.13307e+04    6.82608e+02   -6.75941e+02
          LJ-14     Coulomb-14        LJ (SR)   Coulomb (SR)   Coul. recip.
    2.99131e+03    6.00810e+04    9.30467e+04   -1.15134e+06    3.51826e+03
      Potential
   -9.65095e+05

Atom distribution over 1 domains: av 74080 stddev 0 min 74080 max 74080
           Step           Time
         360000      720.00000


   Energies (kJ/mol)
           Bond            U-B    Proper Dih.  Improper Dih.      CMAP Dih.
    4.07701e+03    1.09995e+04    1.12166e+04    6.95103e+02   -7.21700e+02
          LJ-14     Coulomb-14        LJ (SR)   Coulomb (SR)   Coul. recip.
    2.85378e+03    6.01340e+04    9.32503e+04   -1.15366e+06    3.49607e+03
      Potential
   -9.67655e+05

Atom distribution over 1 domains: av 74080 stddev 0 min 74080 max 74080
           Step           Time
         365000      730.00000


   Energies (kJ/mol)
           Bond            U-B    Proper Dih.  Improper Dih.      CMAP Dih.
    3.93222e+03    1.10874e+04    1.12725e+04    6.97683e+02   -7.49432e+02
          LJ-14     Coulomb-14        LJ (SR)   Coulomb (SR)   Coul. recip.
    2.88109e+03    6.01020e+04    9.32156e+04   -1.15248e+06    3.55446e+03
      Potential
   -9.66484e+05

Atom distribution over 1 domains: av 74080 stddev 0 min 74080 max 74080
           Step           Time
         370000      740.00000


   Energies (kJ/mol)
           Bond            U-B    Proper Dih.  Improper Dih.      CMAP Dih.
    3.92025e+03    1.10821e+04    1.12743e+04    6.39416e+02   -7.44809e+02
          LJ-14     Coulomb-14        LJ (SR)   Coulomb (SR)   Coul. recip.
    2.94064e+03    6.00572e+04    9.31055e+04   -1.15320e+06    3.52231e+03
      Potential
   -9.67400e+05

Atom distribution over 1 domains: av 74080 stddev 0 min 74080 max 74080
           Step           Time
         375000      750.00000


   Energies (kJ/mol)
           Bond            U-B    Proper Dih.  Improper Dih.      CMAP Dih.
    3.86202e+03    1.08187e+04    1.13504e+04    7.06820e+02   -7.84246e+02
          LJ-14     Coulomb-14        LJ (SR)   Coulomb (SR)   Coul. recip.
    2.89016e+03    6.01648e+04    9.36019e+04   -1.15364e+06    3.55222e+03
      Potential
   -9.67477e+05

Atom distribution over 1 domains: av 74080 stddev 0 min 74080 max 74080
           Step           Time
         380000      760.00000


   Energies (kJ/mol)
           Bond            U-B    Proper Dih.  Improper Dih.      CMAP Dih.
    3.73071e+03    1.12688e+04    1.13927e+04    6.91048e+02   -7.90222e+02
          LJ-14     Coulomb-14        LJ (SR)   Coulomb (SR)   Coul. recip.
    2.92985e+03    6.05585e+04    9.31419e+04   -1.15190e+06    3.47388e+03
      Potential
   -9.65506e+05

Atom distribution over 1 domains: av 74080 stddev 0 min 74080 max 74080
           Step           Time
         385000      770.00000


   Energies (kJ/mol)
           Bond            U-B    Proper Dih.  Improper Dih.      CMAP Dih.
    3.95054e+03    1.10367e+04    1.12100e+04    6.74523e+02   -7.32477e+02
          LJ-14     Coulomb-14        LJ (SR)   Coulomb (SR)   Coul. recip.
    3.03147e+03    6.02789e+04    9.27185e+04   -1.15251e+06    3.53853e+03
      Potential
   -9.66807e+05

Atom distribution over 1 domains: av 74080 stddev 0 min 74080 max 74080
           Step           Time
         390000      780.00000


   Energies (kJ/mol)
           Bond            U-B    Proper Dih.  Improper Dih.      CMAP Dih.
    4.01358e+03    1.10850e+04    1.13510e+04    7.18209e+02   -7.64740e+02
          LJ-14     Coulomb-14        LJ (SR)   Coulomb (SR)   Coul. recip.
    2.91560e+03    6.03328e+04    9.32120e+04   -1.15197e+06    3.63604e+03
      Potential
   -9.65471e+05

Atom distribution over 1 domains: av 74080 stddev 0 min 74080 max 74080
           Step           Time
         395000      790.00000


   Energies (kJ/mol)
           Bond            U-B    Proper Dih.  Improper Dih.      CMAP Dih.
    3.84411e+03    1.11642e+04    1.12729e+04    7.49726e+02   -7.45429e+02
          LJ-14     Coulomb-14        LJ (SR)   Coulomb (SR)   Coul. recip.
    2.95108e+03    6.05373e+04    9.45448e+04   -1.15523e+06    3.47807e+03
      Potential
   -9.67435e+05

Atom distribution over 1 domains: av 74080 stddev 0 min 74080 max 74080
           Step           Time
         400000      800.00000


   Energies (kJ/mol)
           Bond            U-B    Proper Dih.  Improper Dih.      CMAP Dih.
    3.63817e+03    1.09355e+04    1.12019e+04    6.60647e+02   -7.44899e+02
          LJ-14     Coulomb-14        LJ (SR)   Coulomb (SR)   Coul. recip.
    3.06472e+03    6.07549e+04    9.29343e+04   -1.15386e+06    3.55627e+03
      Potential
   -9.67860e+05

Atom distribution over 1 domains: av 74080 stddev 0 min 74080 max 74080
           Step           Time
         405000      810.00000


   Energies (kJ/mol)
           Bond            U-B    Proper Dih.  Improper Dih.      CMAP Dih.
    3.91303e+03    1.11649e+04    1.13111e+04    7.39926e+02   -8.25271e+02
          LJ-14     Coulomb-14        LJ (SR)   Coulomb (SR)   Coul. recip.
    2.87031e+03    6.05313e+04    9.30194e+04   -1.15368e+06    3.63544e+03
      Potential
   -9.67316e+05

Atom distribution over 1 domains: av 74080 stddev 0 min 74080 max 74080
           Step           Time
         410000      820.00000


   Energies (kJ/mol)
           Bond            U-B    Proper Dih.  Improper Dih.      CMAP Dih.
    4.13727e+03    1.07515e+04    1.13793e+04    7.13725e+02   -7.20965e+02
          LJ-14     Coulomb-14        LJ (SR)   Coulomb (SR)   Coul. recip.
    3.03376e+03    6.05467e+04    9.30761e+04   -1.15397e+06    3.51939e+03
      Potential
   -9.67535e+05

Atom distribution over 1 domains: av 74080 stddev 0 min 74080 max 74080
           Step           Time
         415000      830.00000


   Energies (kJ/mol)
           Bond            U-B    Proper Dih.  Improper Dih.      CMAP Dih.
    3.87117e+03    1.11450e+04    1.13178e+04    6.70068e+02   -7.72700e+02
          LJ-14     Coulomb-14        LJ (SR)   Coulomb (SR)   Coul. recip.
    2.88066e+03    6.03805e+04    9.18534e+04   -1.15111e+06    3.54890e+03
      Potential
   -9.66216e+05

Atom distribution over 1 domains: av 74080 stddev 0 min 74080 max 74080
           Step           Time
         420000      840.00000


   Energies (kJ/mol)
           Bond            U-B    Proper Dih.  Improper Dih.      CMAP Dih.
    4.02877e+03    1.10435e+04    1.13865e+04    6.94295e+02   -7.67794e+02
          LJ-14     Coulomb-14        LJ (SR)   Coulomb (SR)   Coul. recip.
    2.89315e+03    6.03831e+04    9.24977e+04   -1.15054e+06    3.59179e+03
      Potential
   -9.64787e+05

Atom distribution over 1 domains: av 74080 stddev 0 min 74080 max 74080
           Step           Time
         425000      850.00000


   Energies (kJ/mol)
           Bond            U-B    Proper Dih.  Improper Dih.      CMAP Dih.
    3.99030e+03    1.10214e+04    1.13296e+04    7.05544e+02   -7.58068e+02
          LJ-14     Coulomb-14        LJ (SR)   Coulomb (SR)   Coul. recip.
    2.87548e+03    6.05240e+04    9.39570e+04   -1.15403e+06    3.52968e+03
      Potential
   -9.66856e+05

Atom distribution over 1 domains: av 74080 stddev 0 min 74080 max 74080
           Step           Time
         430000      860.00000


   Energies (kJ/mol)
           Bond            U-B    Proper Dih.  Improper Dih.      CMAP Dih.
    3.87099e+03    1.10858e+04    1.12192e+04    7.35384e+02   -7.40365e+02
          LJ-14     Coulomb-14        LJ (SR)   Coulomb (SR)   Coul. recip.
    2.86048e+03    6.05975e+04    9.19841e+04   -1.15335e+06    3.53769e+03
      Potential
   -9.68196e+05

Atom distribution over 1 domains: av 74080 stddev 0 min 74080 max 74080
           Step           Time
         435000      870.00000


   Energies (kJ/mol)
           Bond            U-B    Proper Dih.  Improper Dih.      CMAP Dih.
    3.89339e+03    1.11449e+04    1.12441e+04    6.92606e+02   -6.88653e+02
          LJ-14     Coulomb-14        LJ (SR)   Coulomb (SR)   Coul. recip.
    2.90751e+03    6.06311e+04    9.42582e+04   -1.15565e+06    3.54358e+03
      Potential
   -9.68024e+05

Atom distribution over 1 domains: av 74080 stddev 0 min 74080 max 74080
           Step           Time
         440000      880.00000


   Energies (kJ/mol)
           Bond            U-B    Proper Dih.  Improper Dih.      CMAP Dih.
    4.10183e+03    1.11006e+04    1.11747e+04    7.27945e+02   -7.69061e+02
          LJ-14     Coulomb-14        LJ (SR)   Coulomb (SR)   Coul. recip.
    2.90300e+03    6.04485e+04    9.23252e+04   -1.15341e+06    3.51724e+03
      Potential
   -9.67881e+05

Atom distribution over 1 domains: av 74080 stddev 0 min 74080 max 74080
           Step           Time
         445000      890.00000


   Energies (kJ/mol)
           Bond            U-B    Proper Dih.  Improper Dih.      CMAP Dih.
    3.78438e+03    1.11007e+04    1.12686e+04    7.90254e+02   -7.75558e+02
          LJ-14     Coulomb-14        LJ (SR)   Coulomb (SR)   Coul. recip.
    2.94860e+03    6.01711e+04    9.48530e+04   -1.15429e+06    3.58515e+03
      Potential
   -9.66561e+05

Atom distribution over 1 domains: av 74080 stddev 0 min 74080 max 74080
           Step           Time
         450000      900.00000


   Energies (kJ/mol)
           Bond            U-B    Proper Dih.  Improper Dih.      CMAP Dih.
    3.65669e+03    1.12395e+04    1.11306e+04    7.38713e+02   -7.16109e+02
          LJ-14     Coulomb-14        LJ (SR)   Coulomb (SR)   Coul. recip.
    2.91856e+03    6.01011e+04    9.28458e+04   -1.15344e+06    3.51723e+03
      Potential
   -9.68004e+05

Atom distribution over 1 domains: av 74080 stddev 0 min 74080 max 74080
           Step           Time
         455000      910.00000


   Energies (kJ/mol)
           Bond            U-B    Proper Dih.  Improper Dih.      CMAP Dih.
    3.91039e+03    1.11707e+04    1.12545e+04    7.21798e+02   -7.51258e+02
          LJ-14     Coulomb-14        LJ (SR)   Coulomb (SR)   Coul. recip.
    2.95232e+03    6.03630e+04    9.35670e+04   -1.15287e+06    3.50008e+03
      Potential
   -9.66181e+05

Atom distribution over 1 domains: av 74080 stddev 0 min 74080 max 74080
           Step           Time
         460000      920.00000


   Energies (kJ/mol)
           Bond            U-B    Proper Dih.  Improper Dih.      CMAP Dih.
    4.03642e+03    1.09281e+04    1.13742e+04    6.95837e+02   -8.19668e+02
          LJ-14     Coulomb-14        LJ (SR)   Coulomb (SR)   Coul. recip.
    2.90585e+03    6.02058e+04    9.20340e+04   -1.15321e+06    3.53214e+03
      Potential
   -9.68318e+05

Atom distribution over 1 domains: av 74080 stddev 0 min 74080 max 74080
           Step           Time
         465000      930.00000


   Energies (kJ/mol)
           Bond            U-B    Proper Dih.  Improper Dih.      CMAP Dih.
    3.84248e+03    1.08257e+04    1.13174e+04    6.69787e+02   -8.14396e+02
          LJ-14     Coulomb-14        LJ (SR)   Coulomb (SR)   Coul. recip.
    3.03297e+03    6.04696e+04    9.33038e+04   -1.15312e+06    3.49092e+03
      Potential
   -9.66982e+05

Atom distribution over 1 domains: av 74080 stddev 0 min 74080 max 74080
           Step           Time
         470000      940.00000


   Energies (kJ/mol)
           Bond            U-B    Proper Dih.  Improper Dih.      CMAP Dih.
    3.71551e+03    1.11941e+04    1.12322e+04    7.13527e+02   -8.08582e+02
          LJ-14     Coulomb-14        LJ (SR)   Coulomb (SR)   Coul. recip.
    2.94045e+03    6.04743e+04    9.25395e+04   -1.15262e+06    3.54094e+03
      Potential
   -9.67081e+05

Atom distribution over 1 domains: av 74080 stddev 0 min 74080 max 74080
           Step           Time
         475000      950.00000


   Energies (kJ/mol)
           Bond            U-B    Proper Dih.  Improper Dih.      CMAP Dih.
    3.81631e+03    1.11417e+04    1.13393e+04    7.03709e+02   -7.53915e+02
          LJ-14     Coulomb-14        LJ (SR)   Coulomb (SR)   Coul. recip.
    2.99794e+03    6.01280e+04    9.37807e+04   -1.15392e+06    3.39410e+03
      Potential
   -9.67377e+05

Atom distribution over 1 domains: av 74080 stddev 0 min 74080 max 74080
           Step           Time
         480000      960.00000


   Energies (kJ/mol)
           Bond            U-B    Proper Dih.  Improper Dih.      CMAP Dih.
    3.77254e+03    1.12451e+04    1.12793e+04    7.61784e+02   -7.72393e+02
          LJ-14     Coulomb-14        LJ (SR)   Coulomb (SR)   Coul. recip.
    3.04081e+03    6.01419e+04    9.32484e+04   -1.15234e+06    3.55795e+03
      Potential
   -9.66060e+05

Atom distribution over 1 domains: av 74080 stddev 0 min 74080 max 74080
           Step           Time
         485000      970.00000


   Energies (kJ/mol)
           Bond            U-B    Proper Dih.  Improper Dih.      CMAP Dih.
    3.88185e+03    1.12360e+04    1.12278e+04    7.89776e+02   -7.43861e+02
          LJ-14     Coulomb-14        LJ (SR)   Coulomb (SR)   Coul. recip.
    2.87024e+03    6.01280e+04    9.35629e+04   -1.15325e+06    3.59260e+03
      Potential
   -9.66704e+05

Atom distribution over 1 domains: av 74080 stddev 0 min 74080 max 74080
           Step           Time
         490000      980.00000


   Energies (kJ/mol)
           Bond            U-B    Proper Dih.  Improper Dih.      CMAP Dih.
    3.78871e+03    1.07153e+04    1.11853e+04    6.74075e+02   -7.98864e+02
          LJ-14     Coulomb-14        LJ (SR)   Coulomb (SR)   Coul. recip.
    2.96958e+03    6.08062e+04    9.26765e+04   -1.15299e+06    3.47026e+03
      Potential
   -9.67500e+05

Atom distribution over 1 domains: av 74080 stddev 0 min 74080 max 74080
           Step           Time
         495000      990.00000


   Energies (kJ/mol)
           Bond            U-B    Proper Dih.  Improper Dih.      CMAP Dih.
    4.02204e+03    1.10592e+04    1.11738e+04    7.49520e+02   -7.70298e+02
          LJ-14     Coulomb-14        LJ (SR)   Coulomb (SR)   Coul. recip.
    2.92593e+03    6.02082e+04    9.27814e+04   -1.15212e+06    3.51908e+03
      Potential
   -9.66446e+05

Atom distribution over 1 domains: av 74080 stddev 0 min 74080 max 74080
           Step           Time
         500000     1000.00000


   Energies (kJ/mol)
           Bond            U-B    Proper Dih.  Improper Dih.      CMAP Dih.
    3.94603e+03    1.06592e+04    1.11578e+04    6.53100e+02   -6.75972e+02
          LJ-14     Coulomb-14        LJ (SR)   Coulomb (SR)   Coul. recip.
    2.95940e+03    6.04330e+04    9.27382e+04   -1.15424e+06    3.47737e+03
      Potential
   -9.68894e+05


	M E G A - F L O P S   A C C O U N T I N G

 NB=Group-cutoff nonbonded kernels    NxN=N-by-N cluster Verlet kernels
 RF=Reaction-Field  VdW=Van der Waals  QSTab=quadratic-spline table
 W3=SPC/TIP3p  W4=TIP4p (single or pairs)
 V&F=Potential and force  V=Potential only  F=Force only

 Computing:                               M-Number         M-Flops  % Flops
-----------------------------------------------------------------------------
 Pair Search distance check            3775.392816       33978.535     6.5
 NxN QSTab Elec. + LJ [V&F]            5875.935080      475950.741    90.7
 NxN QSTab Elec. [V&F]                   65.897080        2701.780     0.5
 1,4 nonbonded interactions               1.203516         108.316     0.0
 Calc Weights                            22.446240         808.065     0.2
 Spread Q Bspline                       478.853120         957.706     0.2
 Gather F Bspline                       478.853120        2873.119     0.5
 3D-FFT                                 773.188330        6185.507     1.2
 Solve PME                               11.271600         721.382     0.1
 CG-CoM                                   7.556160          22.668     0.0
 Bonds                                    0.232401          13.712     0.0
 Propers                                  1.153521         264.156     0.1
 Impropers                                0.079184          16.470     0.0
 Virial                                   7.486625         134.759     0.0
 CMAP                                     0.030805          52.368     0.0
 Urey-Bradley                             0.839916         153.705     0.0
-----------------------------------------------------------------------------
 Total                                                  524942.991   100.0
-----------------------------------------------------------------------------


    D O M A I N   D E C O M P O S I T I O N   S T A T I S T I C S

 av. #atoms communicated per step for force:  2 x 0.0
 av. #atoms communicated per step for LINCS:  2 x 0.0


      R E A L   C Y C L E   A N D   T I M E   A C C O U N T I N G

On 1 MPI rank, each using 8 OpenMP threads

 Activity:              Num   Num      Call    Wall time         Giga-Cycles
                        Ranks Threads  Count      (s)         total sum    %
--------------------------------------------------------------------------------
 Domain decomp.            1    8        101       1.316         28.071   7.2
 Neighbor search           1    8        101       4.151         88.558  22.8
 Force                     1    8        101      11.506        245.468  63.1
 PME mesh                  1    8        101       0.587         12.532   3.2
 NB X/F buffer ops.        1    8        101       0.027          0.576   0.1
 Rest                                              0.657         14.008   3.6
--------------------------------------------------------------------------------
 Total                                            18.244        389.213 100.0
--------------------------------------------------------------------------------
 Breakdown of PME mesh activities
--------------------------------------------------------------------------------
 PME spread                1    8        101       0.217          4.637   1.2
 PME gather                1    8        101       0.223          4.764   1.2
 PME 3D-FFT                1    8        202       0.104          2.220   0.6
 PME solve Elec            1    8        101       0.042          0.890   0.2
--------------------------------------------------------------------------------

NOTE: 7 % of the run time was spent in domain decomposition,
      23 % of the run time was spent in pair search,
      you might want to increase nstlist (this has no effect on accuracy)

               Core t (s)   Wall t (s)        (%)
       Time:      145.540       18.244      797.7
                 (ns/day)    (hour/ns)
Performance:     4735.861        0.005
Finished mdrun on rank 0 Tue Apr 28 02:51:11 2026

