CHARMM General Force Field (CGenFF) program version 4.0
released June 2024
Copyright (C) 2020 SilcBio LLC
and University of Maryland, School of Pharmacy. All Rights Reserved.

Licensed to:
academic user
academicnuniversity

License expires: Thu Dec 31 00:00:00 2026

readprm warning: IMPROPER parameter not in canonical format
CG2R64 NG2R62 CG2RC0 NG2S3     40.00  0     0.00 !A base, adm

readpar warning: DIHEDRAL parameters not sorted
readpar warning: IMPROPER parameters not sorted
readpar debug: read 1305 bonds, 6776 angles, 29044 dihedrals, 487 impropers
               and 1034333 characters worth of comments.
Now processing molecule GDP.pdb ...
ringper debug: stored 5-membered ring in stage 1.
ringper debug: stored 6-membered ring in stage 2.
ringper debug: stored 5-membered ring in stage 2.
ringper debug: added anchor for 5-membered ring in stage 2.
ringper debug: added anchor for 6-membered ring in stage 2.
resonance debug: found perfect resonance chain with
charge 0 ( 0 positive and 0 negative centers) and 0 potential aromatic rings
