                :-) GROMACS - gmx mdrun, 2026.0-conda_forge (-:

Copyright 1991-2026 The GROMACS Authors.
GROMACS is free software; you can redistribute it and/or modify it
under the terms of the GNU Lesser General Public License
as published by the Free Software Foundation; either version 2.1
of the License, or (at your option) any later version.

                         Current GROMACS contributors:
       Mark Abraham           Andrey Alekseenko           Brian Andrews       
        Paul Bauer              Cathrine Bergh              Hugh Bird         
      Eliane Briand               Ania Brown                Yiqi Chen         
      Mahesh Doijade            Giacomo Fiorin          Stefan Fleischmann    
      Sergey Gorelov         Gilles Gouaillardet            Alan Gray         
   Farzaneh Jalalypour         Petter Johansson          Carsten Kutzner      
    Grzegorz Łazarski         Justin A. Lemkul          Magnus Lundborg      
        Julio Maia               Pascal Merz             Vedran Miletić      
      Dmitry Morozov           Lukas Müllender           Szilárd Páll      
 Andrea Pasquadibisceglie     Michele Pellegrino         Nicola Piasentin     
     Daniele Rapetti         Muhammad Umair Sadiq         Hubert Santuz       
      Michael Shirts           Tatiana Shugaeva          Alexey Shvetsov      
     Bálint Soproni            Philip Turner            Alessandra Villa     
        Yang Zhang        

                         Previous GROMACS contributors:
        Emile Apol             Rossen Apostolov           James Barnett       
      Vladimir Basov        Herman J.C. Berendsen          Par Bjelkmar       
      Christian Blau          Viacheslav Bolnykh            Kevin Boyd        
    Aldert van Buuren          Carlo Camilloni           Rudi van Drunen      
      Anton Feenstra           Oliver Fleetwood            Vytas Gapsys       
       Gaurav Garg             Gerrit Groenhof            Bert de Groot       
      Anca Hamuraru           Vincent Hindriksen          Victor Holanda      
     M. Eric Irrgang           Aleksei Iupinov              Joe Jordan        
    Christoph Junghans        Prashanth Kanduri        Dimitrios Karkoulis    
       Peter Kasson             Sebastian Kehl           Sebastian Keller     
        Jiri Kraus               Per Larsson              Viveca Lindahl      
      Erik Marklund           Pieter Meulenhoff           Teemu Murtola       
       Julien Nabet              Sander Pronk             Roland Schulz       
      Alfons Sijbers         David van der Spoel          Peter Tieleman      
      Carsten Uphoff             Jon Vincent             Teemu Virolainen     
    Christian Wennberg     Sebastian Wingbermühle         Maarten Wolf       
      Artem Zhmurov       

                  Coordinated by the GROMACS project leaders:
                           Berk Hess and Erik Lindahl

GROMACS:      gmx mdrun, version 2026.0-conda_forge
Executable:   /Applications/miniconda3/envs/md_core/bin.AVX2_256/gmx
Data prefix:  /Applications/miniconda3/envs/md_core
Working dir:  /Users/yasnanayabkhil/Desktop/NEW MD RUN
Process ID:   17395
Command line:
  gmx mdrun -deffnm nvt

GROMACS version:     2026.0-conda_forge
Precision:           mixed
Memory model:        64 bit
MPI library:         thread_mpi
MPI version:         built in
OpenMP support:      enabled (GMX_OPENMP_MAX_THREADS = 128)
GPU support:         disabled
SIMD instructions:   AVX2_256
CPU FFT library:     fftw-3.3.10-sse2-avx
GPU FFT library:     none
Multi-GPU FFT:       none
RDTSCP:              disabled
TNG support:         enabled
Hwloc support:       disabled
Tracing support:     disabled
Colvars support:     enabled (version 2025-10-13)
CP2K support:        disabled
Torch support:       disabled
Plumed support:      enabled
C compiler:          /Users/runner/miniforge3/conda-bld/gromacs_1770909806079/_build_env/bin/x86_64-apple-darwin13.4.0-clang Clang 19.1.7
C compiler flags:    -mavx2 -mfma -Wno-missing-field-initializers -O3 -DNDEBUG
C++ compiler:        /Users/runner/miniforge3/conda-bld/gromacs_1770909806079/_build_env/bin/x86_64-apple-darwin13.4.0-clang++ Clang 19.1.7
C++ compiler flags:  -mavx2 -mfma -Wno-reserved-identifier -Wno-missing-field-initializers -Weverything -Wno-c++98-compat -Wno-c++98-compat-pedantic -Wno-source-uses-openmp -Wno-c++17-extensions -Wno-documentation-unknown-command -Wno-covered-switch-default -Wno-switch-enum -Wno-switch-default -Wno-extra-semi-stmt -Wno-weak-vtables -Wno-shadow -Wno-padded -Wno-reserved-id-macro -Wno-double-promotion -Wno-exit-time-destructors -Wno-global-constructors -Wno-documentation -Wno-format-nonliteral -Wno-used-but-marked-unused -Wno-float-equal -Wno-conditional-uninitialized -Wno-conversion -Wno-disabled-macro-expansion -Wno-unused-macros -Wno-unsafe-buffer-usage -Wno-cast-function-type-strict SHELL:-fopenmp=libomp -O3 -DNDEBUG
BLAS library:        External - detected on the system
LAPACK library:      External - detected on the system


Running on 1 node with total 0 processing units
Hardware detected on host Yasnas-MacBook-Air.local:
  CPU info:
    Vendor: Intel
    Brand:  Intel(R) Core(TM) i3-1000NG4 CPU @ 1.10GHz
    Family: 6   Model: 126   Stepping: 5
    Features: aes apic avx avx2 avx512f avx512cd avx512bw avx512vl clfsh cmov cx8 cx16 f16c fma htt intel lahf mmx msr nonstop_tsc pcid pclmuldq pdcm pdpe1gb popcnt pse rdrnd rdtscp sha sse2 sse3 sse4.1 sse4.2 ssse3 tdt x2apic
    Number of AVX-512 FMA units: 1 (For Intel, AVX2 is faster w/o 2 AVX-512 FMA units)
  Hardware topology: Only logical processor count
    CPU limit set by OS: -1   Recommended max number of threads: 4

The current CPU can measure timings more accurately than the code in
gmx mdrun was configured to use. This might affect your simulation
speed as accurate timings are needed for load-balancing.
Please consider rebuilding gmx mdrun with the GMX_USE_RDTSCP=ON CMake option.

++++ PLEASE READ AND CITE THE FOLLOWING REFERENCE ++++
M. J. Abraham, T. Murtola, R. Schulz, S. Páll, J. C. Smith, B. Hess, E.
Lindahl
GROMACS: High performance molecular simulations through multi-level
parallelism from laptops to supercomputers
SoftwareX (2015)
https://doi.org/10.1016/j.softx.2015.06.001
-------- -------- --- Thank You --- -------- --------


++++ PLEASE READ AND CITE THE FOLLOWING REFERENCE ++++
S. Páll, M. J. Abraham, C. Kutzner, B. Hess, E. Lindahl
Tackling Exascale Software Challenges in Molecular Dynamics Simulations with
GROMACS
In S. Markidis & E. Laure (Eds.), Solving Software Challenges for Exascale (2015)
https://doi.org/10.1007/978-3-319-15976-8_1
-------- -------- --- Thank You --- -------- --------


++++ PLEASE READ AND CITE THE FOLLOWING REFERENCE ++++
S. Pronk, S. Páll, R. Schulz, P. Larsson, P. Bjelkmar, R. Apostolov, M. R.
Shirts, J. C. Smith, P. M. Kasson, D. van der Spoel, B. Hess, E. Lindahl
GROMACS 4.5: a high-throughput and highly parallel open source molecular
simulation toolkit
Bioinformatics (2013)
https://doi.org/10.1093/bioinformatics/btt055
-------- -------- --- Thank You --- -------- --------


++++ PLEASE READ AND CITE THE FOLLOWING REFERENCE ++++
B. Hess, C. Kutzner, D. van der Spoel, E. Lindahl
GROMACS 4: Algorithms for highly efficient, load-balanced, and scalable
molecular simulation
J. Chem. Theory Comput. (2008)
https://doi.org/10.1021/ct700301q
-------- -------- --- Thank You --- -------- --------


++++ PLEASE READ AND CITE THE FOLLOWING REFERENCE ++++
D. van der Spoel, E. Lindahl, B. Hess, G. Groenhof, A. E. Mark, H. J. C.
Berendsen
GROMACS: Fast, Flexible and Free
J. Comp. Chem. (2005)
https://doi.org/10.1002/jcc.20291
-------- -------- --- Thank You --- -------- --------


++++ PLEASE READ AND CITE THE FOLLOWING REFERENCE ++++
E. Lindahl, B. Hess, D. van der Spoel
GROMACS 3.0: A package for molecular simulation and trajectory analysis
J. Mol. Mod. (2001)
https://doi.org/10.1007/s008940100045
-------- -------- --- Thank You --- -------- --------


++++ PLEASE READ AND CITE THE FOLLOWING REFERENCE ++++
H. J. C. Berendsen, D. van der Spoel and R. van Drunen
GROMACS: A message-passing parallel molecular dynamics implementation
Comp. Phys. Comm. (1995)
https://doi.org/10.1016/0010-4655(95)00042-E
-------- -------- --- Thank You --- -------- --------

Input Parameters:
   integrator                     = md
   tinit                          = 0
   dt                             = 0.002
   nsteps                         = 50000
   init-step                      = 0
   simulation-part                = 1
   mts                            = false
   mass-repartition-factor        = 1
   comm-mode                      = Linear
   nstcomm                        = 100
   bd-fric                        = 0
   ld-seed                        = -616906797
   emtol                          = 10
   emstep                         = 0.01
   niter                          = 20
   fcstep                         = 0
   nstcgsteep                     = 1000
   nbfgscorr                      = 10
   rtpi                           = 0.05
   nstxout                        = 2500
   nstvout                        = 2500
   nstfout                        = 0
   nstlog                         = 2500
   nstcalcenergy                  = 100
   nstenergy                      = 2500
   nstxout-compressed             = 0
   compressed-x-precision         = 1000
   cutoff-scheme                  = Verlet
   nstlist                        = 10
   pbc                            = xyz
   periodic-molecules             = false
   verlet-buffer-tolerance        = 0.005
   verlet-buffer-pressure-tolerance = 0.5
   rlist                          = 1.2
   coulombtype                    = PME
   coulomb-modifier               = Potential-shift
   rcoulomb-switch                = 0
   rcoulomb                       = 1.2
   epsilon-r                      = 1
   epsilon-rf                     = inf
   vdw-type                       = Cut-off
   vdw-modifier                   = Force-switch
   rvdw-switch                    = 1
   rvdw                           = 1.2
   DispCorr                       = No
   table-extension                = 1
   fourierspacing                 = 0.16
   fourier-nx                     = 60
   fourier-ny                     = 60
   fourier-nz                     = 60
   pme-order                      = 4
   ewald-rtol                     = 1e-05
   ewald-rtol-lj                  = 0.001
   lj-pme-comb-rule               = Geometric
   ewald-geometry                 = 3d
   epsilon-surface                = 0
   ensemble-temperature-setting   = constant
   ensemble-temperature           = 310
   tcoupl                         = V-rescale
   nsttcouple                     = 100
   nh-chain-length                = 0
   print-nose-hoover-chain-variables = false
   pcoupl                         = No
   refcoord-scaling               = No
   posres-com: not available
   posres-comB: not available
   QMMM                           = false
qm-opts:
   ngQM                           = 0
   constraint-algorithm           = Lincs
   continuation                   = false
   Shake-SOR                      = false
   shake-tol                      = 0.0001
   lincs-order                    = 4
   lincs-iter                     = 1
   lincs-warnangle                = 30
   nwall                          = 0
   wall-type                      = 9-3
   wall-r-linpot                  = -1
   wall-atomtype[0]               = -1
   wall-atomtype[1]               = -1
   wall-density[0]                = 0
   wall-density[1]                = 0
   wall-ewald-zfac                = 3
   pull                           = false
   awh                            = false
   rotation                       = false
   interactiveMD                  = false
   disre                          = No
   disre-weighting                = Conservative
   disre-mixed                    = false
   dr-fc                          = 1000
   dr-tau                         = 0
   nstdisreout                    = 100
   orire-fc                       = 0
   orire-tau                      = 0
   nstorireout                    = 100
   free-energy                    = no
   cos-acceleration               = 0
   deform (3x3):
      deform[    0]={ 0.00000e+00,  0.00000e+00,  0.00000e+00}
      deform[    1]={ 0.00000e+00,  0.00000e+00,  0.00000e+00}
      deform[    2]={ 0.00000e+00,  0.00000e+00,  0.00000e+00}
   simulated-tempering            = false
   swapcoords                     = no
   userint1                       = 0
   userint2                       = 0
   userint3                       = 0
   userint4                       = 0
   userreal1                      = 0
   userreal2                      = 0
   userreal3                      = 0
   userreal4                      = 0
   applied-forces:
     electric-field:
       x:
         E0                       = 0
         omega                    = 0
         t0                       = 0
         sigma                    = 0
       y:
         E0                       = 0
         omega                    = 0
         t0                       = 0
         sigma                    = 0
       z:
         E0                       = 0
         omega                    = 0
         t0                       = 0
         sigma                    = 0
     density-guided-simulation:
       active                     = false
       group                      = protein
       similarity-measure         = inner-product
       atom-spreading-weight      = unity
       force-constant             = 1e+09
       gaussian-transform-spreading-width = 0.2
       gaussian-transform-spreading-range-in-multiples-of-width = 4
       reference-density-filename = reference.mrc
       nst                        = 1
       normalize-densities        = true
       adaptive-force-scaling     = false
       adaptive-force-scaling-time-constant = 4
       shift-vector               = 
       transformation-matrix      = 
     qmmm-cp2k:
       active                     = false
       qmgroup                    = System
       qmmethod                   = PBE
       qmfilenames                = 
       qmcharge                   = 0
       qmmultiplicity             = 1
     colvars:
       active                     = false
       configfile                 = 
       seed                       = -1
     nnpot:
       active                     = false
       modelfile                  = model.pt
       input-group                = System
       link-type                  = H
       link-distance              = 0.1
       pair-cutoff                = 0
       embedding                  = mechanical
       nnp-charge                 = 0
       model-input1               = 
       model-input2               = 
       model-input3               = 
       model-input4               = 
       model-input5               = 
       model-input6               = 
       model-input7               = 
       model-input8               = 
       model-input9               = 
   fast-multipole-method:
     fmm:
       backend                    = inactive
       exafmm-order               = 6
       exafmm-direct-range        = 2
       exafmm-direct-provider     = GROMACS
       exafmm-tree-type           = uniform
       exafmm-tree-depth          = 0
       exafmm-max-particles-per-cell = 0
       fmsolvr-order              = 8
       fmsolvr-direct-range       = 1
       fmsolvr-direct-provider    = FMM
       fmsolvr-dipole-compensation = true
       fmsolvr-tree-depth         = 3
       fmsolvr-sparse             = false
grpopts:
   nrdf:      150582
   ref-t:         310
   tau-t:           1
annealing:          No
annealing-npoints:           0
   acc:	           0           0           0
   nfreeze:           N           N           N
   energygrp-flags[  0]: 0

Changing nstlist from 10 to 80, rlist from 1.2 to 1.322


Update groups can not be used for this system because atoms that are (in)directly constrained together are interdispersed with other atoms

Initializing Domain Decomposition on 1 ranks
Dynamic load balancing: auto
Minimum cell size due to atom displacement: 0.645 nm
Initial maximum distances in bonded interactions:
    two-body bonded interactions: 0.426 nm, LJ-14, atoms 4048 4056
  multi-body bonded interactions: 0.488 nm, CMAP Dih., atoms 4372 4388
Minimum cell size due to bonded interactions: 0.537 nm
Maximum distance for 5 constraints, at 120 deg. angles, all-trans: 0.222 nm
Estimated maximum distance required for P-LINCS: 0.222 nm
Using 0 separate PME ranks because: there are too few total ranks for efficient splitting
Optimizing the DD grid for 1 cells with a minimum initial size of 0.645 nm
The maximum allowed number of cells is: X 14 Y 14 Z 14
Domain decomposition grid 1 x 1 x 1, separate PME ranks 0
PME domain decomposition: 1 x 1 x 1

The initial number of communication pulses is:
The initial domain decomposition cell size is:

The maximum allowed distance for atoms involved in interactions is:
                 non-bonded interactions           1.322 nm
            two-body bonded interactions  (-rdd)   1.322 nm
          multi-body bonded interactions  (-rdd)   1.322 nm
  atoms separated by up to 5 constraints  (-rcon)  9.126 nm

When dynamic load balancing gets turned on, these settings will change to:
The maximum number of communication pulses is:
The minimum size for domain decomposition cells is 1.322 nm
The requested allowed shrink of DD cells (option -dds) is: 0.80
The allowed shrink of domain decomposition cells is:
The maximum allowed distance for atoms involved in interactions is:
                 non-bonded interactions           1.322 nm
            two-body bonded interactions  (-rdd)   1.322 nm
          multi-body bonded interactions  (-rdd)   1.322 nm
  atoms separated by up to 5 constraints  (-rcon)  1.322 nm

Local state does not use filler particles

Using 1 MPI thread
Using 4 OpenMP threads 

System total charge: -0.050
Will do PME sum in reciprocal space for electrostatic interactions.

++++ PLEASE READ AND CITE THE FOLLOWING REFERENCE ++++
U. Essmann, L. Perera, M. L. Berkowitz, T. Darden, H. Lee, L. G. Pedersen 
A smooth particle mesh Ewald method
J. Chem. Phys. (1995)
https://doi.org/10.1063/1.470117
-------- -------- --- Thank You --- -------- --------

Using a Gaussian width (1/beta) of 0.384195 nm for Ewald
Potential shift: LJ r^-12: -2.648e-01 r^-6: -5.349e-01, Ewald -8.333e-06
Initialized non-bonded Coulomb Ewald tables, spacing: 1.02e-03 size: 1176

Generated table with 1161 data points for 1-4 COUL.
Tabscale = 500 points/nm
Generated table with 1161 data points for 1-4 LJ6.
Tabscale = 500 points/nm
Generated table with 1161 data points for 1-4 LJ12.
Tabscale = 500 points/nm


Using SIMD4xM 4x8 nonbonded short-range kernels

Using a dual 4x8 pair-list setup updated with dynamic pruning:
  outer list: updated every 80 steps, buffer 0.122 nm, rlist 1.322 nm
  inner list: updated every 12 steps, buffer 0.000 nm, rlist 1.200 nm
At tolerance 0.005 kJ/mol/ps per atom, equivalent classical 1x1 list would be:
  outer list: updated every 80 steps, buffer 0.266 nm, rlist 1.466 nm
  inner list: updated every 12 steps, buffer 0.046 nm, rlist 1.246 nm

The average pressure is off by at most 0.18 bar due to missing LJ interactions
Removing pbc first time

Linking all bonded interactions to atoms


Initializing Parallel LINear Constraint Solver

++++ PLEASE READ AND CITE THE FOLLOWING REFERENCE ++++
B. Hess
P-LINCS: A Parallel Linear Constraint Solver for molecular simulation
J. Chem. Theory Comput. (2008)
https://doi.org/10.1021/ct700200b
-------- -------- --- Thank You --- -------- --------

The number of constraints is 2280
There are constraints between atoms in different decomposition domains,
will communicate selected coordinates each lincs iteration

++++ PLEASE READ AND CITE THE FOLLOWING REFERENCE ++++
S. Miyamoto, P. A. Kollman
SETTLE: An Analytical Version of the SHAKE and RATTLE Algorithms for Rigid
Water Models
J. Comp. Chem. (1992)
https://doi.org/10.1002/jcc.540130805
-------- -------- --- Thank You --- -------- --------


++++ PLEASE READ AND CITE THE FOLLOWING REFERENCE ++++
G. Bussi, D. Donadio, M. Parrinello
Canonical sampling through velocity rescaling
J. Chem. Phys. (2007)
https://doi.org/10.1063/1.2408420
-------- -------- --- Thank You --- -------- --------

There are: 74143 Atoms

Atom distribution over 1 domains: av 74143 stddev 0 min 74143 max 74143

Constraining the starting coordinates (step 0)

Constraining the coordinates at t0-dt (step 0)
Center of mass motion removal mode is Linear
We have the following groups for center of mass motion removal:
  0:  rest
RMS relative constraint deviation after constraining: 3.12e-06
Initial temperature: 310.383 K

Started mdrun on rank 0 Thu Apr 23 19:14:04 2026

           Step           Time
              0        0.00000

   Energies (kJ/mol)
           Bond            U-B    Proper Dih.  Improper Dih.      CMAP Dih.
    1.05970e+03    3.63750e+03    1.06084e+04    1.82881e+02   -8.03916e+02
          LJ-14     Coulomb-14        LJ (SR)   Coulomb (SR)   Coul. recip.
    2.64291e+03    6.10976e+04    1.10164e+05   -1.35758e+06    3.56797e+03
 Position Rest.      Potential    Kinetic En.   Total Energy  Conserved En.
    2.24277e-03   -1.16542e+06    1.94323e+05   -9.71100e+05   -9.71100e+05
    Temperature Pressure (bar)   Constr. rmsd
    3.10419e+02   -4.60244e+03    3.19347e-06

           Step           Time
           2500        5.00000

   Energies (kJ/mol)
           Bond            U-B    Proper Dih.  Improper Dih.      CMAP Dih.
    3.60283e+03    1.06645e+04    1.12709e+04    7.25687e+02   -6.42428e+02
          LJ-14     Coulomb-14        LJ (SR)   Coulomb (SR)   Coul. recip.
    3.00435e+03    6.09911e+04    9.84379e+04   -1.18020e+06    3.45707e+03
 Position Rest.      Potential    Kinetic En.   Total Energy  Conserved En.
    1.13404e+03   -9.87552e+05    1.79534e+05   -8.08018e+05   -9.69485e+05
    Temperature Pressure (bar)   Constr. rmsd
    2.86793e+02   -6.37554e+02    3.31879e-06

           Step           Time
           5000       10.00000

   Energies (kJ/mol)
           Bond            U-B    Proper Dih.  Improper Dih.      CMAP Dih.
    3.83827e+03    1.14003e+04    1.14052e+04    7.23592e+02   -6.35174e+02
          LJ-14     Coulomb-14        LJ (SR)   Coulomb (SR)   Coul. recip.
    3.17178e+03    6.05381e+04    9.22707e+04   -1.15315e+06    3.68087e+03
 Position Rest.      Potential    Kinetic En.   Total Energy  Conserved En.
    1.20511e+03   -9.65547e+05    1.90977e+05   -7.74570e+05   -9.69506e+05
    Temperature Pressure (bar)   Constr. rmsd
    3.05073e+02   -7.93219e+02    3.50280e-06

           Step           Time
           7500       15.00000

   Energies (kJ/mol)
           Bond            U-B    Proper Dih.  Improper Dih.      CMAP Dih.
    4.01692e+03    1.12298e+04    1.14865e+04    7.88091e+02   -6.82285e+02
          LJ-14     Coulomb-14        LJ (SR)   Coulomb (SR)   Coul. recip.
    3.03278e+03    6.06265e+04    9.27397e+04   -1.14965e+06    3.71636e+03
 Position Rest.      Potential    Kinetic En.   Total Energy  Conserved En.
    1.29388e+03   -9.61400e+05    1.94373e+05   -7.67026e+05   -9.69507e+05
    Temperature Pressure (bar)   Constr. rmsd
    3.10498e+02   -4.01983e+02    3.37715e-06

           Step           Time
          10000       20.00000

   Energies (kJ/mol)
           Bond            U-B    Proper Dih.  Improper Dih.      CMAP Dih.
    3.81348e+03    1.11119e+04    1.15024e+04    7.98788e+02   -6.06535e+02
          LJ-14     Coulomb-14        LJ (SR)   Coulomb (SR)   Coul. recip.
    3.16395e+03    6.09427e+04    9.05628e+04   -1.14714e+06    3.79638e+03
 Position Rest.      Potential    Kinetic En.   Total Energy  Conserved En.
    1.28640e+03   -9.60769e+05    1.94371e+05   -7.66398e+05   -9.69489e+05
    Temperature Pressure (bar)   Constr. rmsd
    3.10495e+02   -3.62284e+02    3.17479e-06

Writing checkpoint, step 10080 at Thu Apr 23 19:29:17 2026


           Step           Time
          12500       25.00000

   Energies (kJ/mol)
           Bond            U-B    Proper Dih.  Improper Dih.      CMAP Dih.
    3.74717e+03    1.11638e+04    1.13846e+04    7.28494e+02   -6.37631e+02
          LJ-14     Coulomb-14        LJ (SR)   Coulomb (SR)   Coul. recip.
    3.16332e+03    6.10317e+04    9.00678e+04   -1.14693e+06    3.71106e+03
 Position Rest.      Potential    Kinetic En.   Total Energy  Conserved En.
    1.24476e+03   -9.61327e+05    1.93567e+05   -7.67759e+05   -9.69482e+05
    Temperature Pressure (bar)   Constr. rmsd
    3.09211e+02   -5.04214e+02    3.27547e-06

           Step           Time
          15000       30.00000

   Energies (kJ/mol)
           Bond            U-B    Proper Dih.  Improper Dih.      CMAP Dih.
    3.92042e+03    1.09903e+04    1.12596e+04    7.02441e+02   -5.99439e+02
          LJ-14     Coulomb-14        LJ (SR)   Coulomb (SR)   Coul. recip.
    3.01521e+03    6.08056e+04    9.10610e+04   -1.14883e+06    3.66280e+03
 Position Rest.      Potential    Kinetic En.   Total Energy  Conserved En.
    1.21760e+03   -9.62795e+05    1.94333e+05   -7.68462e+05   -9.69460e+05
    Temperature Pressure (bar)   Constr. rmsd
    3.10434e+02   -5.75157e+02    3.31233e-06

           Step           Time
          17500       35.00000

   Energies (kJ/mol)
           Bond            U-B    Proper Dih.  Improper Dih.      CMAP Dih.
    3.89097e+03    1.09787e+04    1.14254e+04    6.93421e+02   -6.67364e+02
          LJ-14     Coulomb-14        LJ (SR)   Coulomb (SR)   Coul. recip.
    3.10258e+03    6.11598e+04    9.08749e+04   -1.14715e+06    3.65743e+03
 Position Rest.      Potential    Kinetic En.   Total Energy  Conserved En.
    1.15203e+03   -9.60887e+05    1.93960e+05   -7.66927e+05   -9.69432e+05
    Temperature Pressure (bar)   Constr. rmsd
    3.09838e+02   -4.00863e+02    3.19258e-06

Writing checkpoint, step 19280 at Thu Apr 23 19:46:13 2026


           Step           Time
          20000       40.00000

   Energies (kJ/mol)
           Bond            U-B    Proper Dih.  Improper Dih.      CMAP Dih.
    3.73402e+03    1.10740e+04    1.13308e+04    7.04900e+02   -6.15298e+02
          LJ-14     Coulomb-14        LJ (SR)   Coulomb (SR)   Coul. recip.
    2.94076e+03    6.09688e+04    9.14537e+04   -1.14731e+06    3.71648e+03
 Position Rest.      Potential    Kinetic En.   Total Energy  Conserved En.
    1.29526e+03   -9.60702e+05    1.95051e+05   -7.65651e+05   -9.69443e+05
    Temperature Pressure (bar)   Constr. rmsd
    3.11582e+02   -4.75769e+02    3.47168e-06

           Step           Time
          22500       45.00000

   Energies (kJ/mol)
           Bond            U-B    Proper Dih.  Improper Dih.      CMAP Dih.
    3.72952e+03    1.09184e+04    1.12743e+04    7.48982e+02   -6.32576e+02
          LJ-14     Coulomb-14        LJ (SR)   Coulomb (SR)   Coul. recip.
    3.12720e+03    6.08328e+04    8.95571e+04   -1.14478e+06    3.66464e+03
 Position Rest.      Potential    Kinetic En.   Total Energy  Conserved En.
    1.14550e+03   -9.60415e+05    1.94970e+05   -7.65445e+05   -9.69386e+05
    Temperature Pressure (bar)   Constr. rmsd
    3.11452e+02   -5.90654e+02    3.35193e-06

           Step           Time
          25000       50.00000

   Energies (kJ/mol)
           Bond            U-B    Proper Dih.  Improper Dih.      CMAP Dih.
    3.75948e+03    1.08467e+04    1.14187e+04    7.85497e+02   -6.28153e+02
          LJ-14     Coulomb-14        LJ (SR)   Coulomb (SR)   Coul. recip.
    3.11529e+03    6.10481e+04    8.96443e+04   -1.14601e+06    3.61078e+03
 Position Rest.      Potential    Kinetic En.   Total Energy  Conserved En.
    1.17220e+03   -9.61235e+05    1.94452e+05   -7.66782e+05   -9.69366e+05
    Temperature Pressure (bar)   Constr. rmsd
    3.10625e+02   -6.09577e+02    3.22650e-06

           Step           Time
          27500       55.00000

   Energies (kJ/mol)
           Bond            U-B    Proper Dih.  Improper Dih.      CMAP Dih.
    3.73130e+03    1.08583e+04    1.13621e+04    6.56779e+02   -5.85963e+02
          LJ-14     Coulomb-14        LJ (SR)   Coulomb (SR)   Coul. recip.
    3.06582e+03    6.10847e+04    9.10301e+04   -1.14538e+06    3.72754e+03
 Position Rest.      Potential    Kinetic En.   Total Energy  Conserved En.
    1.13637e+03   -9.59312e+05    1.94174e+05   -7.65138e+05   -9.69374e+05
    Temperature Pressure (bar)   Constr. rmsd
    3.10180e+02   -5.35005e+02    3.47913e-06

Writing checkpoint, step 28160 at Thu Apr 23 19:59:16 2026


Writing checkpoint, step 29680 at Thu Apr 23 20:14:47 2026


           Step           Time
          30000       60.00000

   Energies (kJ/mol)
           Bond            U-B    Proper Dih.  Improper Dih.      CMAP Dih.
    4.08047e+03    1.08892e+04    1.12905e+04    7.60000e+02   -5.60142e+02
          LJ-14     Coulomb-14        LJ (SR)   Coulomb (SR)   Coul. recip.
    3.02832e+03    6.09337e+04    8.99537e+04   -1.14469e+06    3.65856e+03
 Position Rest.      Potential    Kinetic En.   Total Energy  Conserved En.
    1.23445e+03   -9.59420e+05    1.93521e+05   -7.65900e+05   -9.69327e+05
    Temperature Pressure (bar)   Constr. rmsd
    3.09136e+02   -8.04668e+02    3.18650e-06

           Step           Time
          32500       65.00000

   Energies (kJ/mol)
           Bond            U-B    Proper Dih.  Improper Dih.      CMAP Dih.
    3.68394e+03    1.07684e+04    1.13630e+04    7.36756e+02   -5.56352e+02
          LJ-14     Coulomb-14        LJ (SR)   Coulomb (SR)   Coul. recip.
    2.99704e+03    6.12478e+04    9.03580e+04   -1.14567e+06    3.81281e+03
 Position Rest.      Potential    Kinetic En.   Total Energy  Conserved En.
    1.17385e+03   -9.60085e+05    1.95059e+05   -7.65026e+05   -9.69333e+05
    Temperature Pressure (bar)   Constr. rmsd
    3.11594e+02   -6.61677e+02    3.19213e-06

           Step           Time
          35000       70.00000

   Energies (kJ/mol)
           Bond            U-B    Proper Dih.  Improper Dih.      CMAP Dih.
    3.68330e+03    1.08654e+04    1.13657e+04    7.65713e+02   -6.24341e+02
          LJ-14     Coulomb-14        LJ (SR)   Coulomb (SR)   Coul. recip.
    2.95165e+03    6.09883e+04    9.19518e+04   -1.14570e+06    3.77680e+03
 Position Rest.      Potential    Kinetic En.   Total Energy  Conserved En.
    1.18494e+03   -9.58789e+05    1.93834e+05   -7.64955e+05   -9.69285e+05
    Temperature Pressure (bar)   Constr. rmsd
    3.09636e+02   -5.51476e+02    3.38400e-06

           Step           Time
          37500       75.00000

   Energies (kJ/mol)
           Bond            U-B    Proper Dih.  Improper Dih.      CMAP Dih.
    3.78972e+03    1.10029e+04    1.14764e+04    7.24633e+02   -6.33441e+02
          LJ-14     Coulomb-14        LJ (SR)   Coulomb (SR)   Coul. recip.
    3.03680e+03    6.07870e+04    9.01891e+04   -1.14587e+06    3.75369e+03
 Position Rest.      Potential    Kinetic En.   Total Energy  Conserved En.
    1.18940e+03   -9.60554e+05    1.94021e+05   -7.66533e+05   -9.69267e+05
    Temperature Pressure (bar)   Constr. rmsd
    3.09936e+02   -4.22628e+02    3.39582e-06

Writing checkpoint, step 37680 at Thu Apr 23 20:29:19 2026


Writing checkpoint, step 38160 at Thu Apr 23 20:52:18 2026


           Step           Time
          40000       80.00000

   Energies (kJ/mol)
           Bond            U-B    Proper Dih.  Improper Dih.      CMAP Dih.
    3.76396e+03    1.09601e+04    1.14245e+04    6.94893e+02   -6.11008e+02
          LJ-14     Coulomb-14        LJ (SR)   Coulomb (SR)   Coul. recip.
    3.08026e+03    6.12716e+04    8.98692e+04   -1.14539e+06    3.70053e+03
 Position Rest.      Potential    Kinetic En.   Total Energy  Conserved En.
    1.28246e+03   -9.59958e+05    1.94498e+05   -7.65460e+05   -9.69249e+05
    Temperature Pressure (bar)   Constr. rmsd
    3.10697e+02   -5.63209e+02    3.05877e-06

           Step           Time
          42500       85.00000

   Energies (kJ/mol)
           Bond            U-B    Proper Dih.  Improper Dih.      CMAP Dih.
    3.65130e+03    1.10253e+04    1.14997e+04    7.50040e+02   -7.11390e+02
          LJ-14     Coulomb-14        LJ (SR)   Coulomb (SR)   Coul. recip.
    3.06216e+03    6.12702e+04    9.23950e+04   -1.14714e+06    3.65109e+03
 Position Rest.      Potential    Kinetic En.   Total Energy  Conserved En.
    1.23495e+03   -9.59313e+05    1.93458e+05   -7.65855e+05   -9.69202e+05
    Temperature Pressure (bar)   Constr. rmsd
    3.09037e+02   -5.06395e+02    3.39334e-06

Writing checkpoint, step 42880 at Thu Apr 23 20:59:11 2026


           Step           Time
          45000       90.00000

   Energies (kJ/mol)
           Bond            U-B    Proper Dih.  Improper Dih.      CMAP Dih.
    3.73513e+03    1.11212e+04    1.13448e+04    6.73923e+02   -6.17170e+02
          LJ-14     Coulomb-14        LJ (SR)   Coulomb (SR)   Coul. recip.
    3.07956e+03    6.09904e+04    9.08581e+04   -1.14643e+06    3.75088e+03
 Position Rest.      Potential    Kinetic En.   Total Energy  Conserved En.
    1.19655e+03   -9.60298e+05    1.94165e+05   -7.66132e+05   -9.69213e+05
    Temperature Pressure (bar)   Constr. rmsd
    3.10166e+02   -4.33720e+02    3.29717e-06

Writing checkpoint, step 46480 at Thu Apr 23 21:17:21 2026


           Step           Time
          47500       95.00000

   Energies (kJ/mol)
           Bond            U-B    Proper Dih.  Improper Dih.      CMAP Dih.
    4.04563e+03    1.10878e+04    1.12334e+04    7.15177e+02   -6.24519e+02
          LJ-14     Coulomb-14        LJ (SR)   Coulomb (SR)   Coul. recip.
    2.94735e+03    6.07295e+04    9.17250e+04   -1.14883e+06    3.69949e+03
 Position Rest.      Potential    Kinetic En.   Total Energy  Conserved En.
    1.16964e+03   -9.62099e+05    1.93315e+05   -7.68784e+05   -9.69170e+05
    Temperature Pressure (bar)   Constr. rmsd
    3.08807e+02   -5.80044e+02    3.29248e-06

           Step           Time
          50000      100.00000

Writing checkpoint, step 50000 at Thu Apr 23 21:22:25 2026


   Energies (kJ/mol)
           Bond            U-B    Proper Dih.  Improper Dih.      CMAP Dih.
    3.69686e+03    1.10351e+04    1.13038e+04    7.31799e+02   -6.72855e+02
          LJ-14     Coulomb-14        LJ (SR)   Coulomb (SR)   Coul. recip.
    3.11435e+03    6.09687e+04    9.00977e+04   -1.14507e+06    3.79784e+03
 Position Rest.      Potential    Kinetic En.   Total Energy  Conserved En.
    1.25915e+03   -9.59736e+05    1.93827e+05   -7.65910e+05   -9.69175e+05
    Temperature Pressure (bar)   Constr. rmsd
    3.09625e+02   -4.79885e+02    3.17032e-06


Energy conservation over simulation part #1 of length 100 ps, time 0 to 100 ps
  Conserved energy drift: 2.60e-04 kJ/mol/ps per atom


	<======  ###############  ==>
	<====  A V E R A G E S  ====>
	<==  ###############  ======>

	Statistics over 50001 steps using 501 frames

   Energies (kJ/mol)
           Bond            U-B    Proper Dih.  Improper Dih.      CMAP Dih.
    3.76599e+03    1.09017e+04    1.13710e+04    7.15611e+02   -6.34932e+02
          LJ-14     Coulomb-14        LJ (SR)   Coulomb (SR)   Coul. recip.
    3.06623e+03    6.10052e+04    9.16777e+04   -1.15151e+06    3.66811e+03
 Position Rest.      Potential    Kinetic En.   Total Energy  Conserved En.
    1.20343e+03   -9.64774e+05    1.91854e+05   -7.72921e+05   -9.69366e+05
    Temperature Pressure (bar)   Constr. rmsd
    3.06473e+02   -6.24720e+02    0.00000e+00

   Total Virial (kJ/mol)
    7.80849e+04    5.01680e+02   -5.99029e+02
    5.01138e+02    7.85104e+04    4.02137e+02
   -5.99075e+02    4.02134e+02    7.81470e+04

   Pressure (bar)
   -6.15878e+02   -1.98464e+01    2.64390e+01
   -1.98227e+01   -6.37909e+02   -1.84256e+01
    2.64410e+01   -1.84255e+01   -6.20373e+02


       P P   -   P M E   L O A D   B A L A N C I N G

 PP/PME load balancing changed the cut-off and PME settings:
           particle-particle                    PME
            rcoulomb  rlist            grid      spacing   1/beta
   initial  1.200 nm  1.200 nm      60  60  60   0.152 nm  0.384 nm
   final    1.200 nm  1.200 nm      60  60  60   0.152 nm  0.384 nm
 cost-ratio           1.00             1.00
 (note that these numbers concern only part of the total PP and PME load)


	M E G A - F L O P S   A C C O U N T I N G

 NB=Group-cutoff nonbonded kernels    NxN=N-by-N cluster Verlet kernels
 RF=Reaction-Field  VdW=Van der Waals  QSTab=quadratic-spline table
 W3=SPC/TIP3p  W4=TIP4p (single or pairs)
 V&F=Potential and force  V=Potential only  F=Force only

 Computing:                               M-Number         M-Flops  % Flops
-----------------------------------------------------------------------------
 Pair Search distance check           24944.243286      224498.190     0.1
 NxN Ewald Elec. + LJ [F]           3176181.061024   247742122.760    95.2
 NxN Ewald Elec. + LJ [V&F]           32146.511296     4146899.957     1.6
 NxN Ewald Elec. [F]                  24036.740256     1466241.156     0.6
 NxN Ewald Elec. [V&F]                  243.232768       20431.553     0.0
 1,4 nonbonded interactions             595.361907       53582.572     0.0
 Calc Weights                         11121.672429      400380.207     0.2
 Spread Q Bspline                    237262.345152      474524.690     0.2
 Gather F Bspline                    237262.345152     1423574.071     0.5
 3D-FFT                              382774.155330     3062193.243     1.2
 Solve PME                             5580.111600      357127.142     0.1
 Reset In Box                            46.413518         139.241     0.0
 CG-CoM                                  46.487661         139.463     0.0
 Bonds                                  115.052301        6788.086     0.0
 Propers                                569.511390      130418.108     0.1
 Impropers                               39.200784        8153.763     0.0
 Pos. Restr.                            114.002280        5700.114     0.0
 Virial                                  37.168188         669.027     0.0
 Stop-CM                                 37.219786         372.198     0.0
 Calc-Ekin                               74.291286        2005.865     0.0
 Lincs                                  114.006840        6840.410     0.0
 Lincs-Mat                              662.439744        2649.759     0.0
 Constraint-V                          3706.348248       33357.134     0.0
 Constraint-Vir                          35.993844         863.852     0.0
 Settle                                1159.469564      429003.739     0.2
 CMAP                                    15.250305       25925.518     0.0
 Urey-Bradley                           415.658313       76065.471     0.0
-----------------------------------------------------------------------------
 Total                                               260100667.289   100.0
-----------------------------------------------------------------------------


    D O M A I N   D E C O M P O S I T I O N   S T A T I S T I C S

 av. #atoms communicated per step for force:  2 x 0.0
 av. #atoms communicated per step for LINCS:  2 x 0.0


      R E A L   C Y C L E   A N D   T I M E   A C C O U N T I N G

On 1 MPI rank, each using 4 OpenMP threads

 Activity:              Num   Num      Call    Wall time         Giga-Cycles
                        Ranks Threads  Count      (s)         total sum    %
--------------------------------------------------------------------------------
 Domain decomp.            1    4        626       8.403         37.429   0.1
 Neighbor search           1    4        626      43.925        195.655   0.6
 Force                     1    4      50001    7189.212      32022.677  93.4
 PME mesh                  1    4      50001     364.333       1622.835   4.7
 NB X/F buffer ops.        1    4     100002      33.710        150.153   0.4
 Write traj.               1    4         29       3.090         13.765   0.0
 Update                    1    4      50001      21.346         95.080   0.3
 Constraints               1    4      50003      35.301        157.240   0.5
 Kinetic energy            1    4       1001       0.220          0.980   0.0
 Rest                                              1.691          7.533   0.0
--------------------------------------------------------------------------------
 Total                                          7701.231      34303.348 100.0
--------------------------------------------------------------------------------
 Breakdown of PME mesh activities
--------------------------------------------------------------------------------
 PME spread                1    4      50001     146.672        653.317   1.9
 PME gather                1    4      50001     113.871        507.212   1.5
 PME 3D-FFT                1    4     100002      95.810        426.765   1.2
 PME solve Elec            1    4      50001       7.692         34.261   0.1
--------------------------------------------------------------------------------

               Core t (s)   Wall t (s)        (%)
       Time:    30804.894     7701.231      400.0
                         2h08:21
                 (ns/day)    (hour/ns)    (ms/step)  (Matom*steps/s) 
Performance:        1.122       21.392      154.022            0.481 
Finished mdrun on rank 0 Thu Apr 23 21:22:26 2026

